{"meta": {"format": 3, "version": "7.13.0", "timestamp": "2025-12-24T20:05:11.473123", "branch_coverage": true, "show_contexts": false}, "files": {"app/__init__.py": {"executed_lines": [1, 3, 4], "summary": {"covered_lines": 2, "num_statements": 2, "percent_covered": 100.0, "percent_covered_display": "100", "missing_lines": 0, "excluded_lines": 0, "percent_statements_covered": 100.0, "percent_statements_covered_display": "100", "num_branches": 0, "num_partial_branches": 0, "covered_branches": 0, "missing_branches": 0, "percent_branches_covered": 100.0, "percent_branches_covered_display": "100"}, "missing_lines": [], "excluded_lines": [], "executed_branches": [], "missing_branches": [], "functions": {"": {"executed_lines": [1, 3, 4], "summary": {"covered_lines": 2, "num_statements": 2, "percent_covered": 100.0, "percent_covered_display": "100", "missing_lines": 0, "excluded_lines": 0, "percent_statements_covered": 100.0, "percent_statements_covered_display": "100", "num_branches": 0, "num_partial_branches": 0, "covered_branches": 0, "missing_branches": 0, "percent_branches_covered": 100.0, "percent_branches_covered_display": "100"}, "missing_lines": [], "excluded_lines": [], "executed_branches": [], "missing_branches": []}}, "classes": {"": {"executed_lines": [1, 3, 4], "summary": {"covered_lines": 2, "num_statements": 2, "percent_covered": 100.0, "percent_covered_display": "100", "missing_lines": 0, "excluded_lines": 0, "percent_statements_covered": 100.0, "percent_statements_covered_display": "100", "num_branches": 0, "num_partial_branches": 0, "covered_branches": 0, "missing_branches": 0, "percent_branches_covered": 100.0, "percent_branches_covered_display": "100"}, "missing_lines": [], "excluded_lines": [], "executed_branches": [], "missing_branches": []}}}, "app/api/__init__.py": {"executed_lines": [1, 3, 5, 7, 9, 10, 11, 12, 13, 14, 15, 18], "summary": {"covered_lines": 11, "num_statements": 11, "percent_covered": 100.0, "percent_covered_display": "100", "missing_lines": 0, "excluded_lines": 0, "percent_statements_covered": 100.0, "percent_statements_covered_display": "100", "num_branches": 0, "num_partial_branches": 0, "covered_branches": 0, "missing_branches": 0, "percent_branches_covered": 100.0, "percent_branches_covered_display": "100"}, "missing_lines": [], "excluded_lines": [], "executed_branches": [], "missing_branches": [], "functions": {"": {"executed_lines": [1, 3, 5, 7, 9, 10, 11, 12, 13, 14, 15, 18], "summary": {"covered_lines": 11, "num_statements": 11, "percent_covered": 100.0, "percent_covered_display": "100", "missing_lines": 0, "excluded_lines": 0, "percent_statements_covered": 100.0, "percent_statements_covered_display": "100", "num_branches": 0, "num_partial_branches": 0, "covered_branches": 0, "missing_branches": 0, "percent_branches_covered": 100.0, "percent_branches_covered_display": "100"}, "missing_lines": [], "excluded_lines": [], "executed_branches": [], "missing_branches": []}}, "classes": {"": {"executed_lines": [1, 3, 5, 7, 9, 10, 11, 12, 13, 14, 15, 18], "summary": {"covered_lines": 11, "num_statements": 11, "percent_covered": 100.0, "percent_covered_display": "100", "missing_lines": 0, "excluded_lines": 0, "percent_statements_covered": 100.0, "percent_statements_covered_display": "100", "num_branches": 0, "num_partial_branches": 0, "covered_branches": 0, "missing_branches": 0, "percent_branches_covered": 100.0, "percent_branches_covered_display": "100"}, "missing_lines": [], "excluded_lines": [], "executed_branches": [], "missing_branches": []}}}, "app/api/admin.py": {"executed_lines": [1, 3, 5, 6, 7, 8, 10, 11, 12, 13, 15, 18, 19, 55, 56, 58, 61, 62, 64, 65, 66, 69, 70, 96, 97], "summary": {"covered_lines": 22, "num_statements": 45, "percent_covered": 41.509433962264154, "percent_covered_display": "42", "missing_lines": 23, "excluded_lines": 0, "percent_statements_covered": 48.888888888888886, "percent_statements_covered_display": "49", "num_branches": 8, "num_partial_branches": 0, "covered_branches": 0, "missing_branches": 8, "percent_branches_covered": 0.0, "percent_branches_covered_display": "0"}, "missing_lines": [25, 35, 36, 37, 38, 39, 52, 77, 78, 80, 81, 86, 87, 89, 104, 105, 111, 112, 114, 115, 121, 122, 124], "excluded_lines": [], "executed_branches": [], "missing_branches": [[36, 37], [36, 52], [80, 81], [80, 86], [104, 105], [104, 111], [114, 115], [114, 121]], "functions": {"list_users": {"executed_lines": [], "summary": {"covered_lines": 0, "num_statements": 7, "percent_covered": 0.0, "percent_covered_display": "0", "missing_lines": 7, "excluded_lines": 0, "percent_statements_covered": 0.0, "percent_statements_covered_display": "0", "num_branches": 2, "num_partial_branches": 0, "covered_branches": 0, "missing_branches": 2, "percent_branches_covered": 0.0, "percent_branches_covered_display": "0"}, "missing_lines": [25, 35, 36, 37, 38, 39, 52], "excluded_lines": [], "executed_branches": [], "missing_branches": [[36, 37], [36, 52]]}, "update_spend_limit": {"executed_lines": [], "summary": {"covered_lines": 0, "num_statements": 7, "percent_covered": 0.0, "percent_covered_display": "0", "missing_lines": 7, "excluded_lines": 0, "percent_statements_covered": 0.0, "percent_statements_covered_display": "0", "num_branches": 2, "num_partial_branches": 0, "covered_branches": 0, "missing_branches": 2, "percent_branches_covered": 0.0, "percent_branches_covered_display": "0"}, "missing_lines": [77, 78, 80, 81, 86, 87, 89], "excluded_lines": [], "executed_branches": [], "missing_branches": [[80, 81], [80, 86]]}, "delete_user": {"executed_lines": [], "summary": {"covered_lines": 0, "num_statements": 9, "percent_covered": 0.0, "percent_covered_display": "0", "missing_lines": 9, "excluded_lines": 0, "percent_statements_covered": 0.0, "percent_statements_covered_display": "0", "num_branches": 4, "num_partial_branches": 0, "covered_branches": 0, "missing_branches": 4, "percent_branches_covered": 0.0, "percent_branches_covered_display": "0"}, "missing_lines": [104, 105, 111, 112, 114, 115, 121, 122, 124], "excluded_lines": [], "executed_branches": [], "missing_branches": [[104, 105], [104, 111], [114, 115], [114, 121]]}, "": {"executed_lines": [1, 3, 5, 6, 7, 8, 10, 11, 12, 13, 15, 18, 19, 55, 56, 58, 61, 62, 64, 65, 66, 69, 70, 96, 97], "summary": {"covered_lines": 22, "num_statements": 22, "percent_covered": 100.0, "percent_covered_display": "100", "missing_lines": 0, "excluded_lines": 0, "percent_statements_covered": 100.0, "percent_statements_covered_display": "100", "num_branches": 0, "num_partial_branches": 0, "covered_branches": 0, "missing_branches": 0, "percent_branches_covered": 100.0, "percent_branches_covered_display": "100"}, "missing_lines": [], "excluded_lines": [], "executed_branches": [], "missing_branches": []}}, "classes": {"UpdateSpendLimitRequest": {"executed_lines": [], "summary": {"covered_lines": 0, "num_statements": 0, "percent_covered": 100.0, "percent_covered_display": "100", "missing_lines": 0, "excluded_lines": 0, "percent_statements_covered": 100.0, "percent_statements_covered_display": "100", "num_branches": 0, "num_partial_branches": 0, "covered_branches": 0, "missing_branches": 0, "percent_branches_covered": 100.0, "percent_branches_covered_display": "100"}, "missing_lines": [], "excluded_lines": [], "executed_branches": [], "missing_branches": []}, "UpdateSpendLimitResponse": {"executed_lines": [], "summary": {"covered_lines": 0, "num_statements": 0, "percent_covered": 100.0, "percent_covered_display": "100", "missing_lines": 0, "excluded_lines": 0, "percent_statements_covered": 100.0, "percent_statements_covered_display": "100", "num_branches": 0, "num_partial_branches": 0, "covered_branches": 0, "missing_branches": 0, "percent_branches_covered": 100.0, "percent_branches_covered_display": "100"}, "missing_lines": [], "excluded_lines": [], "executed_branches": [], "missing_branches": []}, "": {"executed_lines": [1, 3, 5, 6, 7, 8, 10, 11, 12, 13, 15, 18, 19, 55, 56, 58, 61, 62, 64, 65, 66, 69, 70, 96, 97], "summary": {"covered_lines": 22, "num_statements": 45, "percent_covered": 41.509433962264154, "percent_covered_display": "42", "missing_lines": 23, "excluded_lines": 0, "percent_statements_covered": 48.888888888888886, "percent_statements_covered_display": "49", "num_branches": 8, "num_partial_branches": 0, "covered_branches": 0, "missing_branches": 8, "percent_branches_covered": 0.0, "percent_branches_covered_display": "0"}, "missing_lines": [25, 35, 36, 37, 38, 39, 52, 77, 78, 80, 81, 86, 87, 89, 104, 105, 111, 112, 114, 115, 121, 122, 124], "excluded_lines": [], "executed_branches": [], "missing_branches": [[36, 37], [36, 52], [80, 81], [80, 86], [104, 105], [104, 111], [114, 115], [114, 121]]}}}, "app/api/auth.py": {"executed_lines": [1, 3, 5, 6, 7, 8, 10, 16, 17, 18, 20, 21, 24, 47, 60, 72, 73, 120, 121, 163, 164, 179, 180], "summary": {"covered_lines": 22, "num_statements": 67, "percent_covered": 26.50602409638554, "percent_covered_display": "27", "missing_lines": 45, "excluded_lines": 0, "percent_statements_covered": 32.83582089552239, "percent_statements_covered_display": "33", "num_branches": 16, "num_partial_branches": 0, "covered_branches": 0, "missing_branches": 16, "percent_branches_covered": 0.0, "percent_branches_covered_display": "0"}, "missing_lines": [32, 33, 35, 36, 37, 39, 40, 41, 43, 44, 51, 52, 57, 64, 65, 69, 79, 80, 81, 82, 88, 89, 94, 95, 98, 99, 100, 101, 104, 106, 127, 128, 130, 131, 137, 138, 140, 141, 142, 143, 144, 147, 149, 168, 186], "excluded_lines": [], "executed_branches": [], "missing_branches": [[32, 33], [32, 35], [36, 37], [36, 39], [40, 41], [40, 43], [51, 52], [51, 57], [64, 65], [64, 69], [81, 82], [81, 88], [130, 131], [130, 137], [140, 141], [140, 147]], "functions": {"get_current_user": {"executed_lines": [], "summary": {"covered_lines": 0, "num_statements": 10, "percent_covered": 0.0, "percent_covered_display": "0", "missing_lines": 10, "excluded_lines": 0, "percent_statements_covered": 0.0, "percent_statements_covered_display": "0", "num_branches": 6, "num_partial_branches": 0, "covered_branches": 0, "missing_branches": 6, "percent_branches_covered": 0.0, "percent_branches_covered_display": "0"}, "missing_lines": [32, 33, 35, 36, 37, 39, 40, 41, 43, 44], "excluded_lines": [], "executed_branches": [], "missing_branches": [[32, 33], [32, 35], [36, 37], [36, 39], [40, 41], [40, 43]]}, "require_user": {"executed_lines": [], "summary": {"covered_lines": 0, "num_statements": 3, "percent_covered": 0.0, "percent_covered_display": "0", "missing_lines": 3, "excluded_lines": 0, "percent_statements_covered": 0.0, "percent_statements_covered_display": "0", "num_branches": 2, "num_partial_branches": 0, "covered_branches": 0, "missing_branches": 2, "percent_branches_covered": 0.0, "percent_branches_covered_display": "0"}, "missing_lines": [51, 52, 57], "excluded_lines": [], "executed_branches": [], "missing_branches": [[51, 52], [51, 57]]}, "require_admin": {"executed_lines": [], "summary": {"covered_lines": 0, "num_statements": 3, "percent_covered": 0.0, "percent_covered_display": "0", "missing_lines": 3, "excluded_lines": 0, "percent_statements_covered": 0.0, "percent_statements_covered_display": "0", "num_branches": 2, "num_partial_branches": 0, "covered_branches": 0, "missing_branches": 2, "percent_branches_covered": 0.0, "percent_branches_covered_display": "0"}, "missing_lines": [64, 65, 69], "excluded_lines": [], "executed_branches": [], "missing_branches": [[64, 65], [64, 69]]}, "register": {"executed_lines": [], "summary": {"covered_lines": 0, "num_statements": 14, "percent_covered": 0.0, "percent_covered_display": "0", "missing_lines": 14, "excluded_lines": 0, "percent_statements_covered": 0.0, "percent_statements_covered_display": "0", "num_branches": 2, "num_partial_branches": 0, "covered_branches": 0, "missing_branches": 2, "percent_branches_covered": 0.0, "percent_branches_covered_display": "0"}, "missing_lines": [79, 80, 81, 82, 88, 89, 94, 95, 98, 99, 100, 101, 104, 106], "excluded_lines": [], "executed_branches": [], "missing_branches": [[81, 82], [81, 88]]}, "login": {"executed_lines": [], "summary": {"covered_lines": 0, "num_statements": 13, "percent_covered": 0.0, "percent_covered_display": "0", "missing_lines": 13, "excluded_lines": 0, "percent_statements_covered": 0.0, "percent_statements_covered_display": "0", "num_branches": 4, "num_partial_branches": 0, "covered_branches": 0, "missing_branches": 4, "percent_branches_covered": 0.0, "percent_branches_covered_display": "0"}, "missing_lines": [127, 128, 130, 131, 137, 138, 140, 141, 142, 143, 144, 147, 149], "excluded_lines": [], "executed_branches": [], "missing_branches": [[130, 131], [130, 137], [140, 141], [140, 147]]}, "get_me": {"executed_lines": [], "summary": {"covered_lines": 0, "num_statements": 1, "percent_covered": 0.0, "percent_covered_display": "0", "missing_lines": 1, "excluded_lines": 0, "percent_statements_covered": 0.0, "percent_statements_covered_display": "0", "num_branches": 0, "num_partial_branches": 0, "covered_branches": 0, "missing_branches": 0, "percent_branches_covered": 100.0, "percent_branches_covered_display": "100"}, "missing_lines": [168], "excluded_lines": [], "executed_branches": [], "missing_branches": []}, "logout": {"executed_lines": [], "summary": {"covered_lines": 0, "num_statements": 1, "percent_covered": 0.0, "percent_covered_display": "0", "missing_lines": 1, "excluded_lines": 0, "percent_statements_covered": 0.0, "percent_statements_covered_display": "0", "num_branches": 0, "num_partial_branches": 0, "covered_branches": 0, "missing_branches": 0, "percent_branches_covered": 100.0, "percent_branches_covered_display": "100"}, "missing_lines": [186], "excluded_lines": [], "executed_branches": [], "missing_branches": []}, "": {"executed_lines": [1, 3, 5, 6, 7, 8, 10, 16, 17, 18, 20, 21, 24, 47, 60, 72, 73, 120, 121, 163, 164, 179, 180], "summary": {"covered_lines": 22, "num_statements": 22, "percent_covered": 100.0, "percent_covered_display": "100", "missing_lines": 0, "excluded_lines": 0, "percent_statements_covered": 100.0, "percent_statements_covered_display": "100", "num_branches": 0, "num_partial_branches": 0, "covered_branches": 0, "missing_branches": 0, "percent_branches_covered": 100.0, "percent_branches_covered_display": "100"}, "missing_lines": [], "excluded_lines": [], "executed_branches": [], "missing_branches": []}}, "classes": {"": {"executed_lines": [1, 3, 5, 6, 7, 8, 10, 16, 17, 18, 20, 21, 24, 47, 60, 72, 73, 120, 121, 163, 164, 179, 180], "summary": {"covered_lines": 22, "num_statements": 67, "percent_covered": 26.50602409638554, "percent_covered_display": "27", "missing_lines": 45, "excluded_lines": 0, "percent_statements_covered": 32.83582089552239, "percent_statements_covered_display": "33", "num_branches": 16, "num_partial_branches": 0, "covered_branches": 0, "missing_branches": 16, "percent_branches_covered": 0.0, "percent_branches_covered_display": "0"}, "missing_lines": [32, 33, 35, 36, 37, 39, 40, 41, 43, 44, 51, 52, 57, 64, 65, 69, 79, 80, 81, 82, 88, 89, 94, 95, 98, 99, 100, 101, 104, 106, 127, 128, 130, 131, 137, 138, 140, 141, 142, 143, 144, 147, 149, 168, 186], "excluded_lines": [], "executed_branches": [], "missing_branches": [[32, 33], [32, 35], [36, 37], [36, 39], [40, 41], [40, 43], [51, 52], [51, 57], [64, 65], [64, 69], [81, 82], [81, 88], [130, 131], [130, 137], [140, 141], [140, 147]]}}}, "app/api/conversations.py": {"executed_lines": [1, 3, 5, 6, 7, 8, 10, 11, 12, 13, 14, 23, 26, 27, 64, 65, 102, 103, 126, 127, 148, 149], "summary": {"covered_lines": 21, "num_statements": 60, "percent_covered": 30.0, "percent_covered_display": "30", "missing_lines": 39, "excluded_lines": 0, "percent_statements_covered": 35.0, "percent_statements_covered_display": "35", "num_branches": 10, "num_partial_branches": 0, "covered_branches": 0, "missing_branches": 10, "percent_branches_covered": 0.0, "percent_branches_covered_display": "0"}, "missing_lines": [34, 38, 39, 42, 43, 44, 55, 57, 60, 61, 70, 79, 82, 83, 84, 85, 99, 109, 120, 121, 122, 123, 133, 139, 140, 141, 143, 144, 145, 157, 163, 164, 165, 168, 169, 170, 176, 177, 179], "excluded_lines": [], "executed_branches": [], "missing_branches": [[43, 44], [43, 57], [83, 84], [83, 99], [121, 122], [121, 123], [140, 141], [140, 143], [164, 165], [164, 168]], "functions": {"create_conversation": {"executed_lines": [], "summary": {"covered_lines": 0, "num_statements": 10, "percent_covered": 0.0, "percent_covered_display": "0", "missing_lines": 10, "excluded_lines": 0, "percent_statements_covered": 0.0, "percent_statements_covered_display": "0", "num_branches": 2, "num_partial_branches": 0, "covered_branches": 0, "missing_branches": 2, "percent_branches_covered": 0.0, "percent_branches_covered_display": "0"}, "missing_lines": [34, 38, 39, 42, 43, 44, 55, 57, 60, 61], "excluded_lines": [], "executed_branches": [], "missing_branches": [[43, 44], [43, 57]]}, "list_conversations": {"executed_lines": [], "summary": {"covered_lines": 0, "num_statements": 7, "percent_covered": 0.0, "percent_covered_display": "0", "missing_lines": 7, "excluded_lines": 0, "percent_statements_covered": 0.0, "percent_statements_covered_display": "0", "num_branches": 2, "num_partial_branches": 0, "covered_branches": 0, "missing_branches": 2, "percent_branches_covered": 0.0, "percent_branches_covered_display": "0"}, "missing_lines": [70, 79, 82, 83, 84, 85, 99], "excluded_lines": [], "executed_branches": [], "missing_branches": [[83, 84], [83, 99]]}, "get_conversation": {"executed_lines": [], "summary": {"covered_lines": 0, "num_statements": 5, "percent_covered": 0.0, "percent_covered_display": "0", "missing_lines": 5, "excluded_lines": 0, "percent_statements_covered": 0.0, "percent_statements_covered_display": "0", "num_branches": 2, "num_partial_branches": 0, "covered_branches": 0, "missing_branches": 2, "percent_branches_covered": 0.0, "percent_branches_covered_display": "0"}, "missing_lines": [109, 120, 121, 122, 123], "excluded_lines": [], "executed_branches": [], "missing_branches": [[121, 122], [121, 123]]}, "delete_conversation": {"executed_lines": [], "summary": {"covered_lines": 0, "num_statements": 7, "percent_covered": 0.0, "percent_covered_display": "0", "missing_lines": 7, "excluded_lines": 0, "percent_statements_covered": 0.0, "percent_statements_covered_display": "0", "num_branches": 2, "num_partial_branches": 0, "covered_branches": 0, "missing_branches": 2, "percent_branches_covered": 0.0, "percent_branches_covered_display": "0"}, "missing_lines": [133, 139, 140, 141, 143, 144, 145], "excluded_lines": [], "executed_branches": [], "missing_branches": [[140, 141], [140, 143]]}, "send_message": {"executed_lines": [], "summary": {"covered_lines": 0, "num_statements": 10, "percent_covered": 0.0, "percent_covered_display": "0", "missing_lines": 10, "excluded_lines": 0, "percent_statements_covered": 0.0, "percent_statements_covered_display": "0", "num_branches": 2, "num_partial_branches": 0, "covered_branches": 0, "missing_branches": 2, "percent_branches_covered": 0.0, "percent_branches_covered_display": "0"}, "missing_lines": [157, 163, 164, 165, 168, 169, 170, 176, 177, 179], "excluded_lines": [], "executed_branches": [], "missing_branches": [[164, 165], [164, 168]]}, "": {"executed_lines": [1, 3, 5, 6, 7, 8, 10, 11, 12, 13, 14, 23, 26, 27, 64, 65, 102, 103, 126, 127, 148, 149], "summary": {"covered_lines": 21, "num_statements": 21, "percent_covered": 100.0, "percent_covered_display": "100", "missing_lines": 0, "excluded_lines": 0, "percent_statements_covered": 100.0, "percent_statements_covered_display": "100", "num_branches": 0, "num_partial_branches": 0, "covered_branches": 0, "missing_branches": 0, "percent_branches_covered": 100.0, "percent_branches_covered_display": "100"}, "missing_lines": [], "excluded_lines": [], "executed_branches": [], "missing_branches": []}}, "classes": {"": {"executed_lines": [1, 3, 5, 6, 7, 8, 10, 11, 12, 13, 14, 23, 26, 27, 64, 65, 102, 103, 126, 127, 148, 149], "summary": {"covered_lines": 21, "num_statements": 60, "percent_covered": 30.0, "percent_covered_display": "30", "missing_lines": 39, "excluded_lines": 0, "percent_statements_covered": 35.0, "percent_statements_covered_display": "35", "num_branches": 10, "num_partial_branches": 0, "covered_branches": 0, "missing_branches": 10, "percent_branches_covered": 0.0, "percent_branches_covered_display": "0"}, "missing_lines": [34, 38, 39, 42, 43, 44, 55, 57, 60, 61, 70, 79, 82, 83, 84, 85, 99, 109, 120, 121, 122, 123, 133, 139, 140, 141, 143, 144, 145, 157, 163, 164, 165, 168, 169, 170, 176, 177, 179], "excluded_lines": [], "executed_branches": [], "missing_branches": [[43, 44], [43, 57], [83, 84], [83, 99], [121, 122], [121, 123], [140, 141], [140, 143], [164, 165], [164, 168]]}}}, "app/api/sessions.py": {"executed_lines": [1, 3, 5, 6, 7, 8, 9, 11, 12, 13, 14, 16, 17, 20, 46, 47], "summary": {"covered_lines": 15, "num_statements": 27, "percent_covered": 45.45454545454545, "percent_covered_display": "45", "missing_lines": 12, "excluded_lines": 0, "percent_statements_covered": 55.55555555555556, "percent_statements_covered_display": "56", "num_branches": 6, "num_partial_branches": 0, "covered_branches": 0, "missing_branches": 6, "percent_branches_covered": 0.0, "percent_branches_covered_display": "0"}, "missing_lines": [28, 29, 30, 32, 33, 34, 36, 39, 40, 41, 43, 51], "excluded_lines": [], "executed_branches": [], "missing_branches": [[29, 30], [29, 32], [33, 34], [33, 36], [40, 41], [40, 43]], "functions": {"get_session_from_token": {"executed_lines": [], "summary": {"covered_lines": 0, "num_statements": 11, "percent_covered": 0.0, "percent_covered_display": "0", "missing_lines": 11, "excluded_lines": 0, "percent_statements_covered": 0.0, "percent_statements_covered_display": "0", "num_branches": 6, "num_partial_branches": 0, "covered_branches": 0, "missing_branches": 6, "percent_branches_covered": 0.0, "percent_branches_covered_display": "0"}, "missing_lines": [28, 29, 30, 32, 33, 34, 36, 39, 40, 41, 43], "excluded_lines": [], "executed_branches": [], "missing_branches": [[29, 30], [29, 32], [33, 34], [33, 36], [40, 41], [40, 43]]}, "get_current_session": {"executed_lines": [], "summary": {"covered_lines": 0, "num_statements": 1, "percent_covered": 0.0, "percent_covered_display": "0", "missing_lines": 1, "excluded_lines": 0, "percent_statements_covered": 0.0, "percent_statements_covered_display": "0", "num_branches": 0, "num_partial_branches": 0, "covered_branches": 0, "missing_branches": 0, "percent_branches_covered": 100.0, "percent_branches_covered_display": "100"}, "missing_lines": [51], "excluded_lines": [], "executed_branches": [], "missing_branches": []}, "": {"executed_lines": [1, 3, 5, 6, 7, 8, 9, 11, 12, 13, 14, 16, 17, 20, 46, 47], "summary": {"covered_lines": 15, "num_statements": 15, "percent_covered": 100.0, "percent_covered_display": "100", "missing_lines": 0, "excluded_lines": 0, "percent_statements_covered": 100.0, "percent_statements_covered_display": "100", "num_branches": 0, "num_partial_branches": 0, "covered_branches": 0, "missing_branches": 0, "percent_branches_covered": 100.0, "percent_branches_covered_display": "100"}, "missing_lines": [], "excluded_lines": [], "executed_branches": [], "missing_branches": []}}, "classes": {"": {"executed_lines": [1, 3, 5, 6, 7, 8, 9, 11, 12, 13, 14, 16, 17, 20, 46, 47], "summary": {"covered_lines": 15, "num_statements": 27, "percent_covered": 45.45454545454545, "percent_covered_display": "45", "missing_lines": 12, "excluded_lines": 0, "percent_statements_covered": 55.55555555555556, "percent_statements_covered_display": "56", "num_branches": 6, "num_partial_branches": 0, "covered_branches": 0, "missing_branches": 6, "percent_branches_covered": 0.0, "percent_branches_covered_display": "0"}, "missing_lines": [28, 29, 30, 32, 33, 34, 36, 39, 40, 41, 43, 51], "excluded_lines": [], "executed_branches": [], "missing_branches": [[29, 30], [29, 32], [33, 34], [33, 36], [40, 41], [40, 43]]}}}, "app/api/spend.py": {"executed_lines": [1, 3, 5, 6, 8, 9, 10, 11, 12, 14, 17, 23], "summary": {"covered_lines": 11, "num_statements": 15, "percent_covered": 64.70588235294117, "percent_covered_display": "65", "missing_lines": 4, "excluded_lines": 0, "percent_statements_covered": 73.33333333333333, "percent_statements_covered_display": "73", "num_branches": 2, "num_partial_branches": 0, "covered_branches": 0, "missing_branches": 2, "percent_branches_covered": 0.0, "percent_branches_covered_display": "0"}, "missing_lines": [33, 35, 36, 41], "excluded_lines": [], "executed_branches": [], "missing_branches": [[35, 36], [35, 41]], "functions": {"get_spend": {"executed_lines": [], "summary": {"covered_lines": 0, "num_statements": 4, "percent_covered": 0.0, "percent_covered_display": "0", "missing_lines": 4, "excluded_lines": 0, "percent_statements_covered": 0.0, "percent_statements_covered_display": "0", "num_branches": 2, "num_partial_branches": 0, "covered_branches": 0, "missing_branches": 2, "percent_branches_covered": 0.0, "percent_branches_covered_display": "0"}, "missing_lines": [33, 35, 36, 41], "excluded_lines": [], "executed_branches": [], "missing_branches": [[35, 36], [35, 41]]}, "": {"executed_lines": [1, 3, 5, 6, 8, 9, 10, 11, 12, 14, 17, 23], "summary": {"covered_lines": 11, "num_statements": 11, "percent_covered": 100.0, "percent_covered_display": "100", "missing_lines": 0, "excluded_lines": 0, "percent_statements_covered": 100.0, "percent_statements_covered_display": "100", "num_branches": 0, "num_partial_branches": 0, "covered_branches": 0, "missing_branches": 0, "percent_branches_covered": 100.0, "percent_branches_covered_display": "100"}, "missing_lines": [], "excluded_lines": [], "executed_branches": [], "missing_branches": []}}, "classes": {"": {"executed_lines": [1, 3, 5, 6, 8, 9, 10, 11, 12, 14, 17, 23], "summary": {"covered_lines": 11, "num_statements": 15, "percent_covered": 64.70588235294117, "percent_covered_display": "65", "missing_lines": 4, "excluded_lines": 0, "percent_statements_covered": 73.33333333333333, "percent_statements_covered_display": "73", "num_branches": 2, "num_partial_branches": 0, "covered_branches": 0, "missing_branches": 2, "percent_branches_covered": 0.0, "percent_branches_covered_display": "0"}, "missing_lines": [33, 35, 36, 41], "excluded_lines": [], "executed_branches": [], "missing_branches": [[35, 36], [35, 41]]}}}, "app/api/test_helpers.py": {"executed_lines": [1, 6, 7, 9, 10, 11, 13, 16, 17, 26, 27, 30, 31, 39, 42, 43, 113, 114, 120, 121, 127, 133, 135], "summary": {"covered_lines": 21, "num_statements": 21, "percent_covered": 100.0, "percent_covered_display": "100", "missing_lines": 0, "excluded_lines": 0, "percent_statements_covered": 100.0, "percent_statements_covered_display": "100", "num_branches": 4, "num_partial_branches": 0, "covered_branches": 4, "missing_branches": 0, "percent_branches_covered": 100.0, "percent_branches_covered_display": "100"}, "missing_lines": [], "excluded_lines": [], "executed_branches": [[113, 114], [113, 120], [120, 121], [120, 127]], "missing_branches": [], "functions": {"trigger_billing_error": {"executed_lines": [39], "summary": {"covered_lines": 1, "num_statements": 1, "percent_covered": 100.0, "percent_covered_display": "100", "missing_lines": 0, "excluded_lines": 0, "percent_statements_covered": 100.0, "percent_statements_covered_display": "100", "num_branches": 0, "num_partial_branches": 0, "covered_branches": 0, "missing_branches": 0, "percent_branches_covered": 100.0, "percent_branches_covered_display": "100"}, "missing_lines": [], "excluded_lines": [], "executed_branches": [], "missing_branches": []}, "trigger_error": {"executed_lines": [113, 114, 120, 121, 127, 133, 135], "summary": {"covered_lines": 7, "num_statements": 7, "percent_covered": 100.0, "percent_covered_display": "100", "missing_lines": 0, "excluded_lines": 0, "percent_statements_covered": 100.0, "percent_statements_covered_display": "100", "num_branches": 4, "num_partial_branches": 0, "covered_branches": 4, "missing_branches": 0, "percent_branches_covered": 100.0, "percent_branches_covered_display": "100"}, "missing_lines": [], "excluded_lines": [], "executed_branches": [[113, 114], [113, 120], [120, 121], [120, 127]], "missing_branches": []}, "": {"executed_lines": [1, 6, 7, 9, 10, 11, 13, 16, 17, 26, 27, 30, 31, 42, 43], "summary": {"covered_lines": 13, "num_statements": 13, "percent_covered": 100.0, "percent_covered_display": "100", "missing_lines": 0, "excluded_lines": 0, "percent_statements_covered": 100.0, "percent_statements_covered_display": "100", "num_branches": 0, "num_partial_branches": 0, "covered_branches": 0, "missing_branches": 0, "percent_branches_covered": 100.0, "percent_branches_covered_display": "100"}, "missing_lines": [], "excluded_lines": [], "executed_branches": [], "missing_branches": []}}, "classes": {"TriggerErrorRequest": {"executed_lines": [], "summary": {"covered_lines": 0, "num_statements": 0, "percent_covered": 100.0, "percent_covered_display": "100", "missing_lines": 0, "excluded_lines": 0, "percent_statements_covered": 100.0, "percent_statements_covered_display": "100", "num_branches": 0, "num_partial_branches": 0, "covered_branches": 0, "missing_branches": 0, "percent_branches_covered": 100.0, "percent_branches_covered_display": "100"}, "missing_lines": [], "excluded_lines": [], "executed_branches": [], "missing_branches": []}, "": {"executed_lines": [1, 6, 7, 9, 10, 11, 13, 16, 17, 26, 27, 30, 31, 39, 42, 43, 113, 114, 120, 121, 127, 133, 135], "summary": {"covered_lines": 21, "num_statements": 21, "percent_covered": 100.0, "percent_covered_display": "100", "missing_lines": 0, "excluded_lines": 0, "percent_statements_covered": 100.0, "percent_statements_covered_display": "100", "num_branches": 4, "num_partial_branches": 0, "covered_branches": 4, "missing_branches": 0, "percent_branches_covered": 100.0, "percent_branches_covered_display": "100"}, "missing_lines": [], "excluded_lines": [], "executed_branches": [[113, 114], [113, 120], [120, 121], [120, 127]], "missing_branches": []}}}, "app/api/thinkers.py": {"executed_lines": [1, 3, 5, 6, 7, 15, 18, 58, 114, 115, 144, 145], "summary": {"covered_lines": 11, "num_statements": 55, "percent_covered": 16.417910447761194, "percent_covered_display": "16", "missing_lines": 44, "excluded_lines": 0, "percent_statements_covered": 20.0, "percent_statements_covered_display": "20", "num_branches": 12, "num_partial_branches": 0, "covered_branches": 0, "missing_branches": 12, "percent_branches_covered": 0.0, "percent_branches_covered_display": "0"}, "missing_lines": [60, 62, 64, 89, 90, 91, 93, 94, 95, 96, 97, 104, 111, 122, 124, 126, 128, 131, 132, 133, 134, 135, 137, 138, 141, 152, 154, 155, 158, 159, 161, 162, 169, 175, 177, 184, 185, 186, 187, 188, 193, 195, 196, 198], "excluded_lines": [], "executed_branches": [], "missing_branches": [[94, 95], [94, 111], [126, 128], [126, 131], [133, 134], [133, 141], [158, 159], [158, 175], [175, 177], [175, 184], [186, 187], [186, 198]], "functions": {"get_mock_suggestions": {"executed_lines": [], "summary": {"covered_lines": 0, "num_statements": 13, "percent_covered": 0.0, "percent_covered_display": "0", "missing_lines": 13, "excluded_lines": 0, "percent_statements_covered": 0.0, "percent_statements_covered_display": "0", "num_branches": 2, "num_partial_branches": 0, "covered_branches": 0, "missing_branches": 2, "percent_branches_covered": 0.0, "percent_branches_covered_display": "0"}, "missing_lines": [60, 62, 64, 89, 90, 91, 93, 94, 95, 96, 97, 104, 111], "excluded_lines": [], "executed_branches": [], "missing_branches": [[94, 95], [94, 111]]}, "suggest_thinkers": {"executed_lines": [], "summary": {"covered_lines": 0, "num_statements": 12, "percent_covered": 0.0, "percent_covered_display": "0", "missing_lines": 12, "excluded_lines": 0, "percent_statements_covered": 0.0, "percent_statements_covered_display": "0", "num_branches": 4, "num_partial_branches": 0, "covered_branches": 0, "missing_branches": 4, "percent_branches_covered": 0.0, "percent_branches_covered_display": "0"}, "missing_lines": [122, 124, 126, 128, 131, 132, 133, 134, 135, 137, 138, 141], "excluded_lines": [], "executed_branches": [], "missing_branches": [[126, 128], [126, 131], [133, 134], [133, 141]]}, "validate_thinker": {"executed_lines": [], "summary": {"covered_lines": 0, "num_statements": 19, "percent_covered": 0.0, "percent_covered_display": "0", "missing_lines": 19, "excluded_lines": 0, "percent_statements_covered": 0.0, "percent_statements_covered_display": "0", "num_branches": 6, "num_partial_branches": 0, "covered_branches": 0, "missing_branches": 6, "percent_branches_covered": 0.0, "percent_branches_covered_display": "0"}, "missing_lines": [152, 154, 155, 158, 159, 161, 162, 169, 175, 177, 184, 185, 186, 187, 188, 193, 195, 196, 198], "excluded_lines": [], "executed_branches": [], "missing_branches": [[158, 159], [158, 175], [175, 177], [175, 184], [186, 187], [186, 198]]}, "": {"executed_lines": [1, 3, 5, 6, 7, 15, 18, 58, 114, 115, 144, 145], "summary": {"covered_lines": 11, "num_statements": 11, "percent_covered": 100.0, "percent_covered_display": "100", "missing_lines": 0, "excluded_lines": 0, "percent_statements_covered": 100.0, "percent_statements_covered_display": "100", "num_branches": 0, "num_partial_branches": 0, "covered_branches": 0, "missing_branches": 0, "percent_branches_covered": 100.0, "percent_branches_covered_display": "100"}, "missing_lines": [], "excluded_lines": [], "executed_branches": [], "missing_branches": []}}, "classes": {"": {"executed_lines": [1, 3, 5, 6, 7, 15, 18, 58, 114, 115, 144, 145], "summary": {"covered_lines": 11, "num_statements": 55, "percent_covered": 16.417910447761194, "percent_covered_display": "16", "missing_lines": 44, "excluded_lines": 0, "percent_statements_covered": 20.0, "percent_statements_covered_display": "20", "num_branches": 12, "num_partial_branches": 0, "covered_branches": 0, "missing_branches": 12, "percent_branches_covered": 0.0, "percent_branches_covered_display": "0"}, "missing_lines": [60, 62, 64, 89, 90, 91, 93, 94, 95, 96, 97, 104, 111, 122, 124, 126, 128, 131, 132, 133, 134, 135, 137, 138, 141, 152, 154, 155, 158, 159, 161, 162, 169, 175, 177, 184, 185, 186, 187, 188, 193, 195, 196, 198], "excluded_lines": [], "executed_branches": [], "missing_branches": [[94, 95], [94, 111], [126, 128], [126, 131], [133, 134], [133, 141], [158, 159], [158, 175], [175, 177], [175, 184], [186, 187], [186, 198]]}}}, "app/api/websocket.py": {"executed_lines": [1, 3, 4, 5, 6, 7, 8, 9, 10, 12, 13, 14, 15, 16, 18, 19, 21, 24, 27, 28, 31, 32, 33, 34, 35, 36, 37, 38, 41, 42, 43, 44, 45, 46, 47, 48, 49, 50, 53, 54, 56, 57, 58, 59, 60, 61, 62, 63, 64, 67, 68, 69, 71, 72, 73, 74, 75, 77, 79, 80, 82, 84, 85, 86, 88, 90, 91, 92, 93, 94, 95, 96, 98, 99, 100, 101, 104, 105, 107, 108, 111, 113, 115, 116, 117, 118, 119, 121, 123, 124, 125, 127, 129, 131, 133, 135, 137, 153, 155, 156, 158, 179, 190, 202, 215, 218, 230, 231, 233, 239, 249, 254, 256, 257, 259, 260, 262, 266, 273, 276, 277, 279, 280, 281, 284, 285, 300, 301, 304, 308, 309, 313, 314, 318, 321, 330, 331, 340, 342, 344, 372, 373, 375, 376, 377, 378, 380, 383, 386, 388, 389, 396, 398, 399, 406, 410, 414, 415, 425, 426, 433, 434, 436, 438], "summary": {"covered_lines": 157, "num_statements": 199, "percent_covered": 74.6987951807229, "percent_covered_display": "75", "missing_lines": 42, "excluded_lines": 2, "percent_statements_covered": 78.89447236180905, "percent_statements_covered_display": "79", "num_branches": 50, "num_partial_branches": 13, "covered_branches": 29, "missing_branches": 21, "percent_branches_covered": 58.0, "percent_branches_covered_display": "58"}, "missing_lines": [134, 140, 141, 142, 144, 167, 177, 181, 182, 183, 188, 194, 200, 204, 205, 206, 211, 222, 227, 234, 235, 236, 263, 305, 306, 310, 311, 315, 316, 349, 351, 353, 354, 355, 357, 360, 361, 364, 382, 385, 408, 409], "excluded_lines": [21, 22], "executed_branches": [[85, -82], [85, 86], [92, 93], [92, 98], [98, 99], [98, 100], [100, -88], [100, 101], [117, 118], [117, 119], [124, 125], [133, 135], [155, 156], [257, 259], [262, 266], [276, 277], [304, 308], [309, 313], [314, 318], [330, 331], [330, 340], [380, 383], [383, 386], [386, 388], [386, 396], [396, 398], [396, 406], [406, 410], [410, 414]], "missing_branches": [[124, -121], [133, 134], [141, -137], [141, 142], [155, -153], [181, 182], [181, 183], [204, 205], [204, 206], [257, 266], [262, 263], [276, 279], [304, 305], [309, 310], [314, 315], [351, 353], [351, 372], [380, 382], [383, 385], [406, 408], [410, 373]], "functions": {"ConversationRoom.add_connection": {"executed_lines": [79, 80], "summary": {"covered_lines": 2, "num_statements": 2, "percent_covered": 100.0, "percent_covered_display": "100", "missing_lines": 0, "excluded_lines": 0, "percent_statements_covered": 100.0, "percent_statements_covered_display": "100", "num_branches": 0, "num_partial_branches": 0, "covered_branches": 0, "missing_branches": 0, "percent_branches_covered": 100.0, "percent_branches_covered_display": "100"}, "missing_lines": [], "excluded_lines": [], "executed_branches": [], "missing_branches": []}, "ConversationRoom.remove_connection": {"executed_lines": [84, 85, 86], "summary": {"covered_lines": 3, "num_statements": 3, "percent_covered": 100.0, "percent_covered_display": "100", "missing_lines": 0, "excluded_lines": 0, "percent_statements_covered": 100.0, "percent_statements_covered_display": "100", "num_branches": 2, "num_partial_branches": 0, "covered_branches": 2, "missing_branches": 0, "percent_branches_covered": 100.0, "percent_branches_covered_display": "100"}, "missing_lines": [], "excluded_lines": [], "executed_branches": [[85, -82], [85, 86]], "missing_branches": []}, "ConversationRoom.broadcast": {"executed_lines": [90, 91, 92, 93, 94, 95, 96, 98, 99, 100, 101], "summary": {"covered_lines": 11, "num_statements": 11, "percent_covered": 100.0, "percent_covered_display": "100", "missing_lines": 0, "excluded_lines": 0, "percent_statements_covered": 100.0, "percent_statements_covered_display": "100", "num_branches": 6, "num_partial_branches": 0, "covered_branches": 6, "missing_branches": 0, "percent_branches_covered": 100.0, "percent_branches_covered_display": "100"}, "missing_lines": [], "excluded_lines": [], "executed_branches": [[92, 93], [92, 98], [98, 99], [98, 100], [100, -88], [100, 101]], "missing_branches": []}, "ConnectionManager.__init__": {"executed_lines": [108, 111], "summary": {"covered_lines": 2, "num_statements": 2, "percent_covered": 100.0, "percent_covered_display": "100", "missing_lines": 0, "excluded_lines": 0, "percent_statements_covered": 100.0, "percent_statements_covered_display": "100", "num_branches": 0, "num_partial_branches": 0, "covered_branches": 0, "missing_branches": 0, "percent_branches_covered": 100.0, "percent_branches_covered_display": "100"}, "missing_lines": [], "excluded_lines": [], "executed_branches": [], "missing_branches": []}, "ConnectionManager.connect": {"executed_lines": [115, 116, 117, 118, 119], "summary": {"covered_lines": 5, "num_statements": 5, "percent_covered": 100.0, "percent_covered_display": "100", "missing_lines": 0, "excluded_lines": 0, "percent_statements_covered": 100.0, "percent_statements_covered_display": "100", "num_branches": 2, "num_partial_branches": 0, "covered_branches": 2, "missing_branches": 0, "percent_branches_covered": 100.0, "percent_branches_covered_display": "100"}, "missing_lines": [], "excluded_lines": [], "executed_branches": [[117, 118], [117, 119]], "missing_branches": []}, "ConnectionManager.disconnect": {"executed_lines": [123, 124, 125], "summary": {"covered_lines": 3, "num_statements": 3, "percent_covered": 80.0, "percent_covered_display": "80", "missing_lines": 0, "excluded_lines": 0, "percent_statements_covered": 100.0, "percent_statements_covered_display": "100", "num_branches": 2, "num_partial_branches": 1, "covered_branches": 1, "missing_branches": 1, "percent_branches_covered": 50.0, "percent_branches_covered_display": "50"}, "missing_lines": [], "excluded_lines": [], "executed_branches": [[124, 125]], "missing_branches": [[124, -121]]}, "ConnectionManager.is_conversation_active": {"executed_lines": [129], "summary": {"covered_lines": 1, "num_statements": 1, "percent_covered": 100.0, "percent_covered_display": "100", "missing_lines": 0, "excluded_lines": 0, "percent_statements_covered": 100.0, "percent_statements_covered_display": "100", "num_branches": 0, "num_partial_branches": 0, "covered_branches": 0, "missing_branches": 0, "percent_branches_covered": 100.0, "percent_branches_covered_display": "100"}, "missing_lines": [], "excluded_lines": [], "executed_branches": [], "missing_branches": []}, "ConnectionManager.get_speed_multiplier": {"executed_lines": [133, 135], "summary": {"covered_lines": 2, "num_statements": 3, "percent_covered": 60.0, "percent_covered_display": "60", "missing_lines": 1, "excluded_lines": 0, "percent_statements_covered": 66.66666666666667, "percent_statements_covered_display": "67", "num_branches": 2, "num_partial_branches": 1, "covered_branches": 1, "missing_branches": 1, "percent_branches_covered": 50.0, "percent_branches_covered_display": "50"}, "missing_lines": [134], "excluded_lines": [], "executed_branches": [[133, 135]], "missing_branches": [[133, 134]]}, "ConnectionManager.set_speed_multiplier": {"executed_lines": [], "summary": {"covered_lines": 0, "num_statements": 4, "percent_covered": 0.0, "percent_covered_display": "0", "missing_lines": 4, "excluded_lines": 0, "percent_statements_covered": 0.0, "percent_statements_covered_display": "0", "num_branches": 2, "num_partial_branches": 0, "covered_branches": 0, "missing_branches": 2, "percent_branches_covered": 0.0, "percent_branches_covered_display": "0"}, "missing_lines": [140, 141, 142, 144], "excluded_lines": [], "executed_branches": [], "missing_branches": [[141, -137], [141, 142]]}, "ConnectionManager.broadcast_to_conversation": {"executed_lines": [155, 156], "summary": {"covered_lines": 2, "num_statements": 2, "percent_covered": 75.0, "percent_covered_display": "75", "missing_lines": 0, "excluded_lines": 0, "percent_statements_covered": 100.0, "percent_statements_covered_display": "100", "num_branches": 2, "num_partial_branches": 1, "covered_branches": 1, "missing_branches": 1, "percent_branches_covered": 50.0, "percent_branches_covered_display": "50"}, "missing_lines": [], "excluded_lines": [], "executed_branches": [[155, 156]], "missing_branches": [[155, -153]]}, "ConnectionManager.send_thinker_message": {"executed_lines": [], "summary": {"covered_lines": 0, "num_statements": 2, "percent_covered": 0.0, "percent_covered_display": "0", "missing_lines": 2, "excluded_lines": 0, "percent_statements_covered": 0.0, "percent_statements_covered_display": "0", "num_branches": 0, "num_partial_branches": 0, "covered_branches": 0, "missing_branches": 0, "percent_branches_covered": 100.0, "percent_branches_covered_display": "100"}, "missing_lines": [167, 177], "excluded_lines": [], "executed_branches": [], "missing_branches": []}, "ConnectionManager.send_thinker_typing": {"executed_lines": [], "summary": {"covered_lines": 0, "num_statements": 4, "percent_covered": 0.0, "percent_covered_display": "0", "missing_lines": 4, "excluded_lines": 0, "percent_statements_covered": 0.0, "percent_statements_covered_display": "0", "num_branches": 2, "num_partial_branches": 0, "covered_branches": 0, "missing_branches": 2, "percent_branches_covered": 0.0, "percent_branches_covered_display": "0"}, "missing_lines": [181, 182, 183, 188], "excluded_lines": [], "executed_branches": [], "missing_branches": [[181, 182], [181, 183]]}, "ConnectionManager.send_thinker_thinking": {"executed_lines": [], "summary": {"covered_lines": 0, "num_statements": 2, "percent_covered": 0.0, "percent_covered_display": "0", "missing_lines": 2, "excluded_lines": 0, "percent_statements_covered": 0.0, "percent_statements_covered_display": "0", "num_branches": 0, "num_partial_branches": 0, "covered_branches": 0, "missing_branches": 0, "percent_branches_covered": 100.0, "percent_branches_covered_display": "100"}, "missing_lines": [194, 200], "excluded_lines": [], "executed_branches": [], "missing_branches": []}, "ConnectionManager.send_thinker_stopped_typing": {"executed_lines": [], "summary": {"covered_lines": 0, "num_statements": 4, "percent_covered": 0.0, "percent_covered_display": "0", "missing_lines": 4, "excluded_lines": 0, "percent_statements_covered": 0.0, "percent_statements_covered_display": "0", "num_branches": 2, "num_partial_branches": 0, "covered_branches": 0, "missing_branches": 2, "percent_branches_covered": 0.0, "percent_branches_covered_display": "0"}, "missing_lines": [204, 205, 206, 211], "excluded_lines": [], "executed_branches": [], "missing_branches": [[204, 205], [204, 206]]}, "get_messages_for_conversation": {"executed_lines": [], "summary": {"covered_lines": 0, "num_statements": 2, "percent_covered": 0.0, "percent_covered_display": "0", "missing_lines": 2, "excluded_lines": 0, "percent_statements_covered": 0.0, "percent_statements_covered_display": "0", "num_branches": 0, "num_partial_branches": 0, "covered_branches": 0, "missing_branches": 0, "percent_branches_covered": 100.0, "percent_branches_covered_display": "100"}, "missing_lines": [222, 227], "excluded_lines": [], "executed_branches": [], "missing_branches": []}, "SpendLimitExceeded.__init__": {"executed_lines": [], "summary": {"covered_lines": 0, "num_statements": 3, "percent_covered": 0.0, "percent_covered_display": "0", "missing_lines": 3, "excluded_lines": 0, "percent_statements_covered": 0.0, "percent_statements_covered_display": "0", "num_branches": 0, "num_partial_branches": 0, "covered_branches": 0, "missing_branches": 0, "percent_branches_covered": 100.0, "percent_branches_covered_display": "100"}, "missing_lines": [234, 235, 236], "excluded_lines": [], "executed_branches": [], "missing_branches": []}, "save_thinker_message": {"executed_lines": [249, 254, 256, 257, 259, 260, 262, 266, 273, 276, 277, 279, 280, 281], "summary": {"covered_lines": 14, "num_statements": 15, "percent_covered": 80.95238095238095, "percent_covered_display": "81", "missing_lines": 1, "excluded_lines": 0, "percent_statements_covered": 93.33333333333333, "percent_statements_covered_display": "93", "num_branches": 6, "num_partial_branches": 3, "covered_branches": 3, "missing_branches": 3, "percent_branches_covered": 50.0, "percent_branches_covered_display": "50"}, "missing_lines": [263], "excluded_lines": [], "executed_branches": [[257, 259], [262, 266], [276, 277]], "missing_branches": [[257, 266], [262, 263], [276, 279]]}, "websocket_endpoint": {"executed_lines": [300, 301, 304, 308, 309, 313, 314, 318, 321, 330, 331, 340, 342, 344, 372, 373, 375, 376, 377, 378, 380, 383, 386, 388, 389, 396, 398, 399, 406, 410, 414, 415, 425, 426, 433, 434, 436, 438], "summary": {"covered_lines": 38, "num_statements": 53, "percent_covered": 68.0, "percent_covered_display": "68", "missing_lines": 15, "excluded_lines": 0, "percent_statements_covered": 71.69811320754717, "percent_statements_covered_display": "72", "num_branches": 22, "num_partial_branches": 7, "covered_branches": 13, "missing_branches": 9, "percent_branches_covered": 59.09090909090909, "percent_branches_covered_display": "59"}, "missing_lines": [305, 306, 310, 311, 315, 316, 349, 351, 353, 357, 364, 382, 385, 408, 409], "excluded_lines": [], "executed_branches": [[304, 308], [309, 313], [314, 318], [330, 331], [330, 340], [380, 383], [383, 386], [386, 388], [386, 396], [396, 398], [396, 406], [406, 410], [410, 414]], "missing_branches": [[304, 305], [309, 310], [314, 315], [351, 353], [351, 372], [380, 382], [383, 385], [406, 408], [410, 373]]}, "websocket_endpoint.get_messages": {"executed_lines": [], "summary": {"covered_lines": 0, "num_statements": 2, "percent_covered": 0.0, "percent_covered_display": "0", "missing_lines": 2, "excluded_lines": 0, "percent_statements_covered": 0.0, "percent_statements_covered_display": "0", "num_branches": 0, "num_partial_branches": 0, "covered_branches": 0, "missing_branches": 0, "percent_branches_covered": 100.0, "percent_branches_covered_display": "100"}, "missing_lines": [354, 355], "excluded_lines": [], "executed_branches": [], "missing_branches": []}, "websocket_endpoint.save_message": {"executed_lines": [], "summary": {"covered_lines": 0, "num_statements": 2, "percent_covered": 0.0, "percent_covered_display": "0", "missing_lines": 2, "excluded_lines": 0, "percent_statements_covered": 0.0, "percent_statements_covered_display": "0", "num_branches": 0, "num_partial_branches": 0, "covered_branches": 0, "missing_branches": 0, "percent_branches_covered": 100.0, "percent_branches_covered_display": "100"}, "missing_lines": [360, 361], "excluded_lines": [], "executed_branches": [], "missing_branches": []}, "": {"executed_lines": [1, 3, 4, 5, 6, 7, 8, 9, 10, 12, 13, 14, 15, 16, 18, 19, 21, 24, 27, 28, 31, 32, 33, 34, 35, 36, 37, 38, 41, 42, 43, 44, 45, 46, 47, 48, 49, 50, 53, 54, 56, 57, 58, 59, 60, 61, 62, 63, 64, 67, 68, 69, 71, 72, 73, 74, 75, 77, 82, 88, 104, 105, 107, 113, 121, 127, 131, 137, 153, 158, 179, 190, 202, 215, 218, 230, 231, 233, 239, 284, 285], "summary": {"covered_lines": 74, "num_statements": 74, "percent_covered": 100.0, "percent_covered_display": "100", "missing_lines": 0, "excluded_lines": 2, "percent_statements_covered": 100.0, "percent_statements_covered_display": "100", "num_branches": 0, "num_partial_branches": 0, "covered_branches": 0, "missing_branches": 0, "percent_branches_covered": 100.0, "percent_branches_covered_display": "100"}, "missing_lines": [], "excluded_lines": [21, 22], "executed_branches": [], "missing_branches": []}}, "classes": {"WSMessageType": {"executed_lines": [], "summary": {"covered_lines": 0, "num_statements": 0, "percent_covered": 100.0, "percent_covered_display": "100", "missing_lines": 0, "excluded_lines": 0, "percent_statements_covered": 100.0, "percent_statements_covered_display": "100", "num_branches": 0, "num_partial_branches": 0, "covered_branches": 0, "missing_branches": 0, "percent_branches_covered": 100.0, "percent_branches_covered_display": "100"}, "missing_lines": [], "excluded_lines": [], "executed_branches": [], "missing_branches": []}, "WSMessage": {"executed_lines": [], "summary": {"covered_lines": 0, "num_statements": 0, "percent_covered": 100.0, "percent_covered_display": "100", "missing_lines": 0, "excluded_lines": 0, "percent_statements_covered": 100.0, "percent_statements_covered_display": "100", "num_branches": 0, "num_partial_branches": 0, "covered_branches": 0, "missing_branches": 0, "percent_branches_covered": 100.0, "percent_branches_covered_display": "100"}, "missing_lines": [], "excluded_lines": [], "executed_branches": [], "missing_branches": []}, "ConversationRoom": {"executed_lines": [79, 80, 84, 85, 86, 90, 91, 92, 93, 94, 95, 96, 98, 99, 100, 101], "summary": {"covered_lines": 16, "num_statements": 16, "percent_covered": 100.0, "percent_covered_display": "100", "missing_lines": 0, "excluded_lines": 0, "percent_statements_covered": 100.0, "percent_statements_covered_display": "100", "num_branches": 8, "num_partial_branches": 0, "covered_branches": 8, "missing_branches": 0, "percent_branches_covered": 100.0, "percent_branches_covered_display": "100"}, "missing_lines": [], "excluded_lines": [], "executed_branches": [[85, -82], [85, 86], [92, 93], [92, 98], [98, 99], [98, 100], [100, -88], [100, 101]], "missing_branches": []}, "ConnectionManager": {"executed_lines": [108, 111, 115, 116, 117, 118, 119, 123, 124, 125, 129, 133, 135, 155, 156], "summary": {"covered_lines": 15, "num_statements": 32, "percent_covered": 43.47826086956522, "percent_covered_display": "43", "missing_lines": 17, "excluded_lines": 0, "percent_statements_covered": 46.875, "percent_statements_covered_display": "47", "num_branches": 14, "num_partial_branches": 3, "covered_branches": 5, "missing_branches": 9, "percent_branches_covered": 35.714285714285715, "percent_branches_covered_display": "36"}, "missing_lines": [134, 140, 141, 142, 144, 167, 177, 181, 182, 183, 188, 194, 200, 204, 205, 206, 211], "excluded_lines": [], "executed_branches": [[117, 118], [117, 119], [124, 125], [133, 135], [155, 156]], "missing_branches": [[124, -121], [133, 134], [141, -137], [141, 142], [155, -153], [181, 182], [181, 183], [204, 205], [204, 206]]}, "SpendLimitExceeded": {"executed_lines": [], "summary": {"covered_lines": 0, "num_statements": 3, "percent_covered": 0.0, "percent_covered_display": "0", "missing_lines": 3, "excluded_lines": 0, "percent_statements_covered": 0.0, "percent_statements_covered_display": "0", "num_branches": 0, "num_partial_branches": 0, "covered_branches": 0, "missing_branches": 0, "percent_branches_covered": 100.0, "percent_branches_covered_display": "100"}, "missing_lines": [234, 235, 236], "excluded_lines": [], "executed_branches": [], "missing_branches": []}, "": {"executed_lines": [1, 3, 4, 5, 6, 7, 8, 9, 10, 12, 13, 14, 15, 16, 18, 19, 21, 24, 27, 28, 31, 32, 33, 34, 35, 36, 37, 38, 41, 42, 43, 44, 45, 46, 47, 48, 49, 50, 53, 54, 56, 57, 58, 59, 60, 61, 62, 63, 64, 67, 68, 69, 71, 72, 73, 74, 75, 77, 82, 88, 104, 105, 107, 113, 121, 127, 131, 137, 153, 158, 179, 190, 202, 215, 218, 230, 231, 233, 239, 249, 254, 256, 257, 259, 260, 262, 266, 273, 276, 277, 279, 280, 281, 284, 285, 300, 301, 304, 308, 309, 313, 314, 318, 321, 330, 331, 340, 342, 344, 372, 373, 375, 376, 377, 378, 380, 383, 386, 388, 389, 396, 398, 399, 406, 410, 414, 415, 425, 426, 433, 434, 436, 438], "summary": {"covered_lines": 126, "num_statements": 148, "percent_covered": 80.68181818181819, "percent_covered_display": "81", "missing_lines": 22, "excluded_lines": 2, "percent_statements_covered": 85.13513513513513, "percent_statements_covered_display": "85", "num_branches": 28, "num_partial_branches": 10, "covered_branches": 16, "missing_branches": 12, "percent_branches_covered": 57.142857142857146, "percent_branches_covered_display": "57"}, "missing_lines": [222, 227, 263, 305, 306, 310, 311, 315, 316, 349, 351, 353, 354, 355, 357, 360, 361, 364, 382, 385, 408, 409], "excluded_lines": [21, 22], "executed_branches": [[257, 259], [262, 266], [276, 277], [304, 308], [309, 313], [314, 318], [330, 331], [330, 340], [380, 383], [383, 386], [386, 388], [386, 396], [396, 398], [396, 406], [406, 410], [410, 414]], "missing_branches": [[257, 266], [262, 263], [276, 279], [304, 305], [309, 310], [314, 315], [351, 353], [351, 372], [380, 382], [383, 385], [406, 408], [410, 373]]}}}, "app/core/__init__.py": {"executed_lines": [1], "summary": {"covered_lines": 0, "num_statements": 0, "percent_covered": 100.0, "percent_covered_display": "100", "missing_lines": 0, "excluded_lines": 0, "percent_statements_covered": 100.0, "percent_statements_covered_display": "100", "num_branches": 0, "num_partial_branches": 0, "covered_branches": 0, "missing_branches": 0, "percent_branches_covered": 100.0, "percent_branches_covered_display": "100"}, "missing_lines": [], "excluded_lines": [], "executed_branches": [], "missing_branches": [], "functions": {"": {"executed_lines": [1], "summary": {"covered_lines": 0, "num_statements": 0, "percent_covered": 100.0, "percent_covered_display": "100", "missing_lines": 0, "excluded_lines": 0, "percent_statements_covered": 100.0, "percent_statements_covered_display": "100", "num_branches": 0, "num_partial_branches": 0, "covered_branches": 0, "missing_branches": 0, "percent_branches_covered": 100.0, "percent_branches_covered_display": "100"}, "missing_lines": [], "excluded_lines": [], "executed_branches": [], "missing_branches": []}}, "classes": {"": {"executed_lines": [1], "summary": {"covered_lines": 0, "num_statements": 0, "percent_covered": 100.0, "percent_covered_display": "100", "missing_lines": 0, "excluded_lines": 0, "percent_statements_covered": 100.0, "percent_statements_covered_display": "100", "num_branches": 0, "num_partial_branches": 0, "covered_branches": 0, "missing_branches": 0, "percent_branches_covered": 100.0, "percent_branches_covered_display": "100"}, "missing_lines": [], "excluded_lines": [], "executed_branches": [], "missing_branches": []}}}, "app/core/auth.py": {"executed_lines": [1, 3, 4, 6, 7, 9, 12, 15, 21, 27, 37, 38, 40, 43, 45, 46, 51, 54, 63, 64, 65, 70], "summary": {"covered_lines": 21, "num_statements": 28, "percent_covered": 73.33333333333333, "percent_covered_display": "73", "missing_lines": 7, "excluded_lines": 0, "percent_statements_covered": 75.0, "percent_statements_covered_display": "75", "num_branches": 2, "num_partial_branches": 1, "covered_branches": 1, "missing_branches": 1, "percent_branches_covered": 50.0, "percent_branches_covered_display": "50"}, "missing_lines": [17, 18, 23, 24, 41, 71, 72], "excluded_lines": [], "executed_branches": [[40, 43]], "missing_branches": [[40, 41]], "functions": {"verify_password": {"executed_lines": [], "summary": {"covered_lines": 0, "num_statements": 2, "percent_covered": 0.0, "percent_covered_display": "0", "missing_lines": 2, "excluded_lines": 0, "percent_statements_covered": 0.0, "percent_statements_covered_display": "0", "num_branches": 0, "num_partial_branches": 0, "covered_branches": 0, "missing_branches": 0, "percent_branches_covered": 100.0, "percent_branches_covered_display": "100"}, "missing_lines": [17, 18], "excluded_lines": [], "executed_branches": [], "missing_branches": []}, "get_password_hash": {"executed_lines": [], "summary": {"covered_lines": 0, "num_statements": 2, "percent_covered": 0.0, "percent_covered_display": "0", "missing_lines": 2, "excluded_lines": 0, "percent_statements_covered": 0.0, "percent_statements_covered_display": "0", "num_branches": 0, "num_partial_branches": 0, "covered_branches": 0, "missing_branches": 0, "percent_branches_covered": 100.0, "percent_branches_covered_display": "100"}, "missing_lines": [23, 24], "excluded_lines": [], "executed_branches": [], "missing_branches": []}, "create_access_token": {"executed_lines": [37, 38, 40, 43, 45, 46, 51], "summary": {"covered_lines": 7, "num_statements": 8, "percent_covered": 80.0, "percent_covered_display": "80", "missing_lines": 1, "excluded_lines": 0, "percent_statements_covered": 87.5, "percent_statements_covered_display": "88", "num_branches": 2, "num_partial_branches": 1, "covered_branches": 1, "missing_branches": 1, "percent_branches_covered": 50.0, "percent_branches_covered_display": "50"}, "missing_lines": [41], "excluded_lines": [], "executed_branches": [[40, 43]], "missing_branches": [[40, 41]]}, "decode_access_token": {"executed_lines": [63, 64, 65, 70], "summary": {"covered_lines": 4, "num_statements": 6, "percent_covered": 66.66666666666667, "percent_covered_display": "67", "missing_lines": 2, "excluded_lines": 0, "percent_statements_covered": 66.66666666666667, "percent_statements_covered_display": "67", "num_branches": 0, "num_partial_branches": 0, "covered_branches": 0, "missing_branches": 0, "percent_branches_covered": 100.0, "percent_branches_covered_display": "100"}, "missing_lines": [71, 72], "excluded_lines": [], "executed_branches": [], "missing_branches": []}, "": {"executed_lines": [1, 3, 4, 6, 7, 9, 12, 15, 21, 27, 54], "summary": {"covered_lines": 10, "num_statements": 10, "percent_covered": 100.0, "percent_covered_display": "100", "missing_lines": 0, "excluded_lines": 0, "percent_statements_covered": 100.0, "percent_statements_covered_display": "100", "num_branches": 0, "num_partial_branches": 0, "covered_branches": 0, "missing_branches": 0, "percent_branches_covered": 100.0, "percent_branches_covered_display": "100"}, "missing_lines": [], "excluded_lines": [], "executed_branches": [], "missing_branches": []}}, "classes": {"": {"executed_lines": [1, 3, 4, 6, 7, 9, 12, 15, 21, 27, 37, 38, 40, 43, 45, 46, 51, 54, 63, 64, 65, 70], "summary": {"covered_lines": 21, "num_statements": 28, "percent_covered": 73.33333333333333, "percent_covered_display": "73", "missing_lines": 7, "excluded_lines": 0, "percent_statements_covered": 75.0, "percent_statements_covered_display": "75", "num_branches": 2, "num_partial_branches": 1, "covered_branches": 1, "missing_branches": 1, "percent_branches_covered": 50.0, "percent_branches_covered_display": "50"}, "missing_lines": [17, 18, 23, 24, 41, 71, 72], "excluded_lines": [], "executed_branches": [[40, 43]], "missing_branches": [[40, 41]]}}}, "app/core/config.py": {"executed_lines": [1, 3, 5, 8, 9, 11, 18, 20, 21, 23, 25, 26, 28, 29, 30, 32, 33, 35, 37, 39, 40, 47, 50, 53, 56, 57, 58, 61, 64, 65, 67, 70, 79, 80], "summary": {"covered_lines": 32, "num_statements": 36, "percent_covered": 82.6086956521739, "percent_covered_display": "83", "missing_lines": 4, "excluded_lines": 0, "percent_statements_covered": 88.88888888888889, "percent_statements_covered_display": "89", "num_branches": 10, "num_partial_branches": 2, "covered_branches": 6, "missing_branches": 4, "percent_branches_covered": 60.0, "percent_branches_covered_display": "60"}, "missing_lines": [38, 42, 43, 44], "excluded_lines": [], "executed_branches": [[25, 26], [25, 28], [28, 29], [28, 30], [37, 39], [39, 40]], "missing_branches": [[37, 38], [39, 42], [42, 43], [42, 44]], "functions": {"Settings.async_database_url": {"executed_lines": [23, 25, 26, 28, 29, 30], "summary": {"covered_lines": 6, "num_statements": 6, "percent_covered": 100.0, "percent_covered_display": "100", "missing_lines": 0, "excluded_lines": 0, "percent_statements_covered": 100.0, "percent_statements_covered_display": "100", "num_branches": 4, "num_partial_branches": 0, "covered_branches": 4, "missing_branches": 0, "percent_branches_covered": 100.0, "percent_branches_covered_display": "100"}, "missing_lines": [], "excluded_lines": [], "executed_branches": [[25, 26], [25, 28], [28, 29], [28, 30]], "missing_branches": []}, "Settings.sync_database_url": {"executed_lines": [35, 37, 39, 40], "summary": {"covered_lines": 4, "num_statements": 8, "percent_covered": 42.857142857142854, "percent_covered_display": "43", "missing_lines": 4, "excluded_lines": 0, "percent_statements_covered": 50.0, "percent_statements_covered_display": "50", "num_branches": 6, "num_partial_branches": 2, "covered_branches": 2, "missing_branches": 4, "percent_branches_covered": 33.333333333333336, "percent_branches_covered_display": "33"}, "missing_lines": [38, 42, 43, 44], "excluded_lines": [], "executed_branches": [[37, 39], [39, 40]], "missing_branches": [[37, 38], [39, 42], [42, 43], [42, 44]]}, "get_settings": {"executed_lines": [67], "summary": {"covered_lines": 1, "num_statements": 1, "percent_covered": 100.0, "percent_covered_display": "100", "missing_lines": 0, "excluded_lines": 0, "percent_statements_covered": 100.0, "percent_statements_covered_display": "100", "num_branches": 0, "num_partial_branches": 0, "covered_branches": 0, "missing_branches": 0, "percent_branches_covered": 100.0, "percent_branches_covered_display": "100"}, "missing_lines": [], "excluded_lines": [], "executed_branches": [], "missing_branches": []}, "is_test_mode": {"executed_lines": [79, 80], "summary": {"covered_lines": 2, "num_statements": 2, "percent_covered": 100.0, "percent_covered_display": "100", "missing_lines": 0, "excluded_lines": 0, "percent_statements_covered": 100.0, "percent_statements_covered_display": "100", "num_branches": 0, "num_partial_branches": 0, "covered_branches": 0, "missing_branches": 0, "percent_branches_covered": 100.0, "percent_branches_covered_display": "100"}, "missing_lines": [], "excluded_lines": [], "executed_branches": [], "missing_branches": []}, "": {"executed_lines": [1, 3, 5, 8, 9, 11, 18, 20, 21, 32, 33, 47, 50, 53, 56, 57, 58, 61, 64, 65, 70], "summary": {"covered_lines": 19, "num_statements": 19, "percent_covered": 100.0, "percent_covered_display": "100", "missing_lines": 0, "excluded_lines": 0, "percent_statements_covered": 100.0, "percent_statements_covered_display": "100", "num_branches": 0, "num_partial_branches": 0, "covered_branches": 0, "missing_branches": 0, "percent_branches_covered": 100.0, "percent_branches_covered_display": "100"}, "missing_lines": [], "excluded_lines": [], "executed_branches": [], "missing_branches": []}}, "classes": {"Settings": {"executed_lines": [23, 25, 26, 28, 29, 30, 35, 37, 39, 40], "summary": {"covered_lines": 10, "num_statements": 14, "percent_covered": 66.66666666666667, "percent_covered_display": "67", "missing_lines": 4, "excluded_lines": 0, "percent_statements_covered": 71.42857142857143, "percent_statements_covered_display": "71", "num_branches": 10, "num_partial_branches": 2, "covered_branches": 6, "missing_branches": 4, "percent_branches_covered": 60.0, "percent_branches_covered_display": "60"}, "missing_lines": [38, 42, 43, 44], "excluded_lines": [], "executed_branches": [[25, 26], [25, 28], [28, 29], [28, 30], [37, 39], [39, 40]], "missing_branches": [[37, 38], [39, 42], [42, 43], [42, 44]]}, "": {"executed_lines": [1, 3, 5, 8, 9, 11, 18, 20, 21, 32, 33, 47, 50, 53, 56, 57, 58, 61, 64, 65, 67, 70, 79, 80], "summary": {"covered_lines": 22, "num_statements": 22, "percent_covered": 100.0, "percent_covered_display": "100", "missing_lines": 0, "excluded_lines": 0, "percent_statements_covered": 100.0, "percent_statements_covered_display": "100", "num_branches": 0, "num_partial_branches": 0, "covered_branches": 0, "missing_branches": 0, "percent_branches_covered": 100.0, "percent_branches_covered_display": "100"}, "missing_lines": [], "excluded_lines": [], "executed_branches": [], "missing_branches": []}}}, "app/core/database.py": {"executed_lines": [1, 3, 4, 5, 6, 8, 9, 11, 12, 14, 15, 18, 25, 33, 34, 40, 41, 42, 43, 49, 60, 66, 67, 69, 73, 74, 75, 78, 80, 81, 82, 85, 92, 95, 96, 98, 100, 101, 102, 112, 114], "summary": {"covered_lines": 40, "num_statements": 57, "percent_covered": 68.85245901639344, "percent_covered_display": "69", "missing_lines": 17, "excluded_lines": 0, "percent_statements_covered": 70.17543859649123, "percent_statements_covered_display": "70", "num_branches": 4, "num_partial_branches": 2, "covered_branches": 2, "missing_branches": 2, "percent_branches_covered": 50.0, "percent_branches_covered_display": "50"}, "missing_lines": [44, 45, 46, 51, 52, 53, 54, 55, 56, 57, 70, 71, 103, 104, 107, 108, 109], "excluded_lines": [], "executed_branches": [[69, 73], [98, 100]], "missing_branches": [[69, 70], [98, 107]], "functions": {"async_session": {"executed_lines": [40, 41, 42, 43], "summary": {"covered_lines": 4, "num_statements": 7, "percent_covered": 57.142857142857146, "percent_covered_display": "57", "missing_lines": 3, "excluded_lines": 0, "percent_statements_covered": 57.142857142857146, "percent_statements_covered_display": "57", "num_branches": 0, "num_partial_branches": 0, "covered_branches": 0, "missing_branches": 0, "percent_branches_covered": 100.0, "percent_branches_covered_display": "100"}, "missing_lines": [44, 45, 46], "excluded_lines": [], "executed_branches": [], "missing_branches": []}, "get_db": {"executed_lines": [], "summary": {"covered_lines": 0, "num_statements": 7, "percent_covered": 0.0, "percent_covered_display": "0", "missing_lines": 7, "excluded_lines": 0, "percent_statements_covered": 0.0, "percent_statements_covered_display": "0", "num_branches": 0, "num_partial_branches": 0, "covered_branches": 0, "missing_branches": 0, "percent_branches_covered": 100.0, "percent_branches_covered_display": "100"}, "missing_lines": [51, 52, 53, 54, 55, 56, 57], "excluded_lines": [], "executed_branches": [], "missing_branches": []}, "run_migrations": {"executed_lines": [66, 67, 69, 73, 74, 75, 78, 80, 81, 82], "summary": {"covered_lines": 10, "num_statements": 12, "percent_covered": 78.57142857142857, "percent_covered_display": "79", "missing_lines": 2, "excluded_lines": 0, "percent_statements_covered": 83.33333333333333, "percent_statements_covered_display": "83", "num_branches": 2, "num_partial_branches": 1, "covered_branches": 1, "missing_branches": 1, "percent_branches_covered": 50.0, "percent_branches_covered_display": "50"}, "missing_lines": [70, 71], "excluded_lines": [], "executed_branches": [[69, 73]], "missing_branches": [[69, 70]]}, "init_db": {"executed_lines": [92, 95, 96, 98, 100, 101, 102], "summary": {"covered_lines": 7, "num_statements": 12, "percent_covered": 57.142857142857146, "percent_covered_display": "57", "missing_lines": 5, "excluded_lines": 0, "percent_statements_covered": 58.333333333333336, "percent_statements_covered_display": "58", "num_branches": 2, "num_partial_branches": 1, "covered_branches": 1, "missing_branches": 1, "percent_branches_covered": 50.0, "percent_branches_covered_display": "50"}, "missing_lines": [103, 104, 107, 108, 109], "excluded_lines": [], "executed_branches": [[98, 100]], "missing_branches": [[98, 107]]}, "close_db": {"executed_lines": [114], "summary": {"covered_lines": 1, "num_statements": 1, "percent_covered": 100.0, "percent_covered_display": "100", "missing_lines": 0, "excluded_lines": 0, "percent_statements_covered": 100.0, "percent_statements_covered_display": "100", "num_branches": 0, "num_partial_branches": 0, "covered_branches": 0, "missing_branches": 0, "percent_branches_covered": 100.0, "percent_branches_covered_display": "100"}, "missing_lines": [], "excluded_lines": [], "executed_branches": [], "missing_branches": []}, "": {"executed_lines": [1, 3, 4, 5, 6, 8, 9, 11, 12, 14, 15, 18, 25, 33, 34, 49, 60, 85, 112], "summary": {"covered_lines": 18, "num_statements": 18, "percent_covered": 100.0, "percent_covered_display": "100", "missing_lines": 0, "excluded_lines": 0, "percent_statements_covered": 100.0, "percent_statements_covered_display": "100", "num_branches": 0, "num_partial_branches": 0, "covered_branches": 0, "missing_branches": 0, "percent_branches_covered": 100.0, "percent_branches_covered_display": "100"}, "missing_lines": [], "excluded_lines": [], "executed_branches": [], "missing_branches": []}}, "classes": {"": {"executed_lines": [1, 3, 4, 5, 6, 8, 9, 11, 12, 14, 15, 18, 25, 33, 34, 40, 41, 42, 43, 49, 60, 66, 67, 69, 73, 74, 75, 78, 80, 81, 82, 85, 92, 95, 96, 98, 100, 101, 102, 112, 114], "summary": {"covered_lines": 40, "num_statements": 57, "percent_covered": 68.85245901639344, "percent_covered_display": "69", "missing_lines": 17, "excluded_lines": 0, "percent_statements_covered": 70.17543859649123, "percent_statements_covered_display": "70", "num_branches": 4, "num_partial_branches": 2, "covered_branches": 2, "missing_branches": 2, "percent_branches_covered": 50.0, "percent_branches_covered_display": "50"}, "missing_lines": [44, 45, 46, 51, 52, 53, 54, 55, 56, 57, 70, 71, 103, 104, 107, 108, 109], "excluded_lines": [], "executed_branches": [[69, 73], [98, 100]], "missing_branches": [[69, 70], [98, 107]]}}}, "app/exceptions.py": {"executed_lines": [1, 4, 5, 7, 8, 9, 10, 13, 14, 16, 17, 18], "summary": {"covered_lines": 9, "num_statements": 9, "percent_covered": 100.0, "percent_covered_display": "100", "missing_lines": 0, "excluded_lines": 0, "percent_statements_covered": 100.0, "percent_statements_covered_display": "100", "num_branches": 0, "num_partial_branches": 0, "covered_branches": 0, "missing_branches": 0, "percent_branches_covered": 100.0, "percent_branches_covered_display": "100"}, "missing_lines": [], "excluded_lines": [], "executed_branches": [], "missing_branches": [], "functions": {"ThinkerAPIError.__init__": {"executed_lines": [8, 9, 10], "summary": {"covered_lines": 3, "num_statements": 3, "percent_covered": 100.0, "percent_covered_display": "100", "missing_lines": 0, "excluded_lines": 0, "percent_statements_covered": 100.0, "percent_statements_covered_display": "100", "num_branches": 0, "num_partial_branches": 0, "covered_branches": 0, "missing_branches": 0, "percent_branches_covered": 100.0, "percent_branches_covered_display": "100"}, "missing_lines": [], "excluded_lines": [], "executed_branches": [], "missing_branches": []}, "BillingError.__init__": {"executed_lines": [17, 18], "summary": {"covered_lines": 2, "num_statements": 2, "percent_covered": 100.0, "percent_covered_display": "100", "missing_lines": 0, "excluded_lines": 0, "percent_statements_covered": 100.0, "percent_statements_covered_display": "100", "num_branches": 0, "num_partial_branches": 0, "covered_branches": 0, "missing_branches": 0, "percent_branches_covered": 100.0, "percent_branches_covered_display": "100"}, "missing_lines": [], "excluded_lines": [], "executed_branches": [], "missing_branches": []}, "": {"executed_lines": [1, 4, 5, 7, 13, 14, 16], "summary": {"covered_lines": 4, "num_statements": 4, "percent_covered": 100.0, "percent_covered_display": "100", "missing_lines": 0, "excluded_lines": 0, "percent_statements_covered": 100.0, "percent_statements_covered_display": "100", "num_branches": 0, "num_partial_branches": 0, "covered_branches": 0, "missing_branches": 0, "percent_branches_covered": 100.0, "percent_branches_covered_display": "100"}, "missing_lines": [], "excluded_lines": [], "executed_branches": [], "missing_branches": []}}, "classes": {"ThinkerAPIError": {"executed_lines": [8, 9, 10], "summary": {"covered_lines": 3, "num_statements": 3, "percent_covered": 100.0, "percent_covered_display": "100", "missing_lines": 0, "excluded_lines": 0, "percent_statements_covered": 100.0, "percent_statements_covered_display": "100", "num_branches": 0, "num_partial_branches": 0, "covered_branches": 0, "missing_branches": 0, "percent_branches_covered": 100.0, "percent_branches_covered_display": "100"}, "missing_lines": [], "excluded_lines": [], "executed_branches": [], "missing_branches": []}, "BillingError": {"executed_lines": [17, 18], "summary": {"covered_lines": 2, "num_statements": 2, "percent_covered": 100.0, "percent_covered_display": "100", "missing_lines": 0, "excluded_lines": 0, "percent_statements_covered": 100.0, "percent_statements_covered_display": "100", "num_branches": 0, "num_partial_branches": 0, "covered_branches": 0, "missing_branches": 0, "percent_branches_covered": 100.0, "percent_branches_covered_display": "100"}, "missing_lines": [], "excluded_lines": [], "executed_branches": [], "missing_branches": []}, "": {"executed_lines": [1, 4, 5, 7, 13, 14, 16], "summary": {"covered_lines": 4, "num_statements": 4, "percent_covered": 100.0, "percent_covered_display": "100", "missing_lines": 0, "excluded_lines": 0, "percent_statements_covered": 100.0, "percent_statements_covered_display": "100", "num_branches": 0, "num_partial_branches": 0, "covered_branches": 0, "missing_branches": 0, "percent_branches_covered": 100.0, "percent_branches_covered_display": "100"}, "missing_lines": [], "excluded_lines": [], "executed_branches": [], "missing_branches": []}}}, "app/main.py": {"executed_lines": [1, 3, 4, 5, 7, 8, 9, 10, 12, 13, 14, 15, 16, 17, 18, 20, 21, 24, 26, 28, 45, 46, 49, 51, 52, 54, 57, 66, 67, 85, 86, 96, 105, 108, 111, 112, 114, 117, 118, 120, 559, 560, 607, 608, 609, 992, 1015, 1033, 1034, 1040, 1041, 1042, 1043, 1044, 1045, 1971, 1981, 1983, 1990, 2232, 2233, 2234, 2243, 2244, 2245, 2750, 2753, 2758, 2765, 2766], "summary": {"covered_lines": 39, "num_statements": 46, "percent_covered": 81.25, "percent_covered_display": "81", "missing_lines": 7, "excluded_lines": 0, "percent_statements_covered": 84.78260869565217, "percent_statements_covered_display": "85", "num_branches": 2, "num_partial_branches": 0, "covered_branches": 0, "missing_branches": 2, "percent_branches_covered": 0.0, "percent_branches_covered_display": "0"}, "missing_lines": [29, 31, 33, 38, 39, 40, 42], "excluded_lines": [], "executed_branches": [], "missing_branches": [[31, 33], [31, 42]], "functions": {"create_admin_user": {"executed_lines": [26, 28], "summary": {"covered_lines": 2, "num_statements": 9, "percent_covered": 18.181818181818183, "percent_covered_display": "18", "missing_lines": 7, "excluded_lines": 0, "percent_statements_covered": 22.22222222222222, "percent_statements_covered_display": "22", "num_branches": 2, "num_partial_branches": 0, "covered_branches": 0, "missing_branches": 2, "percent_branches_covered": 0.0, "percent_branches_covered_display": "0"}, "missing_lines": [29, 31, 33, 38, 39, 40, 42], "excluded_lines": [], "executed_branches": [], "missing_branches": [[31, 33], [31, 42]]}, "lifespan": {"executed_lines": [49, 51, 52, 54], "summary": {"covered_lines": 4, "num_statements": 4, "percent_covered": 100.0, "percent_covered_display": "100", "missing_lines": 0, "excluded_lines": 0, "percent_statements_covered": 100.0, "percent_statements_covered_display": "100", "num_branches": 0, "num_partial_branches": 0, "covered_branches": 0, "missing_branches": 0, "percent_branches_covered": 100.0, "percent_branches_covered_display": "100"}, "missing_lines": [], "excluded_lines": [], "executed_branches": [], "missing_branches": []}, "billing_error_handler": {"executed_lines": [85, 86], "summary": {"covered_lines": 2, "num_statements": 2, "percent_covered": 100.0, "percent_covered_display": "100", "missing_lines": 0, "excluded_lines": 0, "percent_statements_covered": 100.0, "percent_statements_covered_display": "100", "num_branches": 0, "num_partial_branches": 0, "covered_branches": 0, "missing_branches": 0, "percent_branches_covered": 100.0, "percent_branches_covered_display": "100"}, "missing_lines": [], "excluded_lines": [], "executed_branches": [], "missing_branches": []}, "health_check": {"executed_lines": [114], "summary": {"covered_lines": 1, "num_statements": 1, "percent_covered": 100.0, "percent_covered_display": "100", "missing_lines": 0, "excluded_lines": 0, "percent_statements_covered": 100.0, "percent_statements_covered_display": "100", "num_branches": 0, "num_partial_branches": 0, "covered_branches": 0, "missing_branches": 0, "percent_branches_covered": 100.0, "percent_branches_covered_display": "100"}, "missing_lines": [], "excluded_lines": [], "executed_branches": [], "missing_branches": []}, "version": {"executed_lines": [120], "summary": {"covered_lines": 1, "num_statements": 1, "percent_covered": 100.0, "percent_covered_display": "100", "missing_lines": 0, "excluded_lines": 0, "percent_statements_covered": 100.0, "percent_statements_covered_display": "100", "num_branches": 0, "num_partial_branches": 0, "covered_branches": 0, "missing_branches": 0, "percent_branches_covered": 100.0, "percent_branches_covered_display": "100"}, "missing_lines": [], "excluded_lines": [], "executed_branches": [], "missing_branches": []}, "": {"executed_lines": [1, 3, 4, 5, 7, 8, 9, 10, 12, 13, 14, 15, 16, 17, 18, 20, 21, 24, 45, 46, 57, 66, 67, 96, 105, 108, 111, 112, 117, 118], "summary": {"covered_lines": 29, "num_statements": 29, "percent_covered": 100.0, "percent_covered_display": "100", "missing_lines": 0, "excluded_lines": 0, "percent_statements_covered": 100.0, "percent_statements_covered_display": "100", "num_branches": 0, "num_partial_branches": 0, "covered_branches": 0, "missing_branches": 0, "percent_branches_covered": 100.0, "percent_branches_covered_display": "100"}, "missing_lines": [], "excluded_lines": [], "executed_branches": [], "missing_branches": []}}, "classes": {"": {"executed_lines": [1, 3, 4, 5, 7, 8, 9, 10, 12, 13, 14, 15, 16, 17, 18, 20, 21, 24, 26, 28, 45, 46, 49, 51, 52, 54, 57, 66, 67, 85, 86, 96, 105, 108, 111, 112, 114, 117, 118, 120], "summary": {"covered_lines": 39, "num_statements": 46, "percent_covered": 81.25, "percent_covered_display": "81", "missing_lines": 7, "excluded_lines": 0, "percent_statements_covered": 84.78260869565217, "percent_statements_covered_display": "85", "num_branches": 2, "num_partial_branches": 0, "covered_branches": 0, "missing_branches": 2, "percent_branches_covered": 0.0, "percent_branches_covered_display": "0"}, "missing_lines": [29, 31, 33, 38, 39, 40, 42], "excluded_lines": [], "executed_branches": [], "missing_branches": [[31, 33], [31, 42]]}}}, "app/models/__init__.py": {"executed_lines": [1, 3, 4, 5, 6, 7, 8, 10], "summary": {"covered_lines": 7, "num_statements": 7, "percent_covered": 
[...]
: 3, "percent_covered": 0.0, "percent_covered_display": "0", "missing_lines": 3, "excluded_lines": 0, "percent_statements_covered": 0.0, "percent_statements_covered_display": "0", "num_branches": 0, "num_partial_branches": 0, "covered_branches": 0, "missing_branches": 0, "percent_branches_covered": 100.0, "percent_branches_covered_display": "100"}, "missing_lines": [435, 436, 438], "excluded_lines": [], "executed_branches": [], "missing_branches": []}, "ThinkerService._split_response_into_bubbles": {"executed_lines": [578, 579, 581, 584, 585, 588, 591, 597, 598, 599, 600, 602, 604, 605, 608, 610, 611, 612, 616, 628, 631, 634, 635, 637, 638, 640, 643, 644, 647, 656], "summary": {"covered_lines": 30, "num_statements": 37, "percent_covered": 76.19047619047619, "percent_covered_display": "76", "missing_lines": 7, "excluded_lines": 0, "percent_statements_covered": 81.08108108108108, "percent_statements_covered_display": "81", "num_branches": 26, "num_partial_branches": 4, "covered_branches": 18, "missing_branches": 8, "percent_branches_covered": 69.23076923076923, "percent_branches_covered_display": "69"}, "missing_lines": [592, 613, 649, 651, 652, 653, 654], "excluded_lines": [], "executed_branches": [[578, 579], [578, 581], [584, 585], [584, 588], [591, 597], [597, 598], [597, 599], [599, 600], [599, 602], [610, 611], [610, 643], [612, 616], [631, 634], [631, 637], [637, 638], [637, 640], [643, 644], [647, 656]], "missing_branches": [[591, 592], [612, 613], [643, 647], [647, 649], [651, 652], [651, 656], [652, 651], [652, 653]]}, "ThinkerService._extract_thinking_display": {"executed_lines": [665, 666, 669, 673, 674, 677, 678, 680, 681, 682, 683, 684, 687, 692, 694, 695, 696, 700, 712, 713, 716, 726, 727, 730, 731, 734, 735, 737], "summary": {"covered_lines": 28, "num_statements": 29, "percent_covered": 84.31372549019608, "percent_covered_display": "84", "missing_lines": 1, "excluded_lines": 0, "percent_statements_covered": 96.55172413793103, "percent_statements_covered_display": "97", "num_branches": 22, "num_partial_branches": 7, "covered_branches": 15, "missing_branches": 7, "percent_branches_covered": 68.18181818181819, "percent_branches_covered_display": "68"}, "missing_lines": [688], "excluded_lines": [], "executed_branches": [[665, 666], [665, 669], [673, 674], [673, 677], [677, 678], [677, 687], [680, 681], [682, 683], [687, 692], [692, 694], [695, 696], [712, 713], [712, 716], [730, 731], [734, 735]], "missing_branches": [[680, 687], [682, 680], [687, 688], [692, 700], [695, 700], [730, 734], [734, 737]]}, "ThinkerService.generate_response": {"executed_lines": [749, 750, 753, 756, 762, 767, 794, 795, 802, 803, 804, 806, 807, 808, 809, 810, 811, 812], "summary": {"covered_lines": 18, "num_statements": 21, "percent_covered": 88.0, "percent_covered_display": "88", "missing_lines": 3, "excluded_lines": 0, "percent_statements_covered": 85.71428571428571, "percent_statements_covered_display": "86", "num_branches": 4, "num_partial_branches": 0, "covered_branches": 4, "missing_branches": 0, "percent_branches_covered": 100.0, "percent_branches_covered_display": "100"}, "missing_lines": [813, 814, 815], "excluded_lines": [], "executed_branches": [[749, 750], [749, 753], [807, 808], [807, 809]], "missing_branches": []}, "ThinkerService.generate_response.get_sender_label": {"executed_lines": [757, 758, 760], "summary": {"covered_lines": 3, "num_statements": 3, "percent_covered": 100.0, "percent_covered_display": "100", "missing_lines": 0, "excluded_lines": 0, "percent_statements_covered": 100.0, "percent_statements_covered_display": "100", "num_branches": 0, "num_partial_branches": 0, "covered_branches": 0, "missing_branches": 0, "percent_branches_covered": 100.0, "percent_branches_covered_display": "100"}, "missing_lines": [], "excluded_lines": [], "executed_branches": [], "missing_branches": []}, "ThinkerService.start_conversation_agents": {"executed_lines": [], "summary": {"covered_lines": 0, "num_statements": 6, "percent_covered": 0.0, "percent_covered_display": "0", "missing_lines": 6, "excluded_lines": 0, "percent_statements_covered": 0.0, "percent_statements_covered_display": "0", "num_branches": 4, "num_partial_branches": 0, "covered_branches": 0, "missing_branches": 4, "percent_branches_covered": 0.0, "percent_branches_covered_display": "0"}, "missing_lines": [832, 834, 836, 838, 839, 848], "excluded_lines": [], "executed_branches": [], "missing_branches": [[832, 834], [832, 836], [838, -817], [838, 839]]}, "ThinkerService.stop_conversation_agents": {"executed_lines": [852, 853, 854, 855, 856, 857], "summary": {"covered_lines": 6, "num_statements": 6, "percent_covered": 100.0, "percent_covered_display": "100", "missing_lines": 0, "excluded_lines": 0, "percent_statements_covered": 100.0, "percent_statements_covered_display": "100", "num_branches": 4, "num_partial_branches": 0, "covered_branches": 4, "missing_branches": 0, "percent_branches_covered": 100.0, "percent_branches_covered_display": "100"}, "missing_lines": [], "excluded_lines": [], "executed_branches": [[852, -850], [852, 853], [853, 854], [853, 857]], "missing_branches": []}, "ThinkerService.pause_conversation": {"executed_lines": [864], "summary": {"covered_lines": 1, "num_statements": 1, "percent_covered": 100.0, "percent_covered_display": "100", "missing_lines": 0, "excluded_lines": 0, "percent_statements_covered": 100.0, "percent_statements_covered_display": "100", "num_branches": 0, "num_partial_branches": 0, "covered_branches": 0, "missing_branches": 0, "percent_branches_covered": 100.0, "percent_branches_covered_display": "100"}, "missing_lines": [], "excluded_lines": [], "executed_branches": [], "missing_branches": []}, "ThinkerService.resume_conversation": {"executed_lines": [868], "summary": {"covered_lines": 1, "num_statements": 1, "percent_covered": 100.0, "percent_covered_display": "100", "missing_lines": 0, "excluded_lines": 0, "percent_statements_covered": 100.0, "percent_statements_covered_display": "100", "num_branches": 0, "num_partial_branches": 0, "covered_branches": 0, "missing_branches": 0, "percent_branches_covered": 100.0, "percent_branches_covered_display": "100"}, "missing_lines": [], "excluded_lines": [], "executed_branches": [], "missing_branches": []}, "ThinkerService.is_paused": {"executed_lines": [872], "summary": {"covered_lines": 1, "num_statements": 1, "percent_covered": 100.0, "percent_covered_display": "100", "missing_lines": 0, "excluded_lines": 0, "percent_statements_covered": 100.0, "percent_statements_covered_display": "100", "num_branches": 0, "num_partial_branches": 0, "covered_branches": 0, "missing_branches": 0, "percent_branches_covered": 100.0, "percent_branches_covered_display": "100"}, "missing_lines": [], "excluded_lines": [], "executed_branches": [], "missing_branches": []}, "ThinkerService._run_thinker_agent": {"executed_lines": [], "summary": {"covered_lines": 0, "num_statements": 88, "percent_covered": 0.0, "percent_covered_display": "0", "missing_lines": 88, "excluded_lines": 0, "percent_statements_covered": 0.0, "percent_statements_covered_display": "0", "num_branches": 28, "num_partial_branches": 0, "covered_branches": 0, "missing_branches": 28, "percent_branches_covered": 0.0, "percent_branches_covered_display": "0"}, "missing_lines": [888, 889, 890, 892, 893, 895, 897, 898, 901, 903, 904, 909, 910, 915, 916, 917, 918, 919, 920, 921, 924, 927, 931, 932, 935, 936, 941, 945, 948, 949, 950, 953, 955, 961, 966, 967, 968, 970, 972, 975, 978, 980, 981, 984, 987, 995, 996, 999, 1002, 1003, 1012, 1013, 1015, 1017, 1019, 1020, 1022, 1024, 1029, 1030, 1032, 1033, 1035, 1036, 1037, 1039, 1040, 1041, 1042, 1050, 1057, 1058, 1060, 1061, 1062, 1071, 1072, 1079, 1080, 1082, 1083, 1084, 1092, 1093, 1095, 1098, 1099, 1107], "excluded_lines": [], "executed_branches": [], "missing_branches": [[895, 897], [895, 901], [901, 903], [901, 909], [917, 918], [917, 924], [919, 920], [919, 924], [931, 932], [931, 1024], [948, 949], [948, 953], [953, 955], [953, 961], [966, 967], [966, 970], [970, 972], [970, 1022], [978, 980], [978, 1019], [980, 981], [980, 987], [995, 996], [995, 1002], [1012, 978], [1012, 1013], [1029, 1030], [1029, 1032]]}, "ThinkerService._get_user_name_from_messages": {"executed_lines": [1111, 1112, 1113, 1114, 1115, 1116], "summary": {"covered_lines": 6, "num_statements": 6, "percent_covered": 100.0, "percent_covered_display": "100", "missing_lines": 0, "excluded_lines": 0, "percent_statements_covered": 100.0, "percent_statements_covered_display": "100", "num_branches": 4, "num_partial_branches": 0, "covered_branches": 4, "missing_branches": 0, "percent_branches_covered": 100.0, "percent_branches_covered_display": "100"}, "missing_lines": [], "excluded_lines": [], "executed_branches": [[1111, 1112], [1111, 1116], [1114, 1111], [1114, 1115]], "missing_branches": []}, "ThinkerService._count_messages_since_user": {"executed_lines": [1120, 1121, 1122, 1123, 1124, 1125, 1126, 1127], "summary": {"covered_lines": 8, "num_statements": 8, "percent_covered": 91.66666666666667, "percent_covered_display": "92", "missing_lines": 0, "excluded_lines": 0, "percent_statements_covered": 100.0, "percent_statements_covered_display": "100", "num_branches": 4, "num_partial_branches": 1, "covered_branches": 3, "missing_branches": 1, "percent_branches_covered": 75.0, "percent_branches_covered_display": "75"}, "missing_lines": [], "excluded_lines": [], "executed_branches": [[1121, 1122], [1124, 1125], [1124, 1126]], "missing_branches": [[1121, 1127]]}, "ThinkerService._should_prompt_user": {"executed_lines": [1141, 1142, 1144, 1147, 1149, 1154, 1155], "summary": {"covered_lines": 7, "num_statements": 8, "percent_covered": 83.33333333333333, "percent_covered_display": "83", "missing_lines": 1, "excluded_lines": 0, "percent_statements_covered": 87.5, "percent_statements_covered_display": "88", "num_branches": 4, "num_partial_branches": 1, "covered_branches": 3, "missing_branches": 1, "percent_branches_covered": 75.0, "percent_branches_covered_display": "75"}, "missing_lines": [1150], "excluded_lines": [], "executed_branches": [[1141, 1142], [1141, 1144], [1149, 1154]], "missing_branches": [[1149, 1150]]}, "ThinkerService.generate_user_prompt": {"executed_lines": [1168, 1169, 1172, 1177, 1181, 1208, 1209, 1216, 1217, 1218, 1220, 1221, 1222, 1223, 1224, 1225, 1226], "summary": {"covered_lines": 17, "num_statements": 17, "percent_covered": 100.0, "percent_covered_display": "100", "missing_lines": 0, "excluded_lines": 0, "percent_statements_covered": 100.0, "percent_statements_covered_display": "100", "num_branches": 4, "num_partial_branches": 0, "covered_branches": 4, "missing_branches": 0, "percent_branches_covered": 100.0, "percent_branches_covered_display": "100"}, "missing_lines": [], "excluded_lines": [], "executed_branches": [[1168, 1169], [1168, 1172], [1221, 1222], [1221, 1223]], "missing_branches": []}, "ThinkerService.generate_user_prompt.get_sender_label": {"executed_lines": [1173, 1174, 1175], "summary": {"covered_lines": 3, "num_statements": 3, "percent_covered": 100.0, "percent_covered_display": "100", "missing_lines": 0, "excluded_lines": 0, "percent_statements_covered": 100.0, "percent_statements_covered_display": "100", "num_branches": 0, "num_partial_branches": 0, "covered_branches": 0, "missing_branches": 0, "percent_branches_covered": 100.0, "percent_branches_covered_display": "100"}, "missing_lines": [], "excluded_lines": [], "executed_branches": [], "missing_branches": []}, "ThinkerService._should_respond": {"executed_lines": [1243, 1244, 1247, 1248, 1249, 1252, 1253, 1256, 1259, 1263, 1267, 1268, 1271, 1272, 1274], "summary": {"covered_lines": 15, "num_statements": 17, "percent_covered": 82.75862068965517, "percent_covered_display": "83", "missing_lines": 2, "excluded_lines": 0, "percent_statements_covered": 88.23529411764706, "percent_statements_covered_display": "88", "num_branches": 12, "num_partial_branches": 3, "covered_branches": 9, "missing_branches": 3, "percent_branches_covered": 75.0, "percent_branches_covered_display": "75"}, "missing_lines": [1260, 1264], "excluded_lines": [], "executed_branches": [[1243, 1244], [1243, 1247], [1248, 1249], [1248, 1252], [1259, 1263], [1263, 1267], [1267, 1268], [1271, 1272], [1271, 1274]], "missing_branches": [[1259, 1260], [1263, 1264], [1267, 1271]]}, "": {"executed_lines": [1, 3, 4, 5, 6, 7, 8, 9, 11, 12, 13, 15, 16, 17, 18, 20, 24, 25, 27, 30, 31, 33, 39, 40, 46, 96, 169, 286, 350, 415, 570, 658, 739, 817, 850, 862, 866, 870, 874, 1109, 1118, 1129, 1157, 1228, 1278], "summary": {"covered_lines": 42, "num_statements": 42, "percent_covered": 100.0, "percent_covered_display": "100", "missing_lines": 0, "excluded_lines": 2, "percent_statements_covered": 100.0, "percent_statements_covered_display": "100", "num_branches": 0, "num_partial_branches": 0, "covered_branches": 0, "missing_branches": 0, "percent_branches_covered": 100.0, "percent_branches_covered_display": "100"}, "missing_lines": [], "excluded_lines": [20, 21], "executed_branches": [], "missing_branches": []}}, "classes": {"ThinkerService": {"executed_lines": [34, 35, 36, 37, 42, 44, 52, 54, 57, 59, 60, 67, 68, 70, 73, 76, 83, 84, 86, 87, 88, 89, 90, 92, 93, 94, 109, 110, 112, 115, 117, 118, 119, 120, 127, 128, 129, 130, 133, 134, 137, 140, 141, 142, 147, 148, 149, 150, 151, 152, 154, 155, 156, 161, 164, 167, 177, 180, 181, 182, 184, 185, 186, 187, 189, 218, 219, 226, 228, 229, 230, 231, 232, 233, 234, 235, 236, 238, 240, 241, 242, 243, 244, 245, 246, 247, 250, 253, 254, 255, 257, 258, 259, 263, 270, 271, 272, 274, 275, 276, 277, 282, 283, 284, 291, 292, 294, 315, 316, 322, 324, 325, 326, 327, 328, 330, 332, 333, 334, 335, 336, 337, 338, 339, 340, 341, 346, 347, 348, 361, 364, 367, 370, 372, 374, 378, 380, 381, 382, 383, 384, 385, 386, 387, 389, 395, 397, 401, 403, 407, 409, 410, 411, 413, 427, 428, 431, 434, 440, 445, 472, 474, 475, 476, 477, 480, 483, 486, 488, 489, 554, 556, 557, 558, 559, 560, 564, 565, 578, 579, 581, 584, 585, 588, 591, 597, 598, 599, 600, 602, 604, 605, 608, 610, 611, 612, 616, 628, 631, 634, 635, 637, 638, 640, 643, 644, 647, 656, 665, 666, 669, 673, 674, 677, 678, 680, 681, 682, 683, 684, 687, 692, 694, 695, 696, 700, 712, 713, 716, 726, 727, 730, 731, 734, 735, 737, 749, 750, 753, 756, 757, 758, 760, 762, 767, 794, 795, 802, 803, 804, 806, 807, 808, 809, 810, 811, 812, 852, 853, 854, 855, 856, 857, 864, 868, 872, 1111, 1112, 1113, 1114, 1115, 1116, 1120, 1121, 1122, 1123, 1124, 1125, 1126, 1127, 1141, 1142, 1144, 1147, 1149, 1154, 1155, 1168, 1169, 1172, 1173, 1174, 1175, 1177, 1181, 1208, 1209, 1216, 1217, 1218, 1220, 1221, 1222, 1223, 1224, 1225, 1226, 1243, 1244, 1247, 1248, 1249, 1252, 1253, 1256, 1259, 1263, 1267, 1268, 1271, 1272, 1274], "summary": {"covered_lines": 322, "num_statements": 477, "percent_covered": 65.27977044476327, "percent_covered_display": "65", "missing_lines": 155, "excluded_lines": 0, "percent_statements_covered": 67.50524109014675, "percent_statements_covered_display": "68", "num_branches": 220, "num_partial_branches": 25, "covered_branches": 133, "missing_branches": 87, "percent_branches_covered": 60.45454545454545, "percent_branches_covered_display": "60"}, "missing_lines": [43, 71, 143, 144, 157, 158, 162, 178, 281, 345, 435, 436, 438, 498, 500, 501, 502, 503, 506, 509, 510, 511, 512, 513, 515, 517, 518, 520, 521, 522, 525, 526, 528, 529, 531, 534, 535, 536, 540, 541, 542, 544, 546, 552, 566, 567, 568, 592, 613, 649, 651, 652, 653, 654, 688, 813, 814, 815, 832, 834, 836, 838, 839, 848, 888, 889, 890, 892, 893, 895, 897, 898, 901, 903, 904, 909, 910, 915, 916, 917, 918, 919, 920, 921, 924, 927, 931, 932, 935, 936, 941, 945, 948, 949, 950, 953, 955, 961, 966, 967, 968, 970, 972, 975, 978, 980, 981, 984, 987, 995, 996, 999, 1002, 1003, 1012, 1013, 1015, 1017, 1019, 1020, 1022, 1024, 1029, 1030, 1032, 1033, 1035, 1036, 1037, 1039, 1040, 1041, 1042, 1050, 1057, 1058, 1060, 1061, 1062, 1071, 1072, 1079, 1080, 1082, 1083, 1084, 1092, 1093, 1095, 1098, 1099, 1107, 1150, 1260, 1264], "excluded_lines": [], "executed_branches": [[42, 44], [70, 73], [87, 88], [87, 92], [88, 87], [88, 89], [109, 110], [109, 112], [115, 117], [115, 167], [127, 128], [127, 137], [141, 142], [141, 147], [142, 141], [149, 150], [149, 161], [150, 151], [152, 149], [152, 154], [154, 155], [161, 164], [177, 180], [181, 182], [181, 184], [185, 186], [185, 189], [229, 230], [229, 232], [234, 235], [234, 238], [238, 240], [238, 241], [241, 242], [241, 243], [257, 258], [257, 270], [276, 277], [291, 292], [291, 294], [325, 326], [325, 327], [330, 332], [330, 335], [340, 341], [372, 374], [372, 378], [378, 380], [378, 395], [380, 381], [380, 382], [382, 383], [382, 384], [384, 385], [384, 386], [386, 387], [386, 389], [395, 397], [395, 401], [401, 403], [401, 407], [407, 409], [407, 410], [410, 411], [410, 413], [427, 428], [427, 431], [558, 559], [558, 564], [578, 579], [578, 581], [584, 585], [584, 588], [591, 597], [597, 598], [597, 599], [599, 600], [599, 602], [610, 611], [610, 643], [612, 616], [631, 634], [631, 637], [637, 638], [637, 640], [643, 644], [647, 656], [665, 666], [665, 669], [673, 674], [673, 677], [677, 678], [677, 687], [680, 681], [682, 683], [687, 692], [692, 694], [695, 696], [712, 713], [712, 716], [730, 731], [734, 735], [749, 750], [749, 753], [807, 808], [807, 809], [852, -850], [852, 853], [853, 854], [853, 857], [1111, 1112], [1111, 1116], [1114, 1111], [1114, 1115], [1121, 1122], [1124, 1125], [1124, 1126], [1141, 1142], [1141, 1144], [1149, 1154], [1168, 1169], [1168, 1172], [1221, 1222], [1221, 1223], [1243, 1244], [1243, 1247], [1248, 1249], [1248, 1252], [1259, 1263], [1263, 1267], [1267, 1268], [1271, 1272], [1271, 1274]], "missing_branches": [[42, 43], [70, 71], [142, 143], [150, 157], [154, 152], [157, 149], [157, 158], [161, 162], [177, 178], [276, 281], [340, 345], [498, 500], [498, 534], [500, 501], [500, 509], [501, 502], [501, 506], [509, 510], [509, 511], [511, 512], [511, 529], [513, 515], [513, 526], [518, 498], [518, 520], [521, 522], [521, 525], [526, 498], [526, 528], [529, 498], [529, 531], [541, 542], [541, 546], [542, 541], [542, 544], [591, 592], [612, 613], [643, 647], [647, 649], [651, 652], [651, 656], [652, 651], [652, 653], [680, 687], [682, 680], [687, 688], [692, 700], [695, 700], [730, 734], [734, 737], [832, 834], [832, 836], [838, -817], [838, 839], [895, 897], [895, 901], [901, 903], [901, 909], [917, 918], [917, 924], [919, 920], [919, 924], [931, 932], [931, 1024], [948, 949], [948, 953], [953, 955], [953, 961], [966, 967], [966, 970], [970, 972], [970, 1022], [978, 980], [978, 1019], [980, 981], [980, 987], [995, 996], [995, 1002], [1012, 978], [1012, 1013], [1029, 1030], [1029, 1032], [1121, 1127], [1149, 1150], [1259, 1260], [1263, 1264], [1267, 1271]]}, "": {"executed_lines": [1, 3, 4, 5, 6, 7, 8, 9, 11, 12, 13, 15, 16, 17, 18, 20, 24, 25, 27, 30, 31, 33, 39, 40, 46, 96, 169, 286, 350, 415, 570, 658, 739, 817, 850, 862, 866, 870, 874, 1109, 1118, 1129, 1157, 1228, 1278], "summary": {"covered_lines": 42, "num_statements": 42, "percent_covered": 100.0, "percent_covered_display": "100", "missing_lines": 0, "excluded_lines": 2, "percent_statements_covered": 100.0, "percent_statements_covered_display": "100", "num_branches": 0, "num_partial_branches": 0, "covered_branches": 0, "missing_branches": 0, "percent_branches_covered": 100.0, "percent_branches_covered_display": "100"}, "missing_lines": [], "excluded_lines": [20, 21], "executed_branches": [], "missing_branches": []}}}}, "totals": {"covered_lines": 1077, "num_statements": 1476, "percent_covered": 68.85245901639344, "percent_covered_display": "69", "missing_lines": 399, "excluded_lines": 17, "percent_statements_covered": 72.96747967479675, "percent_statements_covered_display": "73", "num_branches": 354, "num_partial_branches": 43, "covered_branches": 183, "missing_branches": 171, "percent_branches_covered": 51.69491525423729, "percent_branches_covered_display": "52"}}