{"meta": {"format": 3, "version": "7.13.0", "timestamp": "2026-02-04T03:01:13.199518", "branch_coverage": true, "show_contexts": false}, "files": {"app/__init__.py": {"executed_lines": [1, 3, 4], "summary": {"covered_lines": 2, "num_statements": 2, "percent_covered": 100.0, "percent_covered_display": "100", "missing_lines": 0, "excluded_lines": 0, "percent_statements_covered": 100.0, "percent_statements_covered_display": "100", "num_branches": 0, "num_partial_branches": 0, "covered_branches": 0, "missing_branches": 0, "percent_branches_covered": 100.0, "percent_branches_covered_display": "100"}, "missing_lines": [], "excluded_lines": [], "executed_branches": [], "missing_branches": [], "functions": {"": {"executed_lines": [1, 3, 4], "summary": {"covered_lines": 2, "num_statements": 2, "percent_covered": 100.0, "percent_covered_display": "100", "missing_lines": 0, "excluded_lines": 0, "percent_statements_covered": 100.0, "percent_statements_covered_display": "100", "num_branches": 0, "num_partial_branches": 0, "covered_branches": 0, "missing_branches": 0, "percent_branches_covered": 100.0, "percent_branches_covered_display": "100"}, "missing_lines": [], "excluded_lines": [], "executed_branches": [], "missing_branches": []}}, "classes": {"": {"executed_lines": [1, 3, 4], "summary": {"covered_lines": 2, "num_statements": 2, "percent_covered": 100.0, "percent_covered_display": "100", "missing_lines": 0, "excluded_lines": 0, "percent_statements_covered": 100.0, "percent_statements_covered_display": "100", "num_branches": 0, "num_partial_branches": 0, "covered_branches": 0, "missing_branches": 0, "percent_branches_covered": 100.0, "percent_branches_covered_display": "100"}, "missing_lines": [], "excluded_lines": [], "executed_branches": [], "missing_branches": []}}}, "app/api/__init__.py": {"executed_lines": [1, 3, 5, 18, 20, 21, 22, 23, 24, 25, 26, 27, 28, 31], "summary": {"covered_lines": 13, "num_statements": 13, "percent_covered": 100.0, "percent_covered_display": "100", "missing_lines": 0, "excluded_lines": 0, "percent_statements_covered": 100.0, "percent_statements_covered_display": "100", "num_branches": 0, "num_partial_branches": 0, "covered_branches": 0, "missing_branches": 0, "percent_branches_covered": 100.0, "percent_branches_covered_display": "100"}, "missing_lines": [], "excluded_lines": [], "executed_branches": [], "missing_branches": [], "functions": {"": {"executed_lines": [1, 3, 5, 18, 20, 21, 22, 23, 24, 25, 26, 27, 28, 31], "summary": {"covered_lines": 13, "num_statements": 13, "percent_covered": 100.0, "percent_covered_display": "100", "missing_lines": 0, "excluded_lines": 0, "percent_statements_covered": 100.0, "percent_statements_covered_display": "100", "num_branches": 0, "num_partial_branches": 0, "covered_branches": 0, "missing_branches": 0, "percent_branches_covered": 100.0, "percent_branches_covered_display": "100"}, "missing_lines": [], "excluded_lines": [], "executed_branches": [], "missing_branches": []}}, "classes": {"": {"executed_lines": [1, 3, 5, 18, 20, 21, 22, 23, 24, 25, 26, 27, 28, 31], "summary": {"covered_lines": 13, "num_statements": 13, "percent_covered": 100.0, "percent_covered_display": "100", "missing_lines": 0, "excluded_lines": 0, "percent_statements_covered": 100.0, "percent_statements_covered_display": "100", "num_branches": 0, "num_partial_branches": 0, "covered_branches": 0, "missing_branches": 0, "percent_branches_covered": 100.0, "percent_branches_covered_display": "100"}, "missing_lines": [], "excluded_lines": [], "executed_branches": [], "missing_branches": []}}}, "app/api/admin.py": {"executed_lines": [1, 3, 5, 6, 7, 8, 10, 11, 12, 13, 15, 18, 19, 25, 56, 57, 59, 62, 63, 65, 66, 67, 70, 71, 78, 88, 97, 98, 105, 106, 112, 122, 123], "summary": {"covered_lines": 30, "num_statements": 45, "percent_covered": 60.37735849056604, "percent_covered_display": "60", "missing_lines": 15, "excluded_lines": 0, "percent_statements_covered": 66.66666666666667, "percent_statements_covered_display": "67", "num_branches": 8, "num_partial_branches": 0, "covered_branches": 2, "missing_branches": 6, "percent_branches_covered": 25.0, "percent_branches_covered_display": "25"}, "missing_lines": [35, 36, 37, 38, 39, 53, 79, 81, 82, 87, 90, 113, 115, 116, 125], "excluded_lines": [], "executed_branches": [[105, 106], [105, 112]], "missing_branches": [[36, 37], [36, 53], [81, 82], [81, 87], [115, 116], [115, 122]], "functions": {"list_users": {"executed_lines": [25], "summary": {"covered_lines": 1, "num_statements": 7, "percent_covered": 11.11111111111111, "percent_covered_display": "11", "missing_lines": 6, "excluded_lines": 0, "percent_statements_covered": 14.285714285714286, "percent_statements_covered_display": "14", "num_branches": 2, "num_partial_branches": 0, "covered_branches": 0, "missing_branches": 2, "percent_branches_covered": 0.0, "percent_branches_covered_display": "0"}, "missing_lines": [35, 36, 37, 38, 39, 53], "excluded_lines": [], "executed_branches": [], "missing_branches": [[36, 37], [36, 53]]}, "update_spend_limit": {"executed_lines": [78, 88], "summary": {"covered_lines": 2, "num_statements": 7, "percent_covered": 22.22222222222222, "percent_covered_display": "22", "missing_lines": 5, "excluded_lines": 0, "percent_statements_covered": 28.571428571428573, "percent_statements_covered_display": "29", "num_branches": 2, "num_partial_branches": 0, "covered_branches": 0, "missing_branches": 2, "percent_branches_covered": 0.0, "percent_branches_covered_display": "0"}, "missing_lines": [79, 81, 82, 87, 90], "excluded_lines": [], "executed_branches": [], "missing_branches": [[81, 82], [81, 87]]}, "delete_user": {"executed_lines": [105, 106, 112, 122, 123], "summary": {"covered_lines": 5, "num_statements": 9, "percent_covered": 53.84615384615385, "percent_covered_display": "54", "missing_lines": 4, "excluded_lines": 0, "percent_statements_covered": 55.55555555555556, "percent_statements_covered_display": "56", "num_branches": 4, "num_partial_branches": 0, "covered_branches": 2, "missing_branches": 2, "percent_branches_covered": 50.0, "percent_branches_covered_display": "50"}, "missing_lines": [113, 115, 116, 125], "excluded_lines": [], "executed_branches": [[105, 106], [105, 112]], "missing_branches": [[115, 116], [115, 122]]}, "": {"executed_lines": [1, 3, 5, 6, 7, 8, 10, 11, 12, 13, 15, 18, 19, 56, 57, 59, 62, 63, 65, 66, 67, 70, 71, 97, 98], "summary": {"covered_lines": 22, "num_statements": 22, "percent_covered": 100.0, "percent_covered_display": "100", "missing_lines": 0, "excluded_lines": 0, "percent_statements_covered": 100.0, "percent_statements_covered_display": "100", "num_branches": 0, "num_partial_branches": 0, "covered_branches": 0, "missing_branches": 0, "percent_branches_covered": 100.0, "percent_branches_covered_display": "100"}, "missing_lines": [], "excluded_lines": [], "executed_branches": [], "missing_branches": []}}, "classes": {"UpdateSpendLimitRequest": {"executed_lines": [], "summary": {"covered_lines": 0, "num_statements": 0, "percent_covered": 100.0, "percent_covered_display": "100", "missing_lines": 0, "excluded_lines": 0, "percent_statements_covered": 100.0, "percent_statements_covered_display": "100", "num_branches": 0, "num_partial_branches": 0, "covered_branches": 0, "missing_branches": 0, "percent_branches_covered": 100.0, "percent_branches_covered_display": "100"}, "missing_lines": [], "excluded_lines": [], "executed_branches": [], "missing_branches": []}, "UpdateSpendLimitResponse": {"executed_lines": [], "summary": {"covered_lines": 0, "num_statements": 0, "percent_covered": 100.0, "percent_covered_display": "100", "missing_lines": 0, "excluded_lines": 0, "percent_statements_covered": 100.0, "percent_statements_covered_display": "100", "num_branches": 0, "num_partial_branches": 0, "covered_branches": 0, "missing_branches": 0, "percent_branches_covered": 100.0, "percent_branches_covered_display": "100"}, "missing_lines": [], "excluded_lines": [], "executed_branches": [], "missing_branches": []}, "": {"executed_lines": [1, 3, 5, 6, 7, 8, 10, 11, 12, 13, 15, 18, 19, 25, 56, 57, 59, 62, 63, 65, 66, 67, 70, 71, 78, 88, 97, 98, 105, 106, 112, 122, 123], "summary": {"covered_lines": 30, "num_statements": 45, "percent_covered": 60.37735849056604, "percent_covered_display": "60", "missing_lines": 15, "excluded_lines": 0, "percent_statements_covered": 66.66666666666667, "percent_statements_covered_display": "67", "num_branches": 8, "num_partial_branches": 0, "covered_branches": 2, "missing_branches": 6, "percent_branches_covered": 25.0, "percent_branches_covered_display": "25"}, "missing_lines": [35, 36, 37, 38, 39, 53, 79, 81, 82, 87, 90, 113, 115, 116, 125], "excluded_lines": [], "executed_branches": [[105, 106], [105, 112]], "missing_branches": [[36, 37], [36, 53], [81, 82], [81, 87], [115, 116], [115, 122]]}}}, "app/api/auth.py": {"executed_lines": [1, 3, 5, 6, 7, 8, 10, 16, 17, 18, 29, 30, 33, 41, 42, 44, 45, 46, 48, 49, 52, 56, 60, 61, 66, 69, 73, 74, 78, 81, 82, 88, 105, 110, 111, 131, 132, 138, 148, 175, 176, 180, 192, 193, 199, 200, 201, 215, 216, 222, 223, 224, 238, 239, 249, 250, 256, 257, 262, 263, 269], "summary": {"covered_lines": 60, "num_statements": 86, "percent_covered": 68.26923076923077, "percent_covered_display": "68", "missing_lines": 26, "excluded_lines": 0, "percent_statements_covered": 69.76744186046511, "percent_statements_covered_display": "70", "num_branches": 18, "num_partial_branches": 1, "covered_branches": 11, "missing_branches": 7, "percent_branches_covered": 61.111111111111114, "percent_branches_covered_display": "61"}, "missing_lines": [50, 53, 89, 90, 91, 97, 98, 104, 108, 109, 114, 116, 139, 141, 142, 149, 151, 152, 153, 154, 155, 158, 160, 203, 226, 259], "excluded_lines": [], "executed_branches": [[41, 42], [41, 44], [45, 46], [45, 48], [49, 52], [60, 61], [60, 66], [73, 74], [73, 78], [249, 250], [249, 256]], "missing_branches": [[49, 50], [90, 91], [90, 97], [141, 142], [141, 148], [151, 152], [151, 158]], "functions": {"get_current_user": {"executed_lines": [41, 42, 44, 45, 46, 48, 49, 52], "summary": {"covered_lines": 8, "num_statements": 10, "percent_covered": 81.25, "percent_covered_display": "81", "missing_lines": 2, "excluded_lines": 0, "percent_statements_covered": 80.0, "percent_statements_covered_display": "80", "num_branches": 6, "num_partial_branches": 1, "covered_branches": 5, "missing_branches": 1, "percent_branches_covered": 83.33333333333333, "percent_branches_covered_display": "83"}, "missing_lines": [50, 53], "excluded_lines": [], "executed_branches": [[41, 42], [41, 44], [45, 46], [45, 48], [49, 52]], "missing_branches": [[49, 50]]}, "require_user": {"executed_lines": [60, 61, 66], "summary": {"covered_lines": 3, "num_statements": 3, "percent_covered": 100.0, "percent_covered_display": "100", "missing_lines": 0, "excluded_lines": 0, "percent_statements_covered": 100.0, "percent_statements_covered_display": "100", "num_branches": 2, "num_partial_branches": 0, "covered_branches": 2, "missing_branches": 0, "percent_branches_covered": 100.0, "percent_branches_covered_display": "100"}, "missing_lines": [], "excluded_lines": [], "executed_branches": [[60, 61], [60, 66]], "missing_branches": []}, "require_admin": {"executed_lines": [73, 74, 78], "summary": {"covered_lines": 3, "num_statements": 3, "percent_covered": 100.0, "percent_covered_display": "100", "missing_lines": 0, "excluded_lines": 0, "percent_statements_covered": 100.0, "percent_statements_covered_display": "100", "num_branches": 2, "num_partial_branches": 0, "covered_branches": 2, "missing_branches": 0, "percent_branches_covered": 100.0, "percent_branches_covered_display": "100"}, "missing_lines": [], "excluded_lines": [], "executed_branches": [[73, 74], [73, 78]], "missing_branches": []}, "register": {"executed_lines": [88, 105, 110, 111], "summary": {"covered_lines": 4, "num_statements": 14, "percent_covered": 25.0, "percent_covered_display": "25", "missing_lines": 10, "excluded_lines": 0, "percent_statements_covered": 28.571428571428573, "percent_statements_covered_display": "29", "num_branches": 2, "num_partial_branches": 0, "covered_branches": 0, "missing_branches": 2, "percent_branches_covered": 0.0, "percent_branches_covered_display": "0"}, "missing_lines": [89, 90, 91, 97, 98, 104, 108, 109, 114, 116], "excluded_lines": [], "executed_branches": [], "missing_branches": [[90, 91], [90, 97]]}, "login": {"executed_lines": [138, 148], "summary": {"covered_lines": 2, "num_statements": 13, "percent_covered": 11.764705882352942, "percent_covered_display": "12", "missing_lines": 11, "excluded_lines": 0, "percent_statements_covered": 15.384615384615385, "percent_statements_covered_display": "15", "num_branches": 4, "num_partial_branches": 0, "covered_branches": 0, "missing_branches": 4, "percent_branches_covered": 0.0, "percent_branches_covered_display": "0"}, "missing_lines": [139, 141, 142, 149, 151, 152, 153, 154, 155, 158, 160], "excluded_lines": [], "executed_branches": [], "missing_branches": [[141, 142], [141, 148], [151, 152], [151, 158]]}, "get_me": {"executed_lines": [180], "summary": {"covered_lines": 1, "num_statements": 1, "percent_covered": 100.0, "percent_covered_display": "100", "missing_lines": 0, "excluded_lines": 0, "percent_statements_covered": 100.0, "percent_statements_covered_display": "100", "num_branches": 0, "num_partial_branches": 0, "covered_branches": 0, "missing_branches": 0, "percent_branches_covered": 100.0, "percent_branches_covered_display": "100"}, "missing_lines": [], "excluded_lines": [], "executed_branches": [], "missing_branches": []}, "update_language": {"executed_lines": [199, 200, 201], "summary": {"covered_lines": 3, "num_statements": 4, "percent_covered": 75.0, "percent_covered_display": "75", "missing_lines": 1, "excluded_lines": 0, "percent_statements_covered": 75.0, "percent_statements_covered_display": "75", "num_branches": 0, "num_partial_branches": 0, "covered_branches": 0, "missing_branches": 0, "percent_branches_covered": 100.0, "percent_branches_covered_display": "100"}, "missing_lines": [203], "excluded_lines": [], "executed_branches": [], "missing_branches": []}, "update_profile": {"executed_lines": [222, 223, 224], "summary": {"covered_lines": 3, "num_statements": 4, "percent_covered": 75.0, "percent_covered_display": "75", "missing_lines": 1, "excluded_lines": 0, "percent_statements_covered": 75.0, "percent_statements_covered_display": "75", "num_branches": 0, "num_partial_branches": 0, "covered_branches": 0, "missing_branches": 0, "percent_branches_covered": 100.0, "percent_branches_covered_display": "100"}, "missing_lines": [226], "excluded_lines": [], "executed_branches": [], "missing_branches": []}, "change_password": {"executed_lines": [249, 250, 256, 257], "summary": {"covered_lines": 4, "num_statements": 5, "percent_covered": 85.71428571428571, "percent_covered_display": "86", "missing_lines": 1, "excluded_lines": 0, "percent_statements_covered": 80.0, "percent_statements_covered_display": "80", "num_branches": 2, "num_partial_branches": 0, "covered_branches": 2, "missing_branches": 0, "percent_branches_covered": 100.0, "percent_branches_covered_display": "100"}, "missing_lines": [259], "excluded_lines": [], "executed_branches": [[249, 250], [249, 256]], "missing_branches": []}, "logout": {"executed_lines": [269], "summary": {"covered_lines": 1, "num_statements": 1, "percent_covered": 100.0, "percent_covered_display": "100", "missing_lines": 0, "excluded_lines": 0, "percent_statements_covered": 100.0, "percent_statements_covered_display": "100", "num_branches": 0, "num_partial_branches": 0, "covered_branches": 0, "missing_branches": 0, "percent_branches_covered": 100.0, "percent_branches_covered_display": "100"}, "missing_lines": [], "excluded_lines": [], "executed_branches": [], "missing_branches": []}, "": {"executed_lines": [1, 3, 5, 6, 7, 8, 10, 16, 17, 18, 29, 30, 33, 56, 69, 81, 82, 131, 132, 175, 176, 192, 193, 215, 216, 238, 239, 262, 263], "summary": {"covered_lines": 28, "num_statements": 28, "percent_covered": 100.0, "percent_covered_display": "100", "missing_lines": 0, "excluded_lines": 0, "percent_statements_covered": 100.0, "percent_statements_covered_display": "100", "num_branches": 0, "num_partial_branches": 0, "covered_branches": 0, "missing_branches": 0, "percent_branches_covered": 100.0, "percent_branches_covered_display": "100"}, "missing_lines": [], "excluded_lines": [], "executed_branches": [], "missing_branches": []}}, "classes": {"": {"executed_lines": [1, 3, 5, 6, 7, 8, 10, 16, 17, 18, 29, 30, 33, 41, 42, 44, 45, 46, 48, 49, 52, 56, 60, 61, 66, 69, 73, 74, 78, 81, 82, 88, 105, 110, 111, 131, 132, 138, 148, 175, 176, 180, 192, 193, 199, 200, 201, 215, 216, 222, 223, 224, 238, 239, 249, 250, 256, 257, 262, 263, 269], "summary": {"covered_lines": 60, "num_statements": 86, "percent_covered": 68.26923076923077, "percent_covered_display": "68", "missing_lines": 26, "excluded_lines": 0, "percent_statements_covered": 69.76744186046511, "percent_statements_covered_display": "70", "num_branches": 18, "num_partial_branches": 1, "covered_branches": 11, "missing_branches": 7, "percent_branches_covered": 61.111111111111114, "percent_branches_covered_display": "61"}, "missing_lines": [50, 53, 89, 90, 91, 97, 98, 104, 108, 109, 114, 116, 139, 141, 142, 149, 151, 152, 153, 154, 155, 158, 160, 203, 226, 259], "excluded_lines": [], "executed_branches": [[41, 42], [41, 44], [45, 46], [45, 48], [49, 52], [60, 61], [60, 66], [73, 74], [73, 78], [249, 250], [249, 256]], "missing_branches": [[49, 50], [90, 91], [90, 97], [141, 142], [141, 148], [151, 152], [151, 158]]}}}, "app/api/conversations.py": {"executed_lines": [1, 3, 5, 6, 7, 8, 10, 11, 12, 13, 14, 25, 28, 29, 35, 38, 42, 43, 63, 66, 70, 71, 76, 90, 108, 109, 115, 132, 133, 139, 149, 150, 154, 155, 162, 165, 188, 190, 214, 218, 223, 224, 231, 232, 235, 266], "summary": {"covered_lines": 45, "num_statements": 93, "percent_covered": 39.130434782608695, "percent_covered_display": "39", "missing_lines": 48, "excluded_lines": 0, "percent_statements_covered": 48.38709677419355, "percent_statements_covered_display": "48", "num_branches": 22, "num_partial_branches": 0, "covered_branches": 0, "missing_branches": 22, "percent_branches_covered": 0.0, "percent_branches_covered_display": "0"}, "missing_lines": [46, 47, 48, 59, 61, 67, 85, 88, 89, 91, 105, 126, 127, 128, 129, 145, 146, 147, 151, 173, 174, 175, 178, 179, 180, 189, 193, 194, 196, 197, 198, 200, 209, 210, 212, 217, 220, 241, 242, 243, 246, 247, 248, 257, 258, 259, 265, 268], "excluded_lines": [], "executed_branches": [], "missing_branches": [[47, 48], [47, 63], [89, 90], [89, 105], [127, 128], [127, 129], [146, 147], [146, 149], [174, 175], [174, 178], [179, 180], [179, 188], [194, 196], [194, 214], [197, 198], [197, 200], [217, 218], [217, 220], [242, 243], [242, 246], [246, 247], [246, 257]], "functions": {"create_conversation": {"executed_lines": [35, 38, 42, 43, 63, 66], "summary": {"covered_lines": 6, "num_statements": 12, "percent_covered": 42.857142857142854, "percent_covered_display": "43", "missing_lines": 6, "excluded_lines": 0, "percent_statements_covered": 50.0, "percent_statements_covered_display": "50", "num_branches": 2, "num_partial_branches": 0, "covered_branches": 0, "missing_branches": 2, "percent_branches_covered": 0.0, "percent_branches_covered_display": "0"}, "missing_lines": [46, 47, 48, 59, 61, 67], "excluded_lines": [], "executed_branches": [], "missing_branches": [[47, 48], [47, 63]]}, "list_conversations": {"executed_lines": [76, 90], "summary": {"covered_lines": 2, "num_statements": 7, "percent_covered": 22.22222222222222, "percent_covered_display": "22", "missing_lines": 5, "excluded_lines": 0, "percent_statements_covered": 28.571428571428573, "percent_statements_covered_display": "29", "num_branches": 2, "num_partial_branches": 0, "covered_branches": 0, "missing_branches": 2, "percent_branches_covered": 0.0, "percent_branches_covered_display": "0"}, "missing_lines": [85, 88, 89, 91, 105], "excluded_lines": [], "executed_branches": [], "missing_branches": [[89, 90], [89, 105]]}, "get_conversation": {"executed_lines": [115], "summary": {"covered_lines": 1, "num_statements": 5, "percent_covered": 14.285714285714286, "percent_covered_display": "14", "missing_lines": 4, "excluded_lines": 0, "percent_statements_covered": 20.0, "percent_statements_covered_display": "20", "num_branches": 2, "num_partial_branches": 0, "covered_branches": 0, "missing_branches": 2, "percent_branches_covered": 0.0, "percent_branches_covered_display": "0"}, "missing_lines": [126, 127, 128, 129], "excluded_lines": [], "executed_branches": [], "missing_branches": [[127, 128], [127, 129]]}, "delete_conversation": {"executed_lines": [139, 149, 150], "summary": {"covered_lines": 3, "num_statements": 7, "percent_covered": 33.333333333333336, "percent_covered_display": "33", "missing_lines": 4, "excluded_lines": 0, "percent_statements_covered": 42.857142857142854, "percent_statements_covered_display": "43", "num_branches": 2, "num_partial_branches": 0, "covered_branches": 0, "missing_branches": 2, "percent_branches_covered": 0.0, "percent_branches_covered_display": "0"}, "missing_lines": [145, 146, 147, 151], "excluded_lines": [], "executed_branches": [], "missing_branches": [[146, 147], [146, 149]]}, "add_thinkers_to_conversation": {"executed_lines": [162, 165, 188, 190, 214, 218], "summary": {"covered_lines": 6, "num_statements": 24, "percent_covered": 17.647058823529413, "percent_covered_display": "18", "missing_lines": 18, "excluded_lines": 0, "percent_statements_covered": 25.0, "percent_statements_covered_display": "25", "num_branches": 10, "num_partial_branches": 0, "covered_branches": 0, "missing_branches": 10, "percent_branches_covered": 0.0, "percent_branches_covered_display": "0"}, "missing_lines": [173, 174, 175, 178, 179, 180, 189, 193, 194, 196, 197, 198, 200, 209, 210, 212, 217, 220], "excluded_lines": [], "executed_branches": [], "missing_branches": [[174, 175], [174, 178], [179, 180], [179, 188], [194, 196], [194, 214], [197, 198], [197, 200], [217, 218], [217, 220]]}, "send_message": {"executed_lines": [231, 232, 235, 266], "summary": {"covered_lines": 4, "num_statements": 15, "percent_covered": 21.05263157894737, "percent_covered_display": "21", "missing_lines": 11, "excluded_lines": 0, "percent_statements_covered": 26.666666666666668, "percent_statements_covered_display": "27", "num_branches": 4, "num_partial_branches": 0, "covered_branches": 0, "missing_branches": 4, "percent_branches_covered": 0.0, "percent_branches_covered_display": "0"}, "missing_lines": [241, 242, 243, 246, 247, 248, 257, 258, 259, 265, 268], "excluded_lines": [], "executed_branches": [], "missing_branches": [[242, 243], [242, 246], [246, 247], [246, 257]]}, "": {"executed_lines": [1, 3, 5, 6, 7, 8, 10, 11, 12, 13, 14, 25, 28, 29, 70, 71, 108, 109, 132, 133, 154, 155, 223, 224], "summary": {"covered_lines": 23, "num_statements": 23, "percent_covered": 100.0, "percent_covered_display": "100", "missing_lines": 0, "excluded_lines": 0, "percent_statements_covered": 100.0, "percent_statements_covered_display": "100", "num_branches": 0, "num_partial_branches": 0, "covered_branches": 0, "missing_branches": 0, "percent_branches_covered": 100.0, "percent_branches_covered_display": "100"}, "missing_lines": [], "excluded_lines": [], "executed_branches": [], "missing_branches": []}}, "classes": {"": {"executed_lines": [1, 3, 5, 6, 7, 8, 10, 11, 12, 13, 14, 25, 28, 29, 35, 38, 42, 43, 63, 66, 70, 71, 76, 90, 108, 109, 115, 132, 133, 139, 149, 150, 154, 155, 162, 165, 188, 190, 214, 218, 223, 224, 231, 232, 235, 266], "summary": {"covered_lines": 45, "num_statements": 93, "percent_covered": 39.130434782608695, "percent_covered_display": "39", "missing_lines": 48, "excluded_lines": 0, "percent_statements_covered": 48.38709677419355, "percent_statements_covered_display": "48", "num_branches": 22, "num_partial_branches": 0, "covered_branches": 0, "missing_branches": 22, "percent_branches_covered": 0.0, "percent_branches_covered_display": "0"}, "missing_lines": [46, 47, 48, 59, 61, 67, 85, 88, 89, 91, 105, 126, 127, 128, 129, 145, 146, 147, 151, 173, 174, 175, 178, 179, 180, 189, 193, 194, 196, 197, 198, 200, 209, 210, 212, 217, 220, 241, 242, 243, 246, 247, 248, 257, 258, 259, 265, 268], "excluded_lines": [], "executed_branches": [], "missing_branches": [[47, 48], [47, 63], [89, 90], [89, 105], [127, 128], [127, 129], [146, 147], [146, 149], [174, 175], [174, 178], [179, 180], [179, 188], [194, 196], [194, 214], [197, 198], [197, 200], [217, 218], [217, 220], [242, 243], [242, 246], [246, 247], [246, 257]]}}}, "app/api/devops.py": {"executed_lines": [1, 9, 10, 11, 13, 14, 15, 16, 18, 19, 20, 22, 23, 31, 35, 37, 38, 43, 44, 45, 56, 57, 59, 60, 61, 62, 63, 64, 67, 68, 70, 71, 72, 75, 76, 78, 79, 80, 88, 89, 99, 100, 101, 102, 103, 115, 116, 133, 136, 146, 147, 153, 154, 166, 170, 180, 197, 205, 212, 218, 219, 221, 222, 223, 226, 227, 248, 253, 267, 268, 274, 275, 279], "summary": {"covered_lines": 68, "num_statements": 97, "percent_covered": 61.53846153846154, "percent_covered_display": "62", "missing_lines": 29, "excluded_lines": 0, "percent_statements_covered": 70.10309278350516, "percent_statements_covered_display": "70", "num_branches": 20, "num_partial_branches": 0, "covered_branches": 4, "missing_branches": 16, "percent_branches_covered": 20.0, "percent_branches_covered_display": "20"}, "missing_lines": [105, 139, 141, 142, 143, 145, 148, 150, 176, 177, 186, 187, 189, 191, 192, 193, 196, 204, 213, 215, 251, 254, 256, 257, 260, 262, 266, 269, 271], "excluded_lines": [], "executed_branches": [[37, 38], [37, 43], [43, -31], [43, 44]], "missing_branches": [[141, 142], [141, 145], [145, 146], [145, 150], [191, 192], [191, 196], [196, 197], [196, 204], [204, 205], [204, 212], [256, 257], [256, 262], [262, 266], [262, 271], [266, 267], [266, 268]], "functions": {"require_devops_secret": {"executed_lines": [35, 37, 38, 43, 44, 45], "summary": {"covered_lines": 6, "num_statements": 6, "percent_covered": 100.0, "percent_covered_display": "100", "missing_lines": 0, "excluded_lines": 0, "percent_statements_covered": 100.0, "percent_statements_covered_display": "100", "num_branches": 4, "num_partial_branches": 0, "covered_branches": 4, "missing_branches": 0, "percent_branches_covered": 100.0, "percent_branches_covered_display": "100"}, "missing_lines": [], "excluded_lines": [], "executed_branches": [[37, 38], [37, 43], [43, -31], [43, 44]], "missing_branches": []}, "get_stats": {"executed_lines": [99, 100, 101, 102, 103], "summary": {"covered_lines": 5, "num_statements": 6, "percent_covered": 83.33333333333333, "percent_covered_display": "83", "missing_lines": 1, "excluded_lines": 0, "percent_statements_covered": 83.33333333333333, "percent_statements_covered_display": "83", "num_branches": 0, "num_partial_branches": 0, "covered_branches": 0, "missing_branches": 0, "percent_branches_covered": 100.0, "percent_branches_covered_display": "100"}, "missing_lines": [105], "excluded_lines": [], "executed_branches": [], "missing_branches": []}, "cleanup_stale_sessions": {"executed_lines": [133, 136, 146, 147], "summary": {"covered_lines": 4, "num_statements": 11, "percent_covered": 26.666666666666668, "percent_covered_display": "27", "missing_lines": 7, "excluded_lines": 0, "percent_statements_covered": 36.36363636363637, "percent_statements_covered_display": "36", "num_branches": 4, "num_partial_branches": 0, "covered_branches": 0, "missing_branches": 4, "percent_branches_covered": 0.0, "percent_branches_covered_display": "0"}, "missing_lines": [139, 141, 142, 143, 145, 148, 150], "excluded_lines": [], "executed_branches": [], "missing_branches": [[141, 142], [141, 145], [145, 146], [145, 150]]}, "cleanup_orphans": {"executed_lines": [166, 170, 180, 197, 205, 212], "summary": {"covered_lines": 6, "num_statements": 18, "percent_covered": 25.0, "percent_covered_display": "25", "missing_lines": 12, "excluded_lines": 0, "percent_statements_covered": 33.333333333333336, "percent_statements_covered_display": "33", "num_branches": 6, "num_partial_branches": 0, "covered_branches": 0, "missing_branches": 6, "percent_branches_covered": 0.0, "percent_branches_covered_display": "0"}, "missing_lines": [176, 177, 186, 187, 189, 191, 192, 193, 196, 204, 213, 215], "excluded_lines": [], "executed_branches": [], "missing_branches": [[191, 192], [191, 196], [196, 197], [196, 204], [204, 205], [204, 212]]}, "cleanup_test_users": {"executed_lines": [248, 253, 267, 268], "summary": {"covered_lines": 4, "num_statements": 13, "percent_covered": 21.05263157894737, "percent_covered_display": "21", "missing_lines": 9, "excluded_lines": 0, "percent_statements_covered": 30.76923076923077, "percent_statements_covered_display": "31", "num_branches": 6, "num_partial_branches": 0, "covered_branches": 0, "missing_branches": 6, "percent_branches_covered": 0.0, "percent_branches_covered_display": "0"}, "missing_lines": [251, 254, 256, 257, 260, 262, 266, 269, 271], "excluded_lines": [], "executed_branches": [], "missing_branches": [[256, 257], [256, 262], [262, 266], [262, 271], [266, 267], [266, 268]]}, "devops_health": {"executed_lines": [279], "summary": {"covered_lines": 1, "num_statements": 1, "percent_covered": 100.0, "percent_covered_display": "100", "missing_lines": 0, "excluded_lines": 0, "percent_statements_covered": 100.0, "percent_statements_covered_display": "100", "num_branches": 0, "num_partial_branches": 0, "covered_branches": 0, "missing_branches": 0, "percent_branches_covered": 100.0, "percent_branches_covered_display": "100"}, "missing_lines": [], "excluded_lines": [], "executed_branches": [], "missing_branches": []}, "": {"executed_lines": [1, 9, 10, 11, 13, 14, 15, 16, 18, 19, 20, 22, 23, 31, 56, 57, 59, 60, 61, 62, 63, 64, 67, 68, 70, 71, 72, 75, 76, 78, 79, 80, 88, 89, 115, 116, 153, 154, 218, 219, 221, 222, 223, 226, 227, 274, 275], "summary": {"covered_lines": 42, "num_statements": 42, "percent_covered": 100.0, "percent_covered_display": "100", "missing_lines": 0, "excluded_lines": 0, "percent_statements_covered": 100.0, "percent_statements_covered_display": "100", "num_branches": 0, "num_partial_branches": 0, "covered_branches": 0, "missing_branches": 0, "percent_branches_covered": 100.0, "percent_branches_covered_display": "100"}, "missing_lines": [], "excluded_lines": [], "executed_branches": [], "missing_branches": []}}, "classes": {"StatsResponse": {"executed_lines": [], "summary": {"covered_lines": 0, "num_statements": 0, "percent_covered": 100.0, "percent_covered_display": "100", "missing_lines": 0, "excluded_lines": 0, "percent_statements_covered": 100.0, "percent_statements_covered_display": "100", "num_branches": 0, "num_partial_branches": 0, "covered_branches": 0, "missing_branches": 0, "percent_branches_covered": 100.0, "percent_branches_covered_display": "100"}, "missing_lines": [], "excluded_lines": [], "executed_branches": [], "missing_branches": []}, "CleanupResponse": {"executed_lines": [], "summary": {"covered_lines": 0, "num_statements": 0, "percent_covered": 100.0, "percent_covered_display": "100", "missing_lines": 0, "excluded_lines": 0, "percent_statements_covered": 100.0, "percent_statements_covered_display": "100", "num_branches": 0, "num_partial_branches": 0, "covered_branches": 0, "missing_branches": 0, "percent_branches_covered": 100.0, "percent_branches_covered_display": "100"}, "missing_lines": [], "excluded_lines": [], "executed_branches": [], "missing_branches": []}, "AuditLogEntry": {"executed_lines": [], "summary": {"covered_lines": 0, "num_statements": 0, "percent_covered": 100.0, "percent_covered_display": "100", "missing_lines": 0, "excluded_lines": 0, "percent_statements_covered": 100.0, "percent_statements_covered_display": "100", "num_branches": 0, "num_partial_branches": 0, "covered_branches": 0, "missing_branches": 0, "percent_branches_covered": 100.0, "percent_branches_covered_display": "100"}, "missing_lines": [], "excluded_lines": [], "executed_branches": [], "missing_branches": []}, "TestUserCleanupResponse": {"executed_lines": [], "summary": {"covered_lines": 0, "num_statements": 0, "percent_covered": 100.0, "percent_covered_display": "100", "missing_lines": 0, "excluded_lines": 0, "percent_statements_covered": 100.0, "percent_statements_covered_display": "100", "num_branches": 0, "num_partial_branches": 0, "covered_branches": 0, "missing_branches": 0, "percent_branches_covered": 100.0, "percent_branches_covered_display": "100"}, "missing_lines": [], "excluded_lines": [], "executed_branches": [], "missing_branches": []}, "": {"executed_lines": [1, 9, 10, 11, 13, 14, 15, 16, 18, 19, 20, 22, 23, 31, 35, 37, 38, 43, 44, 45, 56, 57, 59, 60, 61, 62, 63, 64, 67, 68, 70, 71, 72, 75, 76, 78, 79, 80, 88, 89, 99, 100, 101, 102, 103, 115, 116, 133, 136, 146, 147, 153, 154, 166, 170, 180, 197, 205, 212, 218, 219, 221, 222, 223, 226, 227, 248, 253, 267, 268, 274, 275, 279], "summary": {"covered_lines": 68, "num_statements": 97, "percent_covered": 61.53846153846154, "percent_covered_display": "62", "missing_lines": 29, "excluded_lines": 0, "percent_statements_covered": 70.10309278350516, "percent_statements_covered_display": "70", "num_branches": 20, "num_partial_branches": 0, "covered_branches": 4, "missing_branches": 16, "percent_branches_covered": 20.0, "percent_branches_covered_display": "20"}, "missing_lines": [105, 139, 141, 142, 143, 145, 148, 150, 176, 177, 186, 187, 189, 191, 192, 193, 196, 204, 213, 215, 251, 254, 256, 257, 260, 262, 266, 269, 271], "excluded_lines": [], "executed_branches": [[37, 38], [37, 43], [43, -31], [43, 44]], "missing_branches": [[141, 142], [141, 145], [145, 146], [145, 150], [191, 192], [191, 196], [196, 197], [196, 204], [204, 205], [204, 212], [256, 257], [256, 262], [262, 266], [262, 271], [266, 267], [266, 268]]}}}, "app/api/feedback.py": {"executed_lines": [1, 3, 4, 5, 7, 8, 9, 11, 12, 13, 14, 15, 16, 25, 26, 29, 32, 34, 37, 43, 44, 47, 50, 51, 64, 65, 68, 69, 106, 107, 117, 122, 123, 125, 126, 127, 132, 133, 134, 140, 141, 151, 154, 162, 185, 186, 197, 200, 212], "summary": {"covered_lines": 48, "num_statements": 69, "percent_covered": 67.0886075949367, "percent_covered_display": "67", "missing_lines": 21, "excluded_lines": 0, "percent_statements_covered": 69.56521739130434, "percent_statements_covered_display": "70", "num_branches": 10, "num_partial_branches": 1, "covered_branches": 5, "missing_branches": 5, "percent_branches_covered": 50.0, "percent_branches_covered_display": "50"}, "missing_lines": [46, 75, 77, 78, 79, 85, 90, 93, 105, 109, 111, 160, 181, 182, 201, 203, 204, 210, 211, 214, 216], "excluded_lines": [], "executed_branches": [[44, 47], [125, 126], [125, 132], [132, -117], [132, 133]], "missing_branches": [[44, 46], [77, 78], [77, 85], [203, 204], [203, 210]], "functions": {"hash_ip": {"executed_lines": [34], "summary": {"covered_lines": 1, "num_statements": 1, "percent_covered": 100.0, "percent_covered_display": "100", "missing_lines": 0, "excluded_lines": 0, "percent_statements_covered": 100.0, "percent_statements_covered_display": "100", "num_branches": 0, "num_partial_branches": 0, "covered_branches": 0, "missing_branches": 0, "percent_branches_covered": 100.0, "percent_branches_covered_display": "100"}, "missing_lines": [], "excluded_lines": [], "executed_branches": [], "missing_branches": []}, "get_client_ip": {"executed_lines": [43, 44, 47], "summary": {"covered_lines": 3, "num_statements": 4, "percent_covered": 66.66666666666667, "percent_covered_display": "67", "missing_lines": 1, "excluded_lines": 0, "percent_statements_covered": 75.0, "percent_statements_covered_display": "75", "num_branches": 2, "num_partial_branches": 1, "covered_branches": 1, "missing_branches": 1, "percent_branches_covered": 50.0, "percent_branches_covered_display": "50"}, "missing_lines": [46], "excluded_lines": [], "executed_branches": [[44, 47]], "missing_branches": [[44, 46]]}, "submit_feedback": {"executed_lines": [64, 65, 68, 69, 106, 107], "summary": {"covered_lines": 6, "num_statements": 16, "percent_covered": 33.333333333333336, "percent_covered_display": "33", "missing_lines": 10, "excluded_lines": 0, "percent_statements_covered": 37.5, "percent_statements_covered_display": "38", "num_branches": 2, "num_partial_branches": 0, "covered_branches": 0, "missing_branches": 2, "percent_branches_covered": 0.0, "percent_branches_covered_display": "0"}, "missing_lines": [75, 77, 78, 79, 85, 90, 93, 105, 109, 111], "excluded_lines": [], "executed_branches": [], "missing_branches": [[77, 78], [77, 85]]}, "verify_feedback_processor_secret": {"executed_lines": [122, 123, 125, 126, 127, 132, 133, 134], "summary": {"covered_lines": 8, "num_statements": 8, "percent_covered": 100.0, "percent_covered_display": "100", "missing_lines": 0, "excluded_lines": 0, "percent_statements_covered": 100.0, "percent_statements_covered_display": "100", "num_branches": 4, "num_partial_branches": 0, "covered_branches": 4, "missing_branches": 0, "percent_branches_covered": 100.0, "percent_branches_covered_display": "100"}, "missing_lines": [], "excluded_lines": [], "executed_branches": [[125, 126], [125, 132], [132, -117], [132, 133]], "missing_branches": []}, "get_pending_feedback": {"executed_lines": [151, 154, 162], "summary": {"covered_lines": 3, "num_statements": 6, "percent_covered": 50.0, "percent_covered_display": "50", "missing_lines": 3, "excluded_lines": 0, "percent_statements_covered": 50.0, "percent_statements_covered_display": "50", "num_branches": 0, "num_partial_branches": 0, "covered_branches": 0, "missing_branches": 0, "percent_branches_covered": 100.0, "percent_branches_covered_display": "100"}, "missing_lines": [160, 181, 182], "excluded_lines": [], "executed_branches": [], "missing_branches": []}, "mark_feedback_processed": {"executed_lines": [197, 200, 212], "summary": {"covered_lines": 3, "num_statements": 10, "percent_covered": 25.0, "percent_covered_display": "25", "missing_lines": 7, "excluded_lines": 0, "percent_statements_covered": 30.0, "percent_statements_covered_display": "30", "num_branches": 2, "num_partial_branches": 0, "covered_branches": 0, "missing_branches": 2, "percent_branches_covered": 0.0, "percent_branches_covered_display": "0"}, "missing_lines": [201, 203, 204, 210, 211, 214, 216], "excluded_lines": [], "executed_branches": [], "missing_branches": [[203, 204], [203, 210]]}, "": {"executed_lines": [1, 3, 4, 5, 7, 8, 9, 11, 12, 13, 14, 15, 16, 25, 26, 29, 32, 37, 50, 51, 117, 140, 141, 185, 186], "summary": {"covered_lines": 24, "num_statements": 24, "percent_covered": 100.0, "percent_covered_display": "100", "missing_lines": 0, "excluded_lines": 0, "percent_statements_covered": 100.0, "percent_statements_covered_display": "100", "num_branches": 0, "num_partial_branches": 0, "covered_branches": 0, "missing_branches": 0, "percent_branches_covered": 100.0, "percent_branches_covered_display": "100"}, "missing_lines": [], "excluded_lines": [], "executed_branches": [], "missing_branches": []}}, "classes": {"": {"executed_lines": [1, 3, 4, 5, 7, 8, 9, 11, 12, 13, 14, 15, 16, 25, 26, 29, 32, 34, 37, 43, 44, 47, 50, 51, 64, 65, 68, 69, 106, 107, 117, 122, 123, 125, 126, 127, 132, 133, 134, 140, 141, 151, 154, 162, 185, 186, 197, 200, 212], "summary": {"covered_lines": 48, "num_statements": 69, "percent_covered": 67.0886075949367, "percent_covered_display": "67", "missing_lines": 21, "excluded_lines": 0, "percent_statements_covered": 69.56521739130434, "percent_statements_covered_display": "70", "num_branches": 10, "num_partial_branches": 1, "covered_branches": 5, "missing_branches": 5, "percent_branches_covered": 50.0, "percent_branches_covered_display": "50"}, "missing_lines": [46, 75, 77, 78, 79, 85, 90, 93, 105, 109, 111, 160, 181, 182, 201, 203, 204, 210, 211, 214, 216], "excluded_lines": [], "executed_branches": [[44, 47], [125, 126], [125, 132], [132, -117], [132, 133]], "missing_branches": [[44, 46], [77, 78], [77, 85], [203, 204], [203, 210]]}}}, "app/api/sessions.py": {"executed_lines": [1, 3, 5, 6, 7, 8, 9, 11, 12, 13, 14, 16, 17, 20, 28, 29, 30, 32, 33, 34, 36, 46, 47, 51], "summary": {"covered_lines": 23, "num_statements": 27, "percent_covered": 81.81818181818181, "percent_covered_display": "82", "missing_lines": 4, "excluded_lines": 0, "percent_statements_covered": 85.18518518518519, "percent_statements_covered_display": "85", "num_branches": 6, "num_partial_branches": 0, "covered_branches": 4, "missing_branches": 2, "percent_branches_covered": 66.66666666666667, "percent_branches_covered_display": "67"}, "missing_lines": [39, 40, 41, 43], "excluded_lines": [], "executed_branches": [[29, 30], [29, 32], [33, 34], [33, 36]], "missing_branches": [[40, 41], [40, 43]], "functions": {"get_session_from_token": {"executed_lines": [28, 29, 30, 32, 33, 34, 36], "summary": {"covered_lines": 7, "num_statements": 11, "percent_covered": 64.70588235294117, "percent_covered_display": "65", "missing_lines": 4, "excluded_lines": 0, "percent_statements_covered": 63.63636363636363, "percent_statements_covered_display": "64", "num_branches": 6, "num_partial_branches": 0, "covered_branches": 4, "missing_branches": 2, "percent_branches_covered": 66.66666666666667, "percent_branches_covered_display": "67"}, "missing_lines": [39, 40, 41, 43], "excluded_lines": [], "executed_branches": [[29, 30], [29, 32], [33, 34], [33, 36]], "missing_branches": [[40, 41], [40, 43]]}, "get_current_session": {"executed_lines": [51], "summary": {"covered_lines": 1, "num_statements": 1, "percent_covered": 100.0, "percent_covered_display": "100", "missing_lines": 0, "excluded_lines": 0, "percent_statements_covered": 100.0, "percent_statements_covered_display": "100", "num_branches": 0, "num_partial_branches": 0, "covered_branches": 0, "missing_branches": 0, "percent_branches_covered": 100.0, "percent_branches_covered_display": "100"}, "missing_lines": [], "excluded_lines": [], "executed_branches": [], "missing_branches": []}, "": {"executed_lines": [1, 3, 5, 6, 7, 8, 9, 11, 12, 13, 14, 16, 17, 20, 46, 47], "summary": {"covered_lines": 15, "num_statements": 15, "percent_covered": 100.0, "percent_covered_display": "100", "missing_lines": 0, "excluded_lines": 0, "percent_statements_covered": 100.0, "percent_statements_covered_display": "100", "num_branches": 0, "num_partial_branches": 0, "covered_branches": 0, "missing_branches": 0, "percent_branches_covered": 100.0, "percent_branches_covered_display": "100"}, "missing_lines": [], "excluded_lines": [], "executed_branches": [], "missing_branches": []}}, "classes": {"": {"executed_lines": [1, 3, 5, 6, 7, 8, 9, 11, 12, 13, 14, 16, 17, 20, 28, 29, 30, 32, 33, 34, 36, 46, 47, 51], "summary": {"covered_lines": 23, "num_statements": 27, "percent_covered": 81.81818181818181, "percent_covered_display": "82", "missing_lines": 4, "excluded_lines": 0, "percent_statements_covered": 85.18518518518519, "percent_statements_covered_display": "85", "num_branches": 6, "num_partial_branches": 0, "covered_branches": 4, "missing_branches": 2, "percent_branches_covered": 66.66666666666667, "percent_branches_covered_display": "67"}, "missing_lines": [39, 40, 41, 43], "excluded_lines": [], "executed_branches": [[29, 30], [29, 32], [33, 34], [33, 36]], "missing_branches": [[40, 41], [40, 43]]}}}, "app/api/spend.py": {"executed_lines": [1, 3, 5, 6, 8, 9, 10, 11, 12, 14, 17, 23, 33, 1971, 1981, 1983, 1990], "summary": {"covered_lines": 12, "num_statements": 15, "percent_covered": 70.58823529411765, "percent_covered_display": "71", "missing_lines": 3, "excluded_lines": 0, "percent_statements_covered": 80.0, "percent_statements_covered_display": "80", "num_branches": 2, "num_partial_branches": 0, "covered_branches": 0, "missing_branches": 2, "percent_branches_covered": 0.0, "percent_branches_covered_display": "0"}, "missing_lines": [35, 36, 41], "excluded_lines": [], "executed_branches": [], "missing_branches": [[35, 36], [35, 41]], "functions": {"get_spend": {"executed_lines": [33], "summary": {"covered_lines": 1, "num_statements": 4, "percent_covered": 16.666666666666668, "percent_covered_display": "17", "missing_lines": 3, "excluded_lines": 0, "percent_statements_covered": 25.0, "percent_statements_covered_display": "25", "num_branches": 2, "num_partial_branches": 0, "covered_branches": 0, "missing_branches": 2, "percent_branches_covered": 0.0, "percent_branches_covered_display": "0"}, "missing_lines": [35, 36, 41], "excluded_lines": [], "executed_branches": [], "missing_branches": [[35, 36], [35, 41]]}, "": {"executed_lines": [1, 3, 5, 6, 8, 9, 10, 11, 12, 14, 17, 23], "summary": {"covered_lines": 11, "num_statements": 11, "percent_covered": 100.0, "percent_covered_display": "100", "missing_lines": 0, "excluded_lines": 0, "percent_statements_covered": 100.0, "percent_statements_covered_display": "100", "num_branches": 0, "num_partial_branches": 0, "covered_branches": 0, "missing_branches": 0, "percent_branches_covered": 100.0, "percent_branches_covered_display": "100"}, "missing_lines": [], "excluded_lines": [], "executed_branches": [], "missing_branches": []}}, "classes": {"": {"executed_lines": [1, 3, 5, 6, 8, 9, 10, 11, 12, 14, 17, 23, 33], "summary": {"covered_lines": 12, "num_statements": 15, "percent_covered": 70.58823529411765, "percent_covered_display": "71", "missing_lines": 3, "excluded_lines": 0, "percent_statements_covered": 80.0, "percent_statements_covered_display": "80", "num_branches": 2, "num_partial_branches": 0, "covered_branches": 0, "missing_branches": 2, "percent_branches_covered": 0.0, "percent_branches_covered_display": "0"}, "missing_lines": [35, 36, 41], "excluded_lines": [], "executed_branches": [], "missing_branches": [[35, 36], [35, 41]]}}}, "app/api/test_helpers.py": {"executed_lines": [1, 6, 7, 8, 9, 11, 12, 13, 14, 15, 17, 20, 21, 30, 31, 34, 35, 43, 46, 47, 117, 118, 124, 125, 131, 137, 139, 150, 153, 154, 156, 157, 160, 161, 201, 204, 205, 211, 212, 218, 219, 220, 230, 232], "summary": {"covered_lines": 41, "num_statements": 48, "percent_covered": 78.125, "percent_covered_display": "78", "missing_lines": 7, "excluded_lines": 0, "percent_statements_covered": 85.41666666666667, "percent_statements_covered_display": "85", "num_branches": 16, "num_partial_branches": 1, "covered_branches": 9, "missing_branches": 7, "percent_branches_covered": 56.25, "percent_branches_covered_display": "56"}, "missing_lines": [221, 222, 223, 225, 226, 229, 234], "excluded_lines": [], "executed_branches": [[117, 118], [117, 124], [124, 125], [124, 131], [204, 205], [204, 211], [211, 212], [211, 218], [219, 220]], "missing_branches": [[219, 225], [222, 219], [222, 223], [225, 226], [225, 229], [229, 230], [229, 232]], "functions": {"trigger_billing_error": {"executed_lines": [43], "summary": {"covered_lines": 1, "num_statements": 1, "percent_covered": 100.0, "percent_covered_display": "100", "missing_lines": 0, "excluded_lines": 0, "percent_statements_covered": 100.0, "percent_statements_covered_display": "100", "num_branches": 0, "num_partial_branches": 0, "covered_branches": 0, "missing_branches": 0, "percent_branches_covered": 100.0, "percent_branches_covered_display": "100"}, "missing_lines": [], "excluded_lines": [], "executed_branches": [], "missing_branches": []}, "trigger_error": {"executed_lines": [117, 118, 124, 125, 131, 137, 139], "summary": {"covered_lines": 7, "num_statements": 7, "percent_covered": 100.0, "percent_covered_display": "100", "missing_lines": 0, "excluded_lines": 0, "percent_statements_covered": 100.0, "percent_statements_covered_display": "100", "num_branches": 4, "num_partial_branches": 0, "covered_branches": 4, "missing_branches": 0, "percent_branches_covered": 100.0, "percent_branches_covered_display": "100"}, "missing_lines": [], "excluded_lines": [], "executed_branches": [[117, 118], [117, 124], [124, 125], [124, 131]], "missing_branches": []}, "cleanup_test_users": {"executed_lines": [201, 204, 205, 211, 212, 218, 219, 220, 230, 232], "summary": {"covered_lines": 10, "num_statements": 17, "percent_covered": 51.724137931034484, "percent_covered_display": "52", "missing_lines": 7, "excluded_lines": 0, "percent_statements_covered": 58.8235294117647, "percent_statements_covered_display": "59", "num_branches": 12, "num_partial_branches": 1, "covered_branches": 5, "missing_branches": 7, "percent_branches_covered": 41.666666666666664, "percent_branches_covered_display": "42"}, "missing_lines": [221, 222, 223, 225, 226, 229, 234], "excluded_lines": [], "executed_branches": [[204, 205], [204, 211], [211, 212], [211, 218], [219, 220]], "missing_branches": [[219, 225], [222, 219], [222, 223], [225, 226], [225, 229], [229, 230], [229, 232]]}, "": {"executed_lines": [1, 6, 7, 8, 9, 11, 12, 13, 14, 15, 17, 20, 21, 30, 31, 34, 35, 46, 47, 150, 153, 154, 156, 157, 160, 161], "summary": {"covered_lines": 23, "num_statements": 23, "percent_covered": 100.0, "percent_covered_display": "100", "missing_lines": 0, "excluded_lines": 0, "percent_statements_covered": 100.0, "percent_statements_covered_display": "100", "num_branches": 0, "num_partial_branches": 0, "covered_branches": 0, "missing_branches": 0, "percent_branches_covered": 100.0, "percent_branches_covered_display": "100"}, "missing_lines": [], "excluded_lines": [], "executed_branches": [], "missing_branches": []}}, "classes": {"TriggerErrorRequest": {"executed_lines": [], "summary": {"covered_lines": 0, "num_statements": 0, "percent_covered": 100.0, "percent_covered_display": "100", "missing_lines": 0, "excluded_lines": 0, "percent_statements_covered": 100.0, "percent_statements_covered_display": "100", "num_branches": 0, "num_partial_branches": 0, "covered_branches": 0, "missing_branches": 0, "percent_branches_covered": 100.0, "percent_branches_covered_display": "100"}, "missing_lines": [], "excluded_lines": [], "executed_branches": [], "missing_branches": []}, "CleanupResponse": {"executed_lines": [], "summary": {"covered_lines": 0, "num_statements": 0, "percent_covered": 100.0, "percent_covered_display": "100", "missing_lines": 0, "excluded_lines": 0, "percent_statements_covered": 100.0, "percent_statements_covered_display": "100", "num_branches": 0, "num_partial_branches": 0, "covered_branches": 0, "missing_branches": 0, "percent_branches_covered": 100.0, "percent_branches_covered_display": "100"}, "missing_lines": [], "excluded_lines": [], "executed_branches": [], "missing_branches": []}, "": {"executed_lines": [1, 6, 7, 8, 9, 11, 12, 13, 14, 15, 17, 20, 21, 30, 31, 34, 35, 43, 46, 47, 117, 118, 124, 125, 131, 137, 139, 150, 153, 154, 156, 157, 160, 161, 201, 204, 205, 211, 212, 218, 219, 220, 230, 232], "summary": {"covered_lines": 41, "num_statements": 48, "percent_covered": 78.125, "percent_covered_display": "78", "missing_lines": 7, "excluded_lines": 0, "percent_statements_covered": 85.41666666666667, "percent_statements_covered_display": "85", "num_branches": 16, "num_partial_branches": 1, "covered_branches": 9, "missing_branches": 7, "percent_branches_covered": 56.25, "percent_branches_covered_display": "56"}, "missing_lines": [221, 222, 223, 225, 226, 229, 234], "excluded_lines": [], "executed_branches": [[117, 118], [117, 124], [124, 125], [124, 131], [204, 205], [204, 211], [211, 212], [211, 218], [219, 220]], "missing_branches": [[219, 225], [222, 219], [222, 223], [225, 226], [225, 229], [229, 230], [229, 232]]}}}, "app/api/thinkers.py": {"executed_lines": [1, 3, 4, 6, 7, 8, 9, 20, 23, 63, 65, 67, 69, 94, 95, 96, 98, 99, 100, 101, 102, 109, 116, 119, 120, 127, 129, 131, 133, 136, 137, 142, 144, 145, 151, 152, 160, 161, 163, 164, 167, 168, 170, 171, 179, 180, 186, 195, 196, 197, 206, 208, 209, 211, 218, 219, 228, 230, 232, 234, 235, 238, 239, 241, 250, 251, 259, 261, 263, 264, 270, 278, 279, 287, 290, 293, 295], "summary": {"covered_lines": 76, "num_statements": 83, "percent_covered": 89.10891089108911, "percent_covered_display": "89", "missing_lines": 7, "excluded_lines": 0, "percent_statements_covered": 91.56626506024097, "percent_statements_covered_display": "92", "num_branches": 18, "num_partial_branches": 2, "covered_branches": 14, "missing_branches": 4, "percent_branches_covered": 77.77777777777777, "percent_branches_covered_display": "78"}, "missing_lines": [140, 141, 148, 188, 198, 200, 201], "excluded_lines": [], "executed_branches": [[99, 100], [99, 116], [131, 133], [131, 136], [167, 168], [167, 186], [186, 195], [197, 211], [232, 234], [232, 238], [238, 239], [238, 241], [263, 264], [263, 270]], "missing_branches": [[140, 141], [140, 148], [186, 188], [197, 198]], "functions": {"get_mock_suggestions": {"executed_lines": [65, 67, 69, 94, 95, 96, 98, 99, 100, 101, 102, 109, 116], "summary": {"covered_lines": 13, "num_statements": 13, "percent_covered": 100.0, "percent_covered_display": "100", "missing_lines": 0, "excluded_lines": 0, "percent_statements_covered": 100.0, "percent_statements_covered_display": "100", "num_branches": 2, "num_partial_branches": 0, "covered_branches": 2, "missing_branches": 0, "percent_branches_covered": 100.0, "percent_branches_covered_display": "100"}, "missing_lines": [], "excluded_lines": [], "executed_branches": [[99, 100], [99, 116]], "missing_branches": []}, "suggest_thinkers": {"executed_lines": [127, 129, 131, 133, 136, 137, 142, 144, 145], "summary": {"covered_lines": 9, "num_statements": 12, "percent_covered": 68.75, "percent_covered_display": "69", "missing_lines": 3, "excluded_lines": 0, "percent_statements_covered": 75.0, "percent_statements_covered_display": "75", "num_branches": 4, "num_partial_branches": 0, "covered_branches": 2, "missing_branches": 2, "percent_branches_covered": 50.0, "percent_branches_covered_display": "50"}, "missing_lines": [140, 141, 148], "excluded_lines": [], "executed_branches": [[131, 133], [131, 136]], "missing_branches": [[140, 141], [140, 148]]}, "validate_thinker": {"executed_lines": [160, 161, 163, 164, 167, 168, 170, 171, 179, 180, 186, 195, 196, 197, 206, 208, 209, 211], "summary": {"covered_lines": 18, "num_statements": 22, "percent_covered": 78.57142857142857, "percent_covered_display": "79", "missing_lines": 4, "excluded_lines": 0, "percent_statements_covered": 81.81818181818181, "percent_statements_covered_display": "82", "num_branches": 6, "num_partial_branches": 2, "covered_branches": 4, "missing_branches": 2, "percent_branches_covered": 66.66666666666667, "percent_branches_covered_display": "67"}, "missing_lines": [188, 198, 200, 201], "excluded_lines": [], "executed_branches": [[167, 168], [167, 186], [186, 195], [197, 211]], "missing_branches": [[186, 188], [197, 198]]}, "get_thinker_knowledge": {"executed_lines": [228, 230, 232, 234, 235, 238, 239, 241], "summary": {"covered_lines": 8, "num_statements": 8, "percent_covered": 100.0, "percent_covered_display": "100", "missing_lines": 0, "excluded_lines": 0, "percent_statements_covered": 100.0, "percent_statements_covered_display": "100", "num_branches": 4, "num_partial_branches": 0, "covered_branches": 4, "missing_branches": 0, "percent_branches_covered": 100.0, "percent_branches_covered_display": "100"}, "missing_lines": [], "excluded_lines": [], "executed_branches": [[232, 234], [232, 238], [238, 239], [238, 241]], "missing_branches": []}, "get_thinker_knowledge_status": {"executed_lines": [259, 261, 263, 264, 270], "summary": {"covered_lines": 5, "num_statements": 5, "percent_covered": 100.0, "percent_covered_display": "100", "missing_lines": 0, "excluded_lines": 0, "percent_statements_covered": 100.0, "percent_statements_covered_display": "100", "num_branches": 2, "num_partial_branches": 0, "covered_branches": 2, "missing_branches": 0, "percent_branches_covered": 100.0, "percent_branches_covered_display": "100"}, "missing_lines": [], "excluded_lines": [], "executed_branches": [[263, 264], [263, 270]], "missing_branches": []}, "refresh_thinker_knowledge": {"executed_lines": [287, 290, 293, 295], "summary": {"covered_lines": 4, "num_statements": 4, "percent_covered": 100.0, "percent_covered_display": "100", "missing_lines": 0, "excluded_lines": 0, "percent_statements_covered": 100.0, "percent_statements_covered_display": "100", "num_branches": 0, "num_partial_branches": 0, "covered_branches": 0, "missing_branches": 0, "percent_branches_covered": 100.0, "percent_branches_covered_display": "100"}, "missing_lines": [], "excluded_lines": [], "executed_branches": [], "missing_branches": []}, "": {"executed_lines": [1, 3, 4, 6, 7, 8, 9, 20, 23, 63, 119, 120, 151, 152, 218, 219, 250, 251, 278, 279], "summary": {"covered_lines": 19, "num_statements": 19, "percent_covered": 100.0, "percent_covered_display": "100", "missing_lines": 0, "excluded_lines": 0, "percent_statements_covered": 100.0, "percent_statements_covered_display": "100", "num_branches": 0, "num_partial_branches": 0, "covered_branches": 0, "missing_branches": 0, "percent_branches_covered": 100.0, "percent_branches_covered_display": "100"}, "missing_lines": [], "excluded_lines": [], "executed_branches": [], "missing_branches": []}}, "classes": {"": {"executed_lines": [1, 3, 4, 6, 7, 8, 9, 20, 23, 63, 65, 67, 69, 94, 95, 96, 98, 99, 100, 101, 102, 109, 116, 119, 120, 127, 129, 131, 133, 136, 137, 142, 144, 145, 151, 152, 160, 161, 163, 164, 167, 168, 170, 171, 179, 180, 186, 195, 196, 197, 206, 208, 209, 211, 218, 219, 228, 230, 232, 234, 235, 238, 239, 241, 250, 251, 259, 261, 263, 264, 270, 278, 279, 287, 290, 293, 295], "summary": {"covered_lines": 76, "num_statements": 83, "percent_covered": 89.10891089108911, "percent_covered_display": "89", "missing_lines": 7, "excluded_lines": 0, "percent_statements_covered": 91.56626506024097, "percent_statements_covered_display": "92", "num_branches": 18, "num_partial_branches": 2, "covered_branches": 14, "missing_branches": 4, "percent_branches_covered": 77.77777777777777, "percent_branches_covered_display": "78"}, "missing_lines": [140, 141, 148, 188, 198, 200, 201], "excluded_lines": [], "executed_branches": [[99, 100], [99, 116], [131, 133], [131, 136], [167, 168], [167, 186], [186, 195], [197, 211], [232, 234], [232, 238], [238, 239], [238, 241], [263, 264], [263, 270]], "missing_branches": [[140, 141], [140, 148], [186, 188], [197, 198]]}}}, "app/api/websocket.py": {"executed_lines": [1, 3, 4, 5, 6, 7, 8, 9, 10, 12, 13, 14, 15, 16, 18, 19, 21, 24, 27, 28, 31, 32, 33, 34, 35, 36, 37, 38, 41, 42, 43, 44, 45, 46, 47, 48, 49, 50, 51, 54, 55, 56, 57, 60, 61, 63, 64, 65, 66, 67, 68, 69, 70, 71, 72, 75, 76, 77, 79, 80, 81, 82, 83, 85, 87, 88, 90, 92, 93, 94, 96, 98, 99, 100, 101, 102, 103, 104, 106, 107, 108, 109, 112, 113, 115, 116, 119, 121, 123, 124, 125, 126, 127, 129, 131, 132, 133, 135, 137, 139, 141, 142, 143, 145, 148, 149, 150, 152, 161, 163, 164, 166, 187, 198, 210, 221, 231, 241, 254, 266, 269, 281, 282, 284, 290, 300, 305, 307, 308, 310, 311, 313, 317, 324, 327, 328, 330, 331, 332, 335, 336, 351, 352, 355, 359, 360, 364, 365, 369, 372, 383, 384, 391, 400, 402, 404, 412, 440, 441, 443, 444, 445, 446, 448, 451, 454, 456, 457, 464, 466, 467, 474, 478, 482, 483, 493, 494, 501, 502, 504, 506], "summary": {"covered_lines": 174, "num_statements": 221, "percent_covered": 76.01476014760148, "percent_covered_display": "76", "missing_lines": 47, "excluded_lines": 2, "percent_statements_covered": 78.73303167420815, "percent_statements_covered_display": "79", "num_branches": 50, "num_partial_branches": 12, "covered_branches": 32, "missing_branches": 18, "percent_branches_covered": 64.0, "percent_branches_covered_display": "64"}, "missing_lines": [175, 185, 189, 190, 191, 196, 202, 208, 212, 213, 214, 219, 223, 229, 233, 239, 245, 252, 256, 262, 273, 278, 285, 286, 287, 314, 356, 357, 361, 362, 366, 367, 409, 415, 416, 418, 420, 421, 422, 424, 427, 428, 431, 450, 453, 476, 477], "excluded_lines": [21, 22], "executed_branches": [[93, -90], [93, 94], [100, 101], [100, 106], [106, 107], [106, 108], [108, -96], [108, 109], [125, 126], [125, 127], [132, 133], [141, 142], [141, 143], [149, 150], [163, -161], [163, 164], [308, 310], [313, 317], [327, 328], [355, 359], [360, 364], [365, 369], [383, 384], [383, 391], [448, 451], [451, 454], [454, 456], [454, 464], [464, 466], [464, 474], [474, 478], [478, 482]], "missing_branches": [[132, -129], [149, -145], [189, 190], [189, 191], [212, 213], [212, 214], [308, 317], [313, 314], [327, 330], [355, 356], [360, 361], [365, 366], [418, 420], [418, 440], [448, 450], [451, 453], [474, 476], [478, 441]], "functions": {"ConversationRoom.add_connection": {"executed_lines": [87, 88], "summary": {"covered_lines": 2, "num_statements": 2, "percent_covered": 100.0, "percent_covered_display": "100", "missing_lines": 0, "excluded_lines": 0, "percent_statements_covered": 100.0, "percent_statements_covered_display": "100", "num_branches": 0, "num_partial_branches": 0, "covered_branches": 0, "missing_branches": 0, "percent_branches_covered": 100.0, "percent_branches_covered_display": "100"}, "missing_lines": [], "excluded_lines": [], "executed_branches": [], "missing_branches": []}, "ConversationRoom.remove_connection": {"executed_lines": [92, 93, 94], "summary": {"covered_lines": 3, "num_statements": 3, "percent_covered": 100.0, "percent_covered_display": "100", "missing_lines": 0, "excluded_lines": 0, "percent_statements_covered": 100.0, "percent_statements_covered_display": "100", "num_branches": 2, "num_partial_branches": 0, "covered_branches": 2, "missing_branches": 0, "percent_branches_covered": 100.0, "percent_branches_covered_display": "100"}, "missing_lines": [], "excluded_lines": [], "executed_branches": [[93, -90], [93, 94]], "missing_branches": []}, "ConversationRoom.broadcast": {"executed_lines": [98, 99, 100, 101, 102, 103, 104, 106, 107, 108, 109], "summary": {"covered_lines": 11, "num_statements": 11, "percent_covered": 100.0, "percent_covered_display": "100", "missing_lines": 0, "excluded_lines": 0, "percent_statements_covered": 100.0, "percent_statements_covered_display": "100", "num_branches": 6, "num_partial_branches": 0, "covered_branches": 6, "missing_branches": 0, "percent_branches_covered": 100.0, "percent_branches_covered_display": "100"}, "missing_lines": [], "excluded_lines": [], "executed_branches": [[100, 101], [100, 106], [106, 107], [106, 108], [108, -96], [108, 109]], "missing_branches": []}, "ConnectionManager.__init__": {"executed_lines": [116, 119], "summary": {"covered_lines": 2, "num_statements": 2, "percent_covered": 100.0, "percent_covered_display": "100", "missing_lines": 0, "excluded_lines": 0, "percent_statements_covered": 100.0, "percent_statements_covered_display": "100", "num_branches": 0, "num_partial_branches": 0, "covered_branches": 0, "missing_branches": 0, "percent_branches_covered": 100.0, "percent_branches_covered_display": "100"}, "missing_lines": [], "excluded_lines": [], "executed_branches": [], "missing_branches": []}, "ConnectionManager.connect": {"executed_lines": [123, 124, 125, 126, 127], "summary": {"covered_lines": 5, "num_statements": 5, "percent_covered": 100.0, "percent_covered_display": "100", "missing_lines": 0, "excluded_lines": 0, "percent_statements_covered": 100.0, "percent_statements_covered_display": "100", "num_branches": 2, "num_partial_branches": 0, "covered_branches": 2, "missing_branches": 0, "percent_branches_covered": 100.0, "percent_branches_covered_display": "100"}, "missing_lines": [], "excluded_lines": [], "executed_branches": [[125, 126], [125, 127]], "missing_branches": []}, "ConnectionManager.disconnect": {"executed_lines": [131, 132, 133], "summary": {"covered_lines": 3, "num_statements": 3, "percent_covered": 80.0, "percent_covered_display": "80", "missing_lines": 0, "excluded_lines": 0, "percent_statements_covered": 100.0, "percent_statements_covered_display": "100", "num_branches": 2, "num_partial_branches": 1, "covered_branches": 1, "missing_branches": 1, "percent_branches_covered": 50.0, "percent_branches_covered_display": "50"}, "missing_lines": [], "excluded_lines": [], "executed_branches": [[132, 133]], "missing_branches": [[132, -129]]}, "ConnectionManager.is_conversation_active": {"executed_lines": [137], "summary": {"covered_lines": 1, "num_statements": 1, "percent_covered": 100.0, "percent_covered_display": "100", "missing_lines": 0, "excluded_lines": 0, "percent_statements_covered": 100.0, "percent_statements_covered_display": "100", "num_branches": 0, "num_partial_branches": 0, "covered_branches": 0, "missing_branches": 0, "percent_branches_covered": 100.0, "percent_branches_covered_display": "100"}, "missing_lines": [], "excluded_lines": [], "executed_branches": [], "missing_branches": []}, "ConnectionManager.get_speed_multiplier": {"executed_lines": [141, 142, 143], "summary": {"covered_lines": 3, "num_statements": 3, "percent_covered": 100.0, "percent_covered_display": "100", "missing_lines": 0, "excluded_lines": 0, "percent_statements_covered": 100.0, "percent_statements_covered_display": "100", "num_branches": 2, "num_partial_branches": 0, "covered_branches": 2, "missing_branches": 0, "percent_branches_covered": 100.0, "percent_branches_covered_display": "100"}, "missing_lines": [], "excluded_lines": [], "executed_branches": [[141, 142], [141, 143]], "missing_branches": []}, "ConnectionManager.set_speed_multiplier": {"executed_lines": [148, 149, 150, 152], "summary": {"covered_lines": 4, "num_statements": 4, "percent_covered": 83.33333333333333, "percent_covered_display": "83", "missing_lines": 0, "excluded_lines": 0, "percent_statements_covered": 100.0, "percent_statements_covered_display": "100", "num_branches": 2, "num_partial_branches": 1, "covered_branches": 1, "missing_branches": 1, "percent_branches_covered": 50.0, "percent_branches_covered_display": "50"}, "missing_lines": [], "excluded_lines": [], "executed_branches": [[149, 150]], "missing_branches": [[149, -145]]}, "ConnectionManager.broadcast_to_conversation": {"executed_lines": [163, 164], "summary": {"covered_lines": 2, "num_statements": 2, "percent_covered": 100.0, "percent_covered_display": "100", "missing_lines": 0, "excluded_lines": 0, "percent_statements_covered": 100.0, "percent_statements_covered_display": "100", "num_branches": 2, "num_partial_branches": 0, "covered_branches": 2, "missing_branches": 0, "percent_branches_covered": 100.0, "percent_branches_covered_display": "100"}, "missing_lines": [], "excluded_lines": [], "executed_branches": [[163, -161], [163, 164]], "missing_branches": []}, "ConnectionManager.send_thinker_message": {"executed_lines": [], "summary": {"covered_lines": 0, "num_statements": 2, "percent_covered": 0.0, "percent_covered_display": "0", "missing_lines": 2, "excluded_lines": 0, "percent_statements_covered": 0.0, "percent_statements_covered_display": "0", "num_branches": 0, "num_partial_branches": 0, "covered_branches": 0, "missing_branches": 0, "percent_branches_covered": 100.0, "percent_branches_covered_display": "100"}, "missing_lines": [175, 185], "excluded_lines": [], "executed_branches": [], "missing_branches": []}, "ConnectionManager.send_thinker_typing": {"executed_lines": [], "summary": {"covered_lines": 0, "num_statements": 4, "percent_covered": 0.0, "percent_covered_display": "0", "missing_lines": 4, "excluded_lines": 0, "percent_statements_covered": 0.0, "percent_statements_covered_display": "0", "num_branches": 2, "num_partial_branches": 0, "covered_branches": 0, "missing_branches": 2, "percent_branches_covered": 0.0, "percent_branches_covered_display": "0"}, "missing_lines": [189, 190, 191, 196], "excluded_lines": [], "executed_branches": [], "missing_branches": [[189, 190], [189, 191]]}, "ConnectionManager.send_thinker_thinking": {"executed_lines": [], "summary": {"covered_lines": 0, "num_statements": 2, "percent_covered": 0.0, "percent_covered_display": "0", "missing_lines": 2, "excluded_lines": 0, "percent_statements_covered": 0.0, "percent_statements_covered_display": "0", "num_branches": 0, "num_partial_branches": 0, "covered_branches": 0, "missing_branches": 0, "percent_branches_covered": 100.0, "percent_branches_covered_display": "100"}, "missing_lines": [202, 208], "excluded_lines": [], "executed_branches": [], "missing_branches": []}, "ConnectionManager.send_thinker_stopped_typing": {"executed_lines": [], "summary": {"covered_lines": 0, "num_statements": 4, "percent_covered": 0.0, "percent_covered_display": "0", "missing_lines": 4, "excluded_lines": 0, "percent_statements_covered": 0.0, "percent_statements_covered_display": "0", "num_branches": 2, "num_partial_branches": 0, "covered_branches": 0, "missing_branches": 2, "percent_branches_covered": 0.0, "percent_branches_covered_display": "0"}, "missing_lines": [212, 213, 214, 219], "excluded_lines": [], "executed_branches": [], "missing_branches": [[212, 213], [212, 214]]}, "ConnectionManager.send_research_started": {"executed_lines": [], "summary": {"covered_lines": 0, "num_statements": 2, "percent_covered": 0.0, "percent_covered_display": "0", "missing_lines": 2, "excluded_lines": 0, "percent_statements_covered": 0.0, "percent_statements_covered_display": "0", "num_branches": 0, "num_partial_branches": 0, "covered_branches": 0, "missing_branches": 0, "percent_branches_covered": 100.0, "percent_branches_covered_display": "100"}, "missing_lines": [223, 229], "excluded_lines": [], "executed_branches": [], "missing_branches": []}, "ConnectionManager.send_research_complete": {"executed_lines": [], "summary": {"covered_lines": 0, "num_statements": 2, "percent_covered": 0.0, "percent_covered_display": "0", "missing_lines": 2, "excluded_lines": 0, "percent_statements_covered": 0.0, "percent_statements_covered_display": "0", "num_branches": 0, "num_partial_branches": 0, "covered_branches": 0, "missing_branches": 0, "percent_branches_covered": 100.0, "percent_branches_covered_display": "100"}, "missing_lines": [233, 239], "excluded_lines": [], "executed_branches": [], "missing_branches": []}, "ConnectionManager.send_research_failed": {"executed_lines": [], "summary": {"covered_lines": 0, "num_statements": 2, "percent_covered": 0.0, "percent_covered_display": "0", "missing_lines": 2, "excluded_lines": 0, "percent_statements_covered": 0.0, "percent_statements_covered_display": "0", "num_branches": 0, "num_partial_branches": 0, "covered_branches": 0, "missing_branches": 0, "percent_branches_covered": 100.0, "percent_branches_covered_display": "100"}, "missing_lines": [245, 252], "excluded_lines": [], "executed_branches": [], "missing_branches": []}, "ConnectionManager.send_cache_hit": {"executed_lines": [], "summary": {"covered_lines": 0, "num_statements": 2, "percent_covered": 0.0, "percent_covered_display": "0", "missing_lines": 2, "excluded_lines": 0, "percent_statements_covered": 0.0, "percent_statements_covered_display": "0", "num_branches": 0, "num_partial_branches": 0, "covered_branches": 0, "missing_branches": 0, "percent_branches_covered": 100.0, "percent_branches_covered_display": "100"}, "missing_lines": [256, 262], "excluded_lines": [], "executed_branches": [], "missing_branches": []}, "get_messages_for_conversation": {"executed_lines": [], "summary": {"covered_lines": 0, "num_statements": 2, "percent_covered": 0.0, "percent_covered_display": "0", "missing_lines": 2, "excluded_lines": 0, "percent_statements_covered": 0.0, "percent_statements_covered_display": "0", "num_branches": 0, "num_partial_branches": 0, "covered_branches": 0, "missing_branches": 0, "percent_branches_covered": 100.0, "percent_branches_covered_display": "100"}, "missing_lines": [273, 278], "excluded_lines": [], "executed_branches": [], "missing_branches": []}, "SpendLimitExceeded.__init__": {"executed_lines": [], "summary": {"covered_lines": 0, "num_statements": 3, "percent_covered": 0.0, "percent_covered_display": "0", "missing_lines": 3, "excluded_lines": 0, "percent_statements_covered": 0.0, "percent_statements_covered_display": "0", "num_branches": 0, "num_partial_branches": 0, "covered_branches": 0, "missing_branches": 0, "percent_branches_covered": 100.0, "percent_branches_covered_display": "100"}, "missing_lines": [285, 286, 287], "excluded_lines": [], "executed_branches": [], "missing_branches": []}, "save_thinker_message": {"executed_lines": [300, 305, 307, 308, 310, 311, 313, 317, 324, 327, 328, 330, 331, 332], "summary": {"covered_lines": 14, "num_statements": 15, "percent_covered": 80.95238095238095, "percent_covered_display": "81", "missing_lines": 1, "excluded_lines": 0, "percent_statements_covered": 93.33333333333333, "percent_statements_covered_display": "93", "num_branches": 6, "num_partial_branches": 3, "covered_branches": 3, "missing_branches": 3, "percent_branches_covered": 50.0, "percent_branches_covered_display": "50"}, "missing_lines": [314], "excluded_lines": [], "executed_branches": [[308, 310], [313, 317], [327, 328]], "missing_branches": [[308, 317], [313, 314], [327, 330]]}, "websocket_endpoint": {"executed_lines": [351, 352, 355, 359, 360, 364, 365, 369, 372, 383, 384, 391, 400, 402, 404, 412, 440, 441, 443, 444, 445, 446, 448, 451, 454, 456, 457, 464, 466, 467, 474, 478, 482, 483, 493, 494, 501, 502, 504, 506], "summary": {"covered_lines": 40, "num_statements": 57, "percent_covered": 67.0886075949367, "percent_covered_display": "67", "missing_lines": 17, "excluded_lines": 0, "percent_statements_covered": 70.17543859649123, "percent_statements_covered_display": "70", "num_branches": 22, "num_partial_branches": 7, "covered_branches": 13, "missing_branches": 9, "percent_branches_covered": 59.09090909090909, "percent_branches_covered_display": "59"}, "missing_lines": [356, 357, 361, 362, 366, 367, 409, 415, 416, 418, 420, 424, 431, 450, 453, 476, 477], "excluded_lines": [], "executed_branches": [[355, 359], [360, 364], [365, 369], [383, 384], [383, 391], [448, 451], [451, 454], [454, 456], [454, 464], [464, 466], [464, 474], [474, 478], [478, 482]], "missing_branches": [[355, 356], [360, 361], [365, 366], [418, 420], [418, 440], [448, 450], [451, 453], [474, 476], [478, 441]]}, "websocket_endpoint.get_messages": {"executed_lines": [], "summary": {"covered_lines": 0, "num_statements": 2, "percent_covered": 0.0, "percent_covered_display": "0", "missing_lines": 2, "excluded_lines": 0, "percent_statements_covered": 0.0, "percent_statements_covered_display": "0", "num_branches": 0, "num_partial_branches": 0, "covered_branches": 0, "missing_branches": 0, "percent_branches_covered": 100.0, "percent_branches_covered_display": "100"}, "missing_lines": [421, 422], "excluded_lines": [], "executed_branches": [], "missing_branches": []}, "websocket_endpoint.save_message": {"executed_lines": [], "summary": {"covered_lines": 0, "num_statements": 2, "percent_covered": 0.0, "percent_covered_display": "0", "missing_lines": 2, "excluded_lines": 0, "percent_statements_covered": 0.0, "percent_statements_covered_display": "0", "num_branches": 0, "num_partial_branches": 0, "covered_branches": 0, "missing_branches": 0, "percent_branches_covered": 100.0, "percent_branches_covered_display": "100"}, "missing_lines": [427, 428], "excluded_lines": [], "executed_branches": [], "missing_branches": []}, "": {"executed_lines": [1, 3, 4, 5, 6, 7, 8, 9, 10, 12, 13, 14, 15, 16, 18, 19, 21, 24, 27, 28, 31, 32, 33, 34, 35, 36, 37, 38, 41, 42, 43, 44, 45, 46, 47, 48, 49, 50, 51, 54, 55, 56, 57, 60, 61, 63, 64, 65, 66, 67, 68, 69, 70, 71, 72, 75, 76, 77, 79, 80, 81, 82, 83, 85, 90, 96, 112, 113, 115, 121, 129, 135, 139, 145, 161, 166, 187, 198, 210, 221, 231, 241, 254, 266, 269, 281, 282, 284, 290, 335, 336], "summary": {"covered_lines": 84, "num_statements": 84, "percent_covered": 100.0, "percent_covered_display": "100", "missing_lines": 0, "excluded_lines": 2, "percent_statements_covered": 100.0, "percent_statements_covered_display": "100", "num_branches": 0, "num_partial_branches": 0, "covered_branches": 0, "missing_branches": 0, "percent_branches_covered": 100.0, "percent_branches_covered_display": "100"}, "missing_lines": [], "excluded_lines": [21, 22], "executed_branches": [], "missing_branches": []}}, "classes": {"WSMessageType": {"executed_lines": [], "summary": {"covered_lines": 0, "num_statements": 0, "percent_covered": 100.0, "percent_covered_display": "100", "missing_lines": 0, "excluded_lines": 0, "percent_statements_covered": 100.0, "percent_statements_covered_display": "100", "num_branches": 0, "num_partial_branches": 0, "covered_branches": 0, "missing_branches": 0, "percent_branches_covered": 100.0, "percent_branches_covered_display": "100"}, "missing_lines": [], "excluded_lines": [], "executed_branches": [], "missing_branches": []}, "WSMessage": {"executed_lines": [], "summary": {"covered_lines": 0, "num_statements": 0, "percent_covered": 100.0, "percent_covered_display": "100", "missing_lines": 0, "excluded_lines": 0, "percent_statements_covered": 100.0, "percent_statements_covered_display": "100", "num_branches": 0, "num_partial_branches": 0, "covered_branches": 0, "missing_branches": 0, "percent_branches_covered": 100.0, "percent_branches_covered_display": "100"}, "missing_lines": [], "excluded_lines": [], "executed_branches": [], "missing_branches": []}, "ConversationRoom": {"executed_lines": [87, 88, 92, 93, 94, 98, 99, 100, 101, 102, 103, 104, 106, 107, 108, 109], "summary": {"covered_lines": 16, "num_statements": 16, "percent_covered": 100.0, "percent_covered_display": "100", "missing_lines": 0, "excluded_lines": 0, "percent_statements_covered": 100.0, "percent_statements_covered_display": "100", "num_branches": 8, "num_partial_branches": 0, "covered_branches": 8, "missing_branches": 0, "percent_branches_covered": 100.0, "percent_branches_covered_display": "100"}, "missing_lines": [], "excluded_lines": [], "executed_branches": [[93, -90], [93, 94], [100, 101], [100, 106], [106, 107], [106, 108], [108, -96], [108, 109]], "missing_branches": []}, "ConnectionManager": {"executed_lines": [116, 119, 123, 124, 125, 126, 127, 131, 132, 133, 137, 141, 142, 143, 148, 149, 150, 152, 163, 164], "summary": {"covered_lines": 20, "num_statements": 40, "percent_covered": 51.851851851851855, "percent_covered_display": "52", "missing_lines": 20, "excluded_lines": 0, "percent_statements_covered": 50.0, "percent_statements_covered_display": "50", "num_branches": 14, "num_partial_branches": 2, "covered_branches": 8, "missing_branches": 6, "percent_branches_covered": 57.142857142857146, "percent_branches_covered_display": "57"}, "missing_lines": [175, 185, 189, 190, 191, 196, 202, 208, 212, 213, 214, 219, 223, 229, 233, 239, 245, 252, 256, 262], "excluded_lines": [], "executed_branches": [[125, 126], [125, 127], [132, 133], [141, 142], [141, 143], [149, 150], [163, -161], [163, 164]], "missing_branches": [[132, -129], [149, -145], [189, 190], [189, 191], [212, 213], [212, 214]]}, "SpendLimitExceeded": {"executed_lines": [], "summary": {"covered_lines": 0, "num_statements": 3, "percent_covered": 0.0, "percent_covered_display": "0", "missing_lines": 3, "excluded_lines": 0, "percent_statements_covered": 0.0, "percent_statements_covered_display": "0", "num_branches": 0, "num_partial_branches": 0, "covered_branches": 0, "missing_branches": 0, "percent_branches_covered": 100.0, "percent_branches_covered_display": "100"}, "missing_lines": [285, 286, 287], "excluded_lines": [], "executed_branches": [], "missing_branches": []}, "": {"executed_lines": [1, 3, 4, 5, 6, 7, 8, 9, 10, 12, 13, 14, 15, 16, 18, 19, 21, 24, 27, 28, 31, 32, 33, 34, 35, 36, 37, 38, 41, 42, 43, 44, 45, 46, 47, 48, 49, 50, 51, 54, 55, 56, 57, 60, 61, 63, 64, 65, 66, 67, 68, 69, 70, 71, 72, 75, 76, 77, 79, 80, 81, 82, 83, 85, 90, 96, 112, 113, 115, 121, 129, 135, 139, 145, 161, 166, 187, 198, 210, 221, 231, 241, 254, 266, 269, 281, 282, 284, 290, 300, 305, 307, 308, 310, 311, 313, 317, 324, 327, 328, 330, 331, 332, 335, 336, 351, 352, 355, 359, 360, 364, 365, 369, 372, 383, 384, 391, 400, 402, 404, 412, 440, 441, 443, 444, 445, 446, 448, 451, 454, 456, 457, 464, 466, 467, 474, 478, 482, 483, 493, 494, 501, 502, 504, 506], "summary": {"cove
[...]
nts_covered_display": "0", "num_branches": 4, "num_partial_branches": 0, "covered_branches": 0, "missing_branches": 4, "percent_branches_covered": 0.0, "percent_branches_covered_display": "0"}, "missing_lines": [1078, 1080, 1082, 1084, 1085, 1095], "excluded_lines": [], "executed_branches": [], "missing_branches": [[1078, 1080], [1078, 1082], [1084, -1062], [1084, 1085]]}, "ThinkerService.stop_conversation_agents": {"executed_lines": [1099, 1100, 1101, 1102, 1103, 1104], "summary": {"covered_lines": 6, "num_statements": 6, "percent_covered": 100.0, "percent_covered_display": "100", "missing_lines": 0, "excluded_lines": 0, "percent_statements_covered": 100.0, "percent_statements_covered_display": "100", "num_branches": 4, "num_partial_branches": 0, "covered_branches": 4, "missing_branches": 0, "percent_branches_covered": 100.0, "percent_branches_covered_display": "100"}, "missing_lines": [], "excluded_lines": [], "executed_branches": [[1099, -1097], [1099, 1100], [1100, 1101], [1100, 1104]], "missing_branches": []}, "ThinkerService.pause_conversation": {"executed_lines": [1111], "summary": {"covered_lines": 1, "num_statements": 1, "percent_covered": 100.0, "percent_covered_display": "100", "missing_lines": 0, "excluded_lines": 0, "percent_statements_covered": 100.0, "percent_statements_covered_display": "100", "num_branches": 0, "num_partial_branches": 0, "covered_branches": 0, "missing_branches": 0, "percent_branches_covered": 100.0, "percent_branches_covered_display": "100"}, "missing_lines": [], "excluded_lines": [], "executed_branches": [], "missing_branches": []}, "ThinkerService.resume_conversation": {"executed_lines": [1115], "summary": {"covered_lines": 1, "num_statements": 1, "percent_covered": 100.0, "percent_covered_display": "100", "missing_lines": 0, "excluded_lines": 0, "percent_statements_covered": 100.0, "percent_statements_covered_display": "100", "num_branches": 0, "num_partial_branches": 0, "covered_branches": 0, "missing_branches": 0, "percent_branches_covered": 100.0, "percent_branches_covered_display": "100"}, "missing_lines": [], "excluded_lines": [], "executed_branches": [], "missing_branches": []}, "ThinkerService.is_paused": {"executed_lines": [1119], "summary": {"covered_lines": 1, "num_statements": 1, "percent_covered": 100.0, "percent_covered_display": "100", "missing_lines": 0, "excluded_lines": 0, "percent_statements_covered": 100.0, "percent_statements_covered_display": "100", "num_branches": 0, "num_partial_branches": 0, "covered_branches": 0, "missing_branches": 0, "percent_branches_covered": 100.0, "percent_branches_covered_display": "100"}, "missing_lines": [], "excluded_lines": [], "executed_branches": [], "missing_branches": []}, "ThinkerService.is_idle_paused": {"executed_lines": [1123], "summary": {"covered_lines": 1, "num_statements": 1, "percent_covered": 100.0, "percent_covered_display": "100", "missing_lines": 0, "excluded_lines": 0, "percent_statements_covered": 100.0, "percent_statements_covered_display": "100", "num_branches": 0, "num_partial_branches": 0, "covered_branches": 0, "missing_branches": 0, "percent_branches_covered": 100.0, "percent_branches_covered_display": "100"}, "missing_lines": [], "excluded_lines": [], "executed_branches": [], "missing_branches": []}, "ThinkerService.pause_for_idle": {"executed_lines": [1127, 1128], "summary": {"covered_lines": 2, "num_statements": 2, "percent_covered": 100.0, "percent_covered_display": "100", "missing_lines": 0, "excluded_lines": 0, "percent_statements_covered": 100.0, "percent_statements_covered_display": "100", "num_branches": 0, "num_partial_branches": 0, "covered_branches": 0, "missing_branches": 0, "percent_branches_covered": 100.0, "percent_branches_covered_display": "100"}, "missing_lines": [], "excluded_lines": [], "executed_branches": [], "missing_branches": []}, "ThinkerService.resume_from_idle": {"executed_lines": [1136, 1137, 1138], "summary": {"covered_lines": 3, "num_statements": 3, "percent_covered": 100.0, "percent_covered_display": "100", "missing_lines": 0, "excluded_lines": 0, "percent_statements_covered": 100.0, "percent_statements_covered_display": "100", "num_branches": 2, "num_partial_branches": 0, "covered_branches": 2, "missing_branches": 0, "percent_branches_covered": 100.0, "percent_branches_covered_display": "100"}, "missing_lines": [], "excluded_lines": [], "executed_branches": [[1136, -1130], [1136, 1137]], "missing_branches": []}, "ThinkerService._run_thinker_agent": {"executed_lines": [], "summary": {"covered_lines": 0, "num_statements": 101, "percent_covered": 0.0, "percent_covered_display": "0", "missing_lines": 101, "excluded_lines": 0, "percent_statements_covered": 0.0, "percent_statements_covered_display": "0", "num_branches": 36, "num_partial_branches": 0, "covered_branches": 0, "missing_branches": 36, "percent_branches_covered": 0.0, "percent_branches_covered_display": "0"}, "missing_lines": [1155, 1156, 1157, 1159, 1160, 1162, 1164, 1165, 1168, 1170, 1171, 1176, 1181, 1182, 1183, 1184, 1185, 1186, 1187, 1190, 1193, 1194, 1195, 1196, 1197, 1198, 1200, 1201, 1205, 1206, 1210, 1219, 1226, 1227, 1230, 1234, 1235, 1238, 1239, 1244, 1248, 1251, 1252, 1253, 1256, 1258, 1264, 1269, 1270, 1271, 1273, 1275, 1278, 1281, 1283, 1284, 1287, 1290, 1298, 1299, 1302, 1305, 1306, 1315, 1316, 1318, 1320, 1322, 1323, 1325, 1327, 1332, 1333, 1335, 1336, 1338, 1339, 1340, 1342, 1343, 1344, 1345, 1353, 1360, 1361, 1363, 1364, 1365, 1374, 1375, 1382, 1383, 1385, 1386, 1387, 1395, 1396, 1398, 1401, 1402, 1410], "excluded_lines": [], "executed_branches": [], "missing_branches": [[1162, 1164], [1162, 1168], [1168, 1170], [1168, 1176], [1183, 1184], [1183, 1190], [1185, 1186], [1185, 1190], [1194, 1195], [1194, 1230], [1196, 1197], [1196, 1230], [1198, 1200], [1198, 1230], [1200, 1201], [1200, 1226], [1234, 1235], [1234, 1327], [1251, 1252], [1251, 1256], [1256, 1258], [1256, 1264], [1269, 1270], [1269, 1273], [1273, 1275], [1273, 1325], [1281, 1283], [1281, 1322], [1283, 1284], [1283, 1290], [1298, 1299], [1298, 1305], [1315, 1281], [1315, 1316], [1332, 1333], [1332, 1335]]}, "ThinkerService._get_user_name_from_messages": {"executed_lines": [1414, 1415, 1416, 1417, 1418, 1419], "summary": {"covered_lines": 6, "num_statements": 6, "percent_covered": 100.0, "percent_covered_display": "100", "missing_lines": 0, "excluded_lines": 0, "percent_statements_covered": 100.0, "percent_statements_covered_display": "100", "num_branches": 4, "num_partial_branches": 0, "covered_branches": 4, "missing_branches": 0, "percent_branches_covered": 100.0, "percent_branches_covered_display": "100"}, "missing_lines": [], "excluded_lines": [], "executed_branches": [[1414, 1415], [1414, 1419], [1417, 1414], [1417, 1418]], "missing_branches": []}, "ThinkerService._get_last_user_message_timestamp": {"executed_lines": [1426, 1427, 1428, 1429, 1430, 1431], "summary": {"covered_lines": 6, "num_statements": 6, "percent_covered": 100.0, "percent_covered_display": "100", "missing_lines": 0, "excluded_lines": 0, "percent_statements_covered": 100.0, "percent_statements_covered_display": "100", "num_branches": 4, "num_partial_branches": 0, "covered_branches": 4, "missing_branches": 0, "percent_branches_covered": 100.0, "percent_branches_covered_display": "100"}, "missing_lines": [], "excluded_lines": [], "executed_branches": [[1426, 1427], [1426, 1431], [1429, 1426], [1429, 1430]], "missing_branches": []}, "ThinkerService._count_messages_since_user": {"executed_lines": [1435, 1436, 1437, 1438, 1439, 1440, 1441, 1442], "summary": {"covered_lines": 8, "num_statements": 8, "percent_covered": 91.66666666666667, "percent_covered_display": "92", "missing_lines": 0, "excluded_lines": 0, "percent_statements_covered": 100.0, "percent_statements_covered_display": "100", "num_branches": 4, "num_partial_branches": 1, "covered_branches": 3, "missing_branches": 1, "percent_branches_covered": 75.0, "percent_branches_covered_display": "75"}, "missing_lines": [], "excluded_lines": [], "executed_branches": [[1436, 1437], [1439, 1440], [1439, 1441]], "missing_branches": [[1436, 1442]]}, "ThinkerService._should_prompt_user": {"executed_lines": [1456, 1457, 1459, 1462, 1464, 1469, 1470], "summary": {"covered_lines": 7, "num_statements": 8, "percent_covered": 83.33333333333333, "percent_covered_display": "83", "missing_lines": 1, "excluded_lines": 0, "percent_statements_covered": 87.5, "percent_statements_covered_display": "88", "num_branches": 4, "num_partial_branches": 1, "covered_branches": 3, "missing_branches": 1, "percent_branches_covered": 75.0, "percent_branches_covered_display": "75"}, "missing_lines": [1465], "excluded_lines": [], "executed_branches": [[1456, 1457], [1456, 1459], [1464, 1469]], "missing_branches": [[1464, 1465]]}, "ThinkerService.generate_user_prompt": {"executed_lines": [1484, 1485, 1488, 1493, 1497, 1498, 1525, 1526, 1533, 1534, 1535, 1537, 1538, 1539, 1540, 1541, 1542, 1543], "summary": {"covered_lines": 18, "num_statements": 18, "percent_covered": 100.0, "percent_covered_display": "100", "missing_lines": 0, "excluded_lines": 0, "percent_statements_covered": 100.0, "percent_statements_covered_display": "100", "num_branches": 4, "num_partial_branches": 0, "covered_branches": 4, "missing_branches": 0, "percent_branches_covered": 100.0, "percent_branches_covered_display": "100"}, "missing_lines": [], "excluded_lines": [], "executed_branches": [[1484, 1485], [1484, 1488], [1538, 1539], [1538, 1540]], "missing_branches": []}, "ThinkerService.generate_user_prompt.get_sender_label": {"executed_lines": [1489, 1490, 1491], "summary": {"covered_lines": 3, "num_statements": 3, "percent_covered": 100.0, "percent_covered_display": "100", "missing_lines": 0, "excluded_lines": 0, "percent_statements_covered": 100.0, "percent_statements_covered_display": "100", "num_branches": 0, "num_partial_branches": 0, "covered_branches": 0, "missing_branches": 0, "percent_branches_covered": 100.0, "percent_branches_covered_display": "100"}, "missing_lines": [], "excluded_lines": [], "executed_branches": [], "missing_branches": []}, "ThinkerService._should_respond": {"executed_lines": [1561, 1562, 1565, 1566, 1567, 1570, 1571, 1574, 1577, 1580, 1581, 1584, 1588, 1593, 1594, 1597, 1598, 1600], "summary": {"covered_lines": 18, "num_statements": 20, "percent_covered": 88.23529411764706, "percent_covered_display": "88", "missing_lines": 2, "excluded_lines": 0, "percent_statements_covered": 90.0, "percent_statements_covered_display": "90", "num_branches": 14, "num_partial_branches": 2, "covered_branches": 12, "missing_branches": 2, "percent_branches_covered": 85.71428571428571, "percent_branches_covered_display": "86"}, "missing_lines": [1585, 1589], "excluded_lines": [], "executed_branches": [[1561, 1562], [1561, 1565], [1566, 1567], [1566, 1570], [1580, 1581], [1580, 1584], [1584, 1588], [1588, 1593], [1593, 1594], [1593, 1597], [1597, 1598], [1597, 1600]], "missing_branches": [[1584, 1585], [1588, 1589]]}, "": {"executed_lines": [1, 3, 4, 5, 6, 7, 8, 9, 10, 12, 13, 14, 16, 17, 18, 19, 21, 25, 26, 28, 31, 40, 55, 88, 119, 120, 122, 129, 130, 136, 186, 262, 381, 448, 519, 690, 778, 970, 1062, 1097, 1109, 1113, 1117, 1121, 1125, 1130, 1140, 1412, 1421, 1433, 1444, 1472, 1545, 1604], "summary": {"covered_lines": 51, "num_statements": 51, "percent_covered": 100.0, "percent_covered_display": "100", "missing_lines": 0, "excluded_lines": 2, "percent_statements_covered": 100.0, "percent_statements_covered_display": "100", "num_branches": 0, "num_partial_branches": 0, "covered_branches": 0, "missing_branches": 0, "percent_branches_covered": 100.0, "percent_branches_covered_display": "100"}, "missing_lines": [], "excluded_lines": [21, 22], "executed_branches": [], "missing_branches": []}}, "classes": {"ThinkerService": {"executed_lines": [123, 124, 125, 126, 127, 132, 133, 134, 142, 144, 147, 149, 150, 157, 158, 160, 163, 166, 173, 174, 176, 177, 178, 179, 180, 182, 183, 184, 200, 201, 203, 206, 208, 209, 210, 211, 218, 219, 220, 221, 226, 227, 230, 233, 234, 235, 236, 237, 240, 241, 242, 243, 244, 245, 247, 248, 249, 250, 251, 254, 255, 257, 260, 271, 274, 275, 276, 278, 279, 280, 281, 283, 284, 313, 314, 321, 323, 324, 325, 326, 327, 328, 329, 330, 331, 333, 335, 336, 337, 338, 339, 340, 341, 342, 345, 348, 349, 350, 352, 353, 354, 358, 365, 366, 367, 369, 370, 371, 372, 376, 377, 378, 379, 388, 389, 391, 392, 413, 414, 420, 422, 423, 424, 425, 426, 428, 430, 431, 432, 433, 434, 435, 436, 437, 438, 439, 443, 444, 445, 446, 459, 462, 465, 468, 474, 476, 478, 482, 484, 485, 486, 487, 488, 489, 490, 491, 493, 499, 501, 505, 507, 511, 513, 514, 515, 517, 532, 533, 536, 539, 545, 551, 553, 556, 557, 558, 563, 590, 592, 593, 594, 595, 598, 601, 604, 606, 607, 674, 676, 677, 678, 679, 680, 684, 685, 698, 699, 701, 704, 705, 708, 711, 717, 718, 719, 720, 722, 724, 725, 728, 730, 731, 732, 736, 748, 751, 754, 755, 757, 758, 760, 763, 764, 767, 776, 789, 790, 793, 797, 798, 801, 802, 804, 805, 806, 807, 808, 811, 812, 816, 818, 819, 820, 824, 837, 839, 850, 863, 865, 878, 891, 892, 895, 907, 908, 918, 919, 931, 932, 942, 944, 954, 957, 958, 961, 962, 965, 966, 968, 981, 982, 985, 988, 989, 990, 992, 994, 1000, 1002, 1005, 1006, 1007, 1012, 1039, 1040, 1047, 1048, 1049, 1051, 1052, 1053, 1054, 1055, 1056, 1057, 1058, 1059, 1060, 1099, 1100, 1101, 1102, 1103, 1104, 1111, 1115, 1119, 1123, 1127, 1128, 1136, 1137, 1138, 1414, 1415, 1416, 1417, 1418, 1419, 1426, 1427, 1428, 1429, 1430, 1431, 1435, 1436, 1437, 1438, 1439, 1440, 1441, 1442, 1456, 1457, 1459, 1462, 1464, 1469, 1470, 1484, 1485, 1488, 1489, 1490, 1491, 1493, 1497, 1498, 1525, 1526, 1533, 1534, 1535, 1537, 1538, 1539, 1540, 1541, 1542, 1543, 1561, 1562, 1565, 1566, 1567, 1570, 1571, 1574, 1577, 1580, 1581, 1584, 1588, 1593, 1594, 1597, 1598, 1600], "summary": {"covered_lines": 379, "num_statements": 541, "percent_covered": 68.25595984943538, "percent_covered_display": "68", "missing_lines": 162, "excluded_lines": 0, "percent_statements_covered": 70.0554528650647, "percent_statements_covered_display": "70", "num_branches": 256, "num_partial_branches": 23, "covered_branches": 165, "missing_branches": 91, "percent_branches_covered": 64.453125, "percent_branches_covered_display": "64"}, "missing_lines": [161, 272, 540, 541, 543, 616, 618, 619, 620, 621, 624, 627, 628, 629, 630, 631, 633, 635, 636, 638, 641, 642, 645, 646, 648, 649, 651, 654, 655, 656, 660, 661, 662, 664, 666, 672, 686, 687, 688, 712, 733, 769, 771, 772, 773, 774, 826, 852, 896, 906, 920, 930, 1078, 1080, 1082, 1084, 1085, 1095, 1155, 1156, 1157, 1159, 1160, 1162, 1164, 1165, 1168, 1170, 1171, 1176, 1181, 1182, 1183, 1184, 1185, 1186, 1187, 1190, 1193, 1194, 1195, 1196, 1197, 1198, 1200, 1201, 1205, 1206, 1210, 1219, 1226, 1227, 1230, 1234, 1235, 1238, 1239, 1244, 1248, 1251, 1252, 1253, 1256, 1258, 1264, 1269, 1270, 1271, 1273, 1275, 1278, 1281, 1283, 1284, 1287, 1290, 1298, 1299, 1302, 1305, 1306, 1315, 1316, 1318, 1320, 1322, 1323, 1325, 1327, 1332, 1333, 1335, 1336, 1338, 1339, 1340, 1342, 1343, 1344, 1345, 1353, 1360, 1361, 1363, 1364, 1365, 1374, 1375, 1382, 1383, 1385, 1386, 1387, 1395, 1396, 1398, 1401, 1402, 1410, 1465, 1585, 1589], "excluded_lines": [], "executed_branches": [[132, 133], [132, 134], [160, 163], [177, 178], [177, 182], [178, 177], [178, 179], [200, 201], [200, 203], [206, 208], [206, 260], [218, 219], [218, 230], [234, 235], [234, 240], [235, 234], [235, 236], [242, 243], [242, 254], [243, 244], [243, 250], [245, 242], [245, 247], [247, 248], [250, 251], [254, 255], [254, 257], [271, 274], [275, 276], [275, 278], [279, 280], [279, 283], [324, 325], [324, 327], [329, 330], [329, 333], [333, 335], [333, 336], [336, 337], [336, 338], [352, 353], [352, 365], [371, 372], [371, 376], [388, 389], [388, 391], [423, 424], [423, 425], [428, 430], [428, 433], [438, 439], [438, 443], [476, 478], [476, 482], [482, 484], [482, 499], [484, 485], [484, 486], [486, 487], [486, 488], [488, 489], [488, 490], [490, 491], [490, 493], [499, 501], [499, 505], [505, 507], [505, 511], [511, 513], [511, 514], [514, 515], [514, 517], [532, 533], [532, 536], [557, 558], [678, 679], [678, 684], [698, 699], [698, 701], [704, 705], [704, 708], [711, 717], [717, 718], [717, 719], [719, 720], [719, 722], [730, 731], [730, 763], [732, 736], [751, 754], [751, 757], [757, 758], [757, 760], [763, 764], [767, 776], [789, 790], [789, 793], [797, 798], [797, 801], [801, 802], [801, 811], [804, 805], [806, 807], [811, 812], [811, 816], [816, 818], [819, 820], [824, 837], [837, 839], [837, 850], [850, 863], [863, 865], [863, 878], [891, 892], [891, 895], [895, 907], [907, 908], [907, 919], [919, 931], [931, 932], [931, 944], [961, 962], [965, 966], [981, 982], [981, 985], [1006, 1007], [1006, 1012], [1052, 1053], [1052, 1054], [1099, -1097], [1099, 1100], [1100, 1101], [1100, 1104], [1136, -1130], [1136, 1137], [1414, 1415], [1414, 1419], [1417, 1414], [1417, 1418], [1426, 1427], [1426, 1431], [1429, 1426], [1429, 1430], [1436, 1437], [1439, 1440], [1439, 1441], [1456, 1457], [1456, 1459], [1464, 1469], [1484, 1485], [1484, 1488], [1538, 1539], [1538, 1540], [1561, 1562], [1561, 1565], [1566, 1567], [1566, 1570], [1580, 1581], [1580, 1584], [1584, 1588], [1588, 1593], [1593, 1594], [1593, 1597], [1597, 1598], [1597, 1600]], "missing_branches": [[160, 161], [247, 245], [250, 242], [271, 272], [557, 563], [616, 618], [616, 654], [618, 619], [618, 627], [619, 620], [619, 624], [627, 628], [627, 629], [629, 630], [629, 649], [631, 633], [631, 646], [636, 616], [636, 638], [641, 642], [641, 645], [646, 616], [646, 648], [649, 616], [649, 651], [661, 662], [661, 666], [662, 661], [662, 664], [711, 712], [732, 733], [763, 767], [767, 769], [771, 772], [771, 776], [772, 771], [772, 773], [804, 811], [806, 804], [816, 824], [819, 824], [824, 826], [850, 852], [895, 896], [919, 920], [961, 965], [965, 968], [1078, 1080], [1078, 1082], [1084, -1062], [1084, 1085], [1162, 1164], [1162, 1168], [1168, 1170], [1168, 1176], [1183, 1184], [1183, 1190], [1185, 1186], [1185, 1190], [1194, 1195], [1194, 1230], [1196, 1197], [1196, 1230], [1198, 1200], [1198, 1230], [1200, 1201], [1200, 1226], [1234, 1235], [1234, 1327], [1251, 1252], [1251, 1256], [1256, 1258], [1256, 1264], [1269, 1270], [1269, 1273], [1273, 1275], [1273, 1325], [1281, 1283], [1281, 1322], [1283, 1284], [1283, 1290], [1298, 1299], [1298, 1305], [1315, 1281], [1315, 1316], [1332, 1333], [1332, 1335], [1436, 1442], [1464, 1465], [1584, 1585], [1588, 1589]]}, "": {"executed_lines": [1, 3, 4, 5, 6, 7, 8, 9, 10, 12, 13, 14, 16, 17, 18, 19, 21, 25, 26, 28, 31, 40, 49, 50, 51, 52, 55, 69, 72, 73, 74, 78, 79, 80, 82, 83, 85, 88, 103, 104, 105, 107, 108, 110, 111, 113, 114, 116, 119, 120, 122, 129, 130, 136, 186, 262, 381, 448, 519, 690, 778, 970, 1062, 1097, 1109, 1113, 1117, 1121, 1125, 1130, 1140, 1412, 1421, 1433, 1444, 1472, 1545, 1604], "summary": {"covered_lines": 75, "num_statements": 75, "percent_covered": 100.0, "percent_covered_display": "100", "missing_lines": 0, "excluded_lines": 2, "percent_statements_covered": 100.0, "percent_statements_covered_display": "100", "num_branches": 14, "num_partial_branches": 0, "covered_branches": 14, "missing_branches": 0, "percent_branches_covered": 100.0, "percent_branches_covered_display": "100"}, "missing_lines": [], "excluded_lines": [21, 22], "executed_branches": [[49, 50], [49, 51], [73, 74], [73, 78], [79, 80], [79, 85], [82, 79], [82, 83], [107, 108], [107, 116], [110, 111], [110, 113], [113, 107], [113, 114]], "missing_branches": []}}}}, "totals": {"covered_lines": 1723, "num_statements": 2153, "percent_covered": 76.10419026047565, "percent_covered_display": "76", "missing_lines": 430, "excluded_lines": 17, "percent_statements_covered": 80.02786809103577, "percent_statements_covered_display": "80", "num_branches": 496, "num_partial_branches": 53, "covered_branches": 293, "missing_branches": 203, "percent_branches_covered": 59.07258064516129, "percent_branches_covered_display": "59"}}